[2020-12-04 16:44:42.894] [exthost] [info] extension host started
[2020-12-04 16:44:43.538] [exthost] [info] ExtensionService#_doActivateExtension vscode.microsoft-authentication {"startup":false,"extensionId":{"value":"vscode.microsoft-authentication","_lower":"vscode.microsoft-authentication"},"activationEvent":"onAuthenticationRequest:microsoft"}
[2020-12-04 16:44:43.539] [exthost] [info] ExtensionService#loadCommonJSModule file:///home/code/Downloads/VSCode-linux-x64/resources/app/extensions/microsoft-authentication/dist/extension.js
[2020-12-04 16:44:43.646] [exthost] [info] ExtensionService#_doActivateExtension aaron-bond.better-comments {"startup":false,"extensionId":{"value":"aaron-bond.better-comments","_lower":"aaron-bond.better-comments"},"activationEvent":"onLanguage:plaintext"}
[2020-12-04 16:44:43.647] [exthost] [info] ExtensionService#loadCommonJSModule file:///home/code/.vscode/extensions/aaron-bond.better-comments-2.1.0/out/extension
[2020-12-04 16:44:43.742] [exthost] [info] ExtensionService#_doActivateExtension ms-vscode.cpptools {"startup":false,"extensionId":{"value":"ms-vscode.cpptools","_lower":"ms-vscode.cpptools"},"activationEvent":"onLanguage:c"}
[2020-12-04 16:44:43.758] [exthost] [info] ExtensionService#loadCommonJSModule file:///home/code/.vscode/extensions/ms-vscode.cpptools-1.1.2/dist/main
[2020-12-04 16:44:44.346] [exthost] [info] ExtensionService#_doActivateExtension vscode.debug-auto-launch {"startup":true,"extensionId":{"value":"vscode.debug-auto-launch","_lower":"vscode.debug-auto-launch"},"activationEvent":"*"}
[2020-12-04 16:44:44.346] [exthost] [info] ExtensionService#loadCommonJSModule file:///home/code/Downloads/VSCode-linux-x64/resources/app/extensions/debug-auto-launch/dist/extension
[2020-12-04 16:44:44.431] [exthost] [info] ExtensionService#_doActivateExtension vscode.emmet {"startup":true,"extensionId":{"value":"vscode.emmet","_lower":"vscode.emmet"},"activationEvent":"*"}
[2020-12-04 16:44:44.433] [exthost] [info] ExtensionService#loadCommonJSModule file:///home/code/Downloads/VSCode-linux-x64/resources/app/extensions/emmet/dist/node/emmetNodeMain
[2020-12-04 16:44:44.711] [exthost] [info] ExtensionService#_doActivateExtension vscode.git {"startup":true,"extensionId":{"value":"vscode.github","_lower":"vscode.github"},"activationEvent":"*"}
[2020-12-04 16:44:44.711] [exthost] [info] ExtensionService#loadCommonJSModule file:///home/code/Downloads/VSCode-linux-x64/resources/app/extensions/git/dist/main
[2020-12-04 16:44:44.952] [exthost] [info] ExtensionService#_doActivateExtension vscode.merge-conflict {"startup":true,"extensionId":{"value":"vscode.merge-conflict","_lower":"vscode.merge-conflict"},"activationEvent":"*"}
[2020-12-04 16:44:44.953] [exthost] [info] ExtensionService#loadCommonJSModule file:///home/code/Downloads/VSCode-linux-x64/resources/app/extensions/merge-conflict/dist/mergeConflictMain
[2020-12-04 16:44:44.992] [exthost] [info] ExtensionService#_doActivateExtension vscode.search-result {"startup":true,"extensionId":{"value":"vscode.search-result","_lower":"vscode.search-result"},"activationEvent":"*"}
[2020-12-04 16:44:44.993] [exthost] [info] ExtensionService#loadCommonJSModule file:///home/code/Downloads/VSCode-linux-x64/resources/app/extensions/search-result/dist/extension.js
[2020-12-04 16:44:45.033] [exthost] [info] ExtensionService#_doActivateExtension CoenraadS.bracket-pair-colorizer-2 {"startup":true,"extensionId":{"value":"CoenraadS.bracket-pair-colorizer-2","_lower":"coenraads.bracket-pair-colorizer-2"},"activationEvent":"*"}
[2020-12-04 16:44:45.034] [exthost] [info] ExtensionService#loadCommonJSModule file:///home/code/.vscode/extensions/coenraads.bracket-pair-colorizer-2-0.2.0/out/src/extension
[2020-12-04 16:44:45.367] [exthost] [info] ExtensionService#_doActivateExtension Equinusocio.vsc-material-theme {"startup":true,"extensionId":{"value":"Equinusocio.vsc-material-theme","_lower":"equinusocio.vsc-material-theme"},"activationEvent":"*"}
[2020-12-04 16:44:45.367] [exthost] [info] ExtensionService#loadCommonJSModule file:///home/code/.vscode/extensions/equinusocio.vsc-material-theme-33.0.0/build/material.theme.config
[2020-12-04 16:44:45.681] [exthost] [info] ExtensionService#_doActivateExtension equinusocio.vsc-material-theme-icons {"startup":true,"extensionId":{"value":"equinusocio.vsc-material-theme-icons","_lower":"equinusocio.vsc-material-theme-icons"},"activationEvent":"*"}
[2020-12-04 16:44:45.681] [exthost] [info] ExtensionService#loadCommonJSModule file:///home/code/.vscode/extensions/equinusocio.vsc-material-theme-icons-1.2.0/out/src/extension
[2020-12-04 16:44:45.801] [exthost] [info] ExtensionService#_doActivateExtension oderwat.indent-rainbow {"startup":true,"extensionId":{"value":"oderwat.indent-rainbow","_lower":"oderwat.indent-rainbow"},"activationEvent":"*"}
[2020-12-04 16:44:45.802] [exthost] [info] ExtensionService#loadCommonJSModule file:///home/code/.vscode/extensions/oderwat.indent-rainbow-7.4.0/out/extension
[2020-12-04 16:44:45.821] [exthost] [info] ExtensionService#_doActivateExtension RobbOwen.synthwave-vscode {"startup":true,"extensionId":{"value":"RobbOwen.synthwave-vscode","_lower":"robbowen.synthwave-vscode"},"activationEvent":"*"}
[2020-12-04 16:44:45.821] [exthost] [info] ExtensionService#loadCommonJSModule file:///home/code/.vscode/extensions/robbowen.synthwave-vscode-0.1.8/src/extension.js
[2020-12-04 16:44:45.923] [exthost] [info] ExtensionService#_doActivateExtension sainnhe.gruvbox-material {"startup":true,"extensionId":{"value":"sainnhe.gruvbox-material","_lower":"sainnhe.gruvbox-material"},"activationEvent":"*"}
[2020-12-04 16:44:45.923] [exthost] [info] ExtensionService#loadCommonJSModule file:///home/code/.vscode/extensions/sainnhe.gruvbox-material-6.3.4/out/extension.js
[2020-12-04 16:44:46.508] [exthost] [info] ExtensionService#_doActivateExtension zhuangtongfa.material-theme {"startup":true,"extensionId":{"value":"zhuangtongfa.material-theme","_lower":"zhuangtongfa.material-theme"},"activationEvent":"*"}
[2020-12-04 16:44:46.508] [exthost] [info] ExtensionService#loadCommonJSModule file:///home/code/.vscode/extensions/zhuangtongfa.material-theme-3.9.11/out/extension.js
[2020-12-04 16:44:53.028] [exthost] [info] ExtensionService#_doActivateExtension ms-vscode.js-debug {"startup":false,"extensionId":{"value":"ms-vscode.js-debug","_lower":"ms-vscode.js-debug"},"activationEvent":"onCommand:extension.js-debug.clearAutoAttachVariables"}
[2020-12-04 16:44:53.032] [exthost] [info] ExtensionService#loadCommonJSModule file:///home/code/Downloads/VSCode-linux-x64/resources/app/extensions/ms-vscode.js-debug/src/extension.js
[2020-12-04 16:44:54.467] [exthost] [info] ExtensionService#_doActivateExtension vscode.github {"startup":false,"extensionId":{"value":"vscode.github","_lower":"vscode.github"},"activationEvent":"*"}
[2020-12-04 16:44:54.467] [exthost] [info] ExtensionService#loadCommonJSModule file:///home/code/Downloads/VSCode-linux-x64/resources/app/extensions/github/dist/extension.js
[2020-12-04 16:44:54.537] [exthost] [info] ExtensionService#_doActivateExtension vscode.configuration-editing {"startup":false,"extensionId":{"value":"vscode.configuration-editing","_lower":"vscode.configuration-editing"},"activationEvent":"onLanguage:json"}
[2020-12-04 16:44:54.556] [exthost] [info] ExtensionService#loadCommonJSModule file:///home/code/Downloads/VSCode-linux-x64/resources/app/extensions/configuration-editing/dist/configurationEditingMain
[2020-12-04 16:44:54.657] [exthost] [info] ExtensionService#_doActivateExtension vscode.extension-editing {"startup":false,"extensionId":{"value":"vscode.extension-editing","_lower":"vscode.extension-editing"},"activationEvent":"onLanguage:json"}
[2020-12-04 16:44:54.667] [exthost] [info] ExtensionService#loadCommonJSModule file:///home/code/Downloads/VSCode-linux-x64/resources/app/extensions/extension-editing/dist/extensionEditingMain
[2020-12-04 16:44:54.838] [exthost] [info] ExtensionService#_doActivateExtension vscode.json-language-features {"startup":false,"extensionId":{"value":"vscode.json-language-features","_lower":"vscode.json-language-features"},"activationEvent":"onLanguage:json"}
[2020-12-04 16:44:54.839] [exthost] [info] ExtensionService#loadCommonJSModule file:///home/code/Downloads/VSCode-linux-x64/resources/app/extensions/json-language-features/client/dist/node/jsonClientMain
[2020-12-04 16:44:55.612] [exthost] [info] ExtensionService#_doActivateExtension vscode.npm {"startup":false,"extensionId":{"value":"vscode.npm","_lower":"vscode.npm"},"activationEvent":"onLanguage:json"}
[2020-12-04 16:44:55.612] [exthost] [info] ExtensionService#loadCommonJSModule file:///home/code/Downloads/VSCode-linux-x64/resources/app/extensions/npm/dist/npmMain
[2020-12-04 16:44:56.571] [exthost] [info] ExtensionService#_doActivateExtension vscode.typescript-language-features {"startup":false,"extensionId":{"value":"vscode.typescript-language-features","_lower":"vscode.typescript-language-features"},"activationEvent":"onLanguage:jsonc"}
[2020-12-04 16:44:56.571] [exthost] [info] ExtensionService#loadCommonJSModule file:///home/code/Downloads/VSCode-linux-x64/resources/app/extensions/typescript-language-features/dist/extension
[2020-12-04 16:45:06.351] [exthost] [info] ExtensionService#_doActivateExtension alefragnani.Bookmarks {"startup":false,"extensionId":{"value":"alefragnani.Bookmarks","_lower":"alefragnani.bookmarks"},"activationEvent":"onStartupFinished"}
[2020-12-04 16:45:06.359] [exthost] [info] ExtensionService#loadCommonJSModule file:///home/code/.vscode/extensions/alefragnani.bookmarks-12.0.0/dist/extension
[2020-12-04 16:45:07.065] [exthost] [info] eager extensions activated
[2020-12-04 16:45:09.792] [exthost] [info] ExtensionService#_doActivateExtension vscode.github-authentication {"startup":false,"extensionId":{"value":"vscode.github-authentication","_lower":"vscode.github-authentication"},"activationEvent":"onAuthenticationRequest:github"}
[2020-12-04 16:45:09.792] [exthost] [info] ExtensionService#loadCommonJSModule file:///home/code/Downloads/VSCode-linux-x64/resources/app/extensions/github-authentication/dist/extension.js
[2020-12-04 16:45:37.284] [exthost] [info] ExtensionService#_doActivateExtension vscode.markdown-language-features {"startup":false,"extensionId":{"value":"vscode.markdown-language-features","_lower":"vscode.markdown-language-features"},"activationEvent":"onLanguage:markdown"}
[2020-12-04 16:45:37.284] [exthost] [info] ExtensionService#loadCommonJSModule file:///home/code/Downloads/VSCode-linux-x64/resources/app/extensions/markdown-language-features/dist/extension
[2020-12-04 16:48:04.410] [exthost] [info] ExtensionService#_doActivateExtension Hyeon.c-math-viewer {"startup":false,"extensionId":{"value":"Hyeon.c-math-viewer","_lower":"hyeon.c-math-viewer"},"activationEvent":"onLanguage:c"}
[2020-12-04 16:48:04.411] [exthost] [info] ExtensionService#loadCommonJSModule file:///home/code/.vscode/extensions/hyeon.c-math-viewer-1.0.4/out/extension.js
[2020-12-04 16:48:19.741] [exthost] [info] ExtensionService#_doActivateExtension koehlma.markdown-math {"startup":false,"extensionId":{"value":"vscode.markdown-language-features","_lower":"vscode.markdown-language-features"},"activationEvent":"api"}
[2020-12-04 16:48:19.742] [exthost] [info] ExtensionService#loadCommonJSModule file:///home/code/.vscode/extensions/koehlma.markdown-math-0.1.0/out/src/extension
[2020-12-04 16:48:23.587] [exthost] [error] [Hyeon.c-math-viewer] provider FAILED
[2020-12-04 16:48:23.641] [exthost] [error] Error: Illegal argument, contents must be defined
	at new V (/home/code/Downloads/VSCode-linux-x64/resources/app/out/vs/workbench/services/extensions/node/extensionHostProcess.js:523:487)
	at new V (/home/code/Downloads/VSCode-linux-x64/resources/app/out/vs/workbench/services/extensions/node/extensionHostProcess.js:511:436)
	at Object.provideHover (/home/code/.vscode/extensions/hyeon.c-math-viewer-1.0.4/out/extension.js:19:24)
	at /home/code/Downloads/VSCode-linux-x64/resources/app/out/vs/workbench/services/extensions/node/extensionHostProcess.js:739:312
	at /home/code/Downloads/VSCode-linux-x64/resources/app/out/vs/workbench/services/extensions/node/extensionHostProcess.js:52:208
	at new Promise (<anonymous>)
	at Object.t.asPromise (/home/code/Downloads/VSCode-linux-x64/resources/app/out/vs/workbench/services/extensions/node/extensionHostProcess.js:52:180)
	at k.provideHover (/home/code/Downloads/VSCode-linux-x64/resources/app/out/vs/workbench/services/extensions/node/extensionHostProcess.js:739:283)
	at /home/code/Downloads/VSCode-linux-x64/resources/app/out/vs/workbench/services/extensions/node/extensionHostProcess.js:760:893
	at G._withAdapter (/home/code/Downloads/VSCode-linux-x64/resources/app/out/vs/workbench/services/extensions/node/extensionHostProcess.js:757:832)
	at G.$provideHover (/home/code/Downloads/VSCode-linux-x64/resources/app/out/vs/workbench/services/extensions/node/extensionHostProcess.js:760:871)
	at g._doInvokeHandler (/home/code/Downloads/VSCode-linux-x64/resources/app/out/vs/workbench/services/extensions/node/extensionHostProcess.js:876:926)
	at g._invokeHandler (/home/code/Downloads/VSCode-linux-x64/resources/app/out/vs/workbench/services/extensions/node/extensionHostProcess.js:876:618)
	at g._receiveRequest (/home/code/Downloads/VSCode-linux-x64/resources/app/out/vs/workbench/services/extensions/node/extensionHostProcess.js:875:201)
	at g._receiveOneMessage (/home/code/Downloads/VSCode-linux-x64/resources/app/out/vs/workbench/services/extensions/node/extensionHostProcess.js:874:6)
	at /home/code/Downloads/VSCode-linux-x64/resources/app/out/vs/workbench/services/extensions/node/extensionHostProcess.js:872:136
	at l.fire (/home/code/Downloads/VSCode-linux-x64/resources/app/out/vs/workbench/services/extensions/node/extensionHostProcess.js:46:67)
	at v.fire (/home/code/Downloads/VSCode-linux-x64/resources/app/out/vs/workbench/services/extensions/node/extensionHostProcess.js:256:601)
	at /home/code/Downloads/VSCode-linux-x64/resources/app/out/vs/workbench/services/extensions/node/extensionHostProcess.js:1066:179
	at l.fire (/home/code/Downloads/VSCode-linux-x64/resources/app/out/vs/workbench/services/extensions/node/extensionHostProcess.js:46:67)
	at v.fire (/home/code/Downloads/VSCode-linux-x64/resources/app/out/vs/workbench/services/extensions/node/extensionHostProcess.js:256:601)
	at t.PersistentProtocol._receiveMessage (/home/code/Downloads/VSCode-linux-x64/resources/app/out/vs/workbench/services/extensions/node/extensionHostProcess.js:261:629)
	at /home/code/Downloads/VSCode-linux-x64/resources/app/out/vs/workbench/services/extensions/node/extensionHostProcess.js:258:708
	at l.fire (/home/code/Downloads/VSCode-linux-x64/resources/app/out/vs/workbench/services/extensions/node/extensionHostProcess.js:46:67)
	at p.acceptChunk (/home/code/Downloads/VSCode-linux-x64/resources/app/out/vs/workbench/services/extensions/node/extensionHostProcess.js:253:989)
	at /home/code/Downloads/VSCode-linux-x64/resources/app/out/vs/workbench/services/extensions/node/extensionHostProcess.js:253:341
	at Socket.t (/home/code/Downloads/VSCode-linux-x64/resources/app/out/vs/workbench/services/extensions/node/extensionHostProcess.js:263:276)
	at Socket.emit (events.js:223:5)
	at addChunk (_stream_readable.js:309:12)
	at readableAddChunk (_stream_readable.js:290:11)
	at Socket.Readable.push (_stream_readable.js:224:10)
	at Pipe.onStreamRead (internal/stream_base_commons.js:181:23)
[2020-12-04 16:48:33.778] [exthost] [error] [ms-vscode.cpptools] provider FAILED
[2020-12-04 16:48:33.779] [exthost] [error] undefined
[2020-12-04 16:48:39.825] [exthost] [error] [Hyeon.c-math-viewer] provider FAILED
[2020-12-04 16:48:39.827] [exthost] [error] Error: Illegal argument, contents must be defined
	at new V (/home/code/Downloads/VSCode-linux-x64/resources/app/out/vs/workbench/services/extensions/node/extensionHostProcess.js:523:487)
	at new V (/home/code/Downloads/VSCode-linux-x64/resources/app/out/vs/workbench/services/extensions/node/extensionHostProcess.js:511:436)
	at Object.provideHover (/home/code/.vscode/extensions/hyeon.c-math-viewer-1.0.4/out/extension.js:19:24)
	at /home/code/Downloads/VSCode-linux-x64/resources/app/out/vs/workbench/services/extensions/node/extensionHostProcess.js:739:312
	at /home/code/Downloads/VSCode-linux-x64/resources/app/out/vs/workbench/services/extensions/node/extensionHostProcess.js:52:208
	at new Promise (<anonymous>)
	at Object.t.asPromise (/home/code/Downloads/VSCode-linux-x64/resources/app/out/vs/workbench/services/extensions/node/extensionHostProcess.js:52:180)
	at k.provideHover (/home/code/Downloads/VSCode-linux-x64/resources/app/out/vs/workbench/services/extensions/node/extensionHostProcess.js:739:283)
	at /home/code/Downloads/VSCode-linux-x64/resources/app/out/vs/workbench/services/extensions/node/extensionHostProcess.js:760:893
	at G._withAdapter (/home/code/Downloads/VSCode-linux-x64/resources/app/out/vs/workbench/services/extensions/node/extensionHostProcess.js:757:832)
	at G.$provideHover (/home/code/Downloads/VSCode-linux-x64/resources/app/out/vs/workbench/services/extensions/node/extensionHostProcess.js:760:871)
	at g._doInvokeHandler (/home/code/Downloads/VSCode-linux-x64/resources/app/out/vs/workbench/services/extensions/node/extensionHostProcess.js:876:926)
	at g._invokeHandler (/home/code/Downloads/VSCode-linux-x64/resources/app/out/vs/workbench/services/extensions/node/extensionHostProcess.js:876:618)
	at g._receiveRequest (/home/code/Downloads/VSCode-linux-x64/resources/app/out/vs/workbench/services/extensions/node/extensionHostProcess.js:875:201)
	at g._receiveOneMessage (/home/code/Downloads/VSCode-linux-x64/resources/app/out/vs/workbench/services/extensions/node/extensionHostProcess.js:874:6)
	at /home/code/Downloads/VSCode-linux-x64/resources/app/out/vs/workbench/services/extensions/node/extensionHostProcess.js:872:136
	at l.fire (/home/code/Downloads/VSCode-linux-x64/resources/app/out/vs/workbench/services/extensions/node/extensionHostProcess.js:46:67)
	at v.fire (/home/code/Downloads/VSCode-linux-x64/resources/app/out/vs/workbench/services/extensions/node/extensionHostProcess.js:256:601)
	at /home/code/Downloads/VSCode-linux-x64/resources/app/out/vs/workbench/services/extensions/node/extensionHostProcess.js:1066:179
	at l.fire (/home/code/Downloads/VSCode-linux-x64/resources/app/out/vs/workbench/services/extensions/node/extensionHostProcess.js:46:67)
	at v.fire (/home/code/Downloads/VSCode-linux-x64/resources/app/out/vs/workbench/services/extensions/node/extensionHostProcess.js:256:601)
	at t.PersistentProtocol._receiveMessage (/home/code/Downloads/VSCode-linux-x64/resources/app/out/vs/workbench/services/extensions/node/extensionHostProcess.js:261:629)
	at /home/code/Downloads/VSCode-linux-x64/resources/app/out/vs/workbench/services/extensions/node/extensionHostProcess.js:258:708
	at l.fire (/home/code/Downloads/VSCode-linux-x64/resources/app/out/vs/workbench/services/extensions/node/extensionHostProcess.js:46:67)
	at p.acceptChunk (/home/code/Downloads/VSCode-linux-x64/resources/app/out/vs/workbench/services/extensions/node/extensionHostProcess.js:253:989)
	at /home/code/Downloads/VSCode-linux-x64/resources/app/out/vs/workbench/services/extensions/node/extensionHostProcess.js:253:341
	at Socket.t (/home/code/Downloads/VSCode-linux-x64/resources/app/out/vs/workbench/services/extensions/node/extensionHostProcess.js:263:276)
	at Socket.emit (events.js:223:5)
	at addChunk (_stream_readable.js:309:12)
	at readableAddChunk (_stream_readable.js:290:11)
	at Socket.Readable.push (_stream_readable.js:224:10)
	at Pipe.onStreamRead (internal/stream_base_commons.js:181:23)
[2020-12-04 16:48:50.228] [exthost] [error] [Hyeon.c-math-viewer] provider FAILED
[2020-12-04 16:48:50.230] [exthost] [error] Error: Illegal argument, contents must be defined
	at new V (/home/code/Downloads/VSCode-linux-x64/resources/app/out/vs/workbench/services/extensions/node/extensionHostProcess.js:523:487)
	at new V (/home/code/Downloads/VSCode-linux-x64/resources/app/out/vs/workbench/services/extensions/node/extensionHostProcess.js:511:436)
	at Object.provideHover (/home/code/.vscode/extensions/hyeon.c-math-viewer-1.0.4/out/extension.js:19:24)
	at /home/code/Downloads/VSCode-linux-x64/resources/app/out/vs/workbench/services/extensions/node/extensionHostProcess.js:739:312
	at /home/code/Downloads/VSCode-linux-x64/resources/app/out/vs/workbench/services/extensions/node/extensionHostProcess.js:52:208
	at new Promise (<anonymous>)
	at Object.t.asPromise (/home/code/Downloads/VSCode-linux-x64/resources/app/out/vs/workbench/services/extensions/node/extensionHostProcess.js:52:180)
	at k.provideHover (/home/code/Downloads/VSCode-linux-x64/resources/app/out/vs/workbench/services/extensions/node/extensionHostProcess.js:739:283)
	at /home/code/Downloads/VSCode-linux-x64/resources/app/out/vs/workbench/services/extensions/node/extensionHostProcess.js:760:893
	at G._withAdapter (/home/code/Downloads/VSCode-linux-x64/resources/app/out/vs/workbench/services/extensions/node/extensionHostProcess.js:757:832)
	at G.$provideHover (/home/code/Downloads/VSCode-linux-x64/resources/app/out/vs/workbench/services/extensions/node/extensionHostProcess.js:760:871)
	at g._doInvokeHandler (/home/code/Downloads/VSCode-linux-x64/resources/app/out/vs/workbench/services/extensions/node/extensionHostProcess.js:876:926)
	at g._invokeHandler (/home/code/Downloads/VSCode-linux-x64/resources/app/out/vs/workbench/services/extensions/node/extensionHostProcess.js:876:618)
	at g._receiveRequest (/home/code/Downloads/VSCode-linux-x64/resources/app/out/vs/workbench/services/extensions/node/extensionHostProcess.js:875:201)
	at g._receiveOneMessage (/home/code/Downloads/VSCode-linux-x64/resources/app/out/vs/workbench/services/extensions/node/extensionHostProcess.js:874:6)
	at /home/code/Downloads/VSCode-linux-x64/resources/app/out/vs/workbench/services/extensions/node/extensionHostProcess.js:872:136
	at l.fire (/home/code/Downloads/VSCode-linux-x64/resources/app/out/vs/workbench/services/extensions/node/extensionHostProcess.js:46:67)
	at v.fire (/home/code/Downloads/VSCode-linux-x64/resources/app/out/vs/workbench/services/extensions/node/extensionHostProcess.js:256:601)
	at /home/code/Downloads/VSCode-linux-x64/resources/app/out/vs/workbench/services/extensions/node/extensionHostProcess.js:1066:179
	at l.fire (/home/code/Downloads/VSCode-linux-x64/resources/app/out/vs/workbench/services/extensions/node/extensionHostProcess.js:46:67)
	at v.fire (/home/code/Downloads/VSCode-linux-x64/resources/app/out/vs/workbench/services/extensions/node/extensionHostProcess.js:256:601)
	at t.PersistentProtocol._receiveMessage (/home/code/Downloads/VSCode-linux-x64/resources/app/out/vs/workbench/services/extensions/node/extensionHostProcess.js:261:629)
	at /home/code/Downloads/VSCode-linux-x64/resources/app/out/vs/workbench/services/extensions/node/extensionHostProcess.js:258:708
	at l.fire (/home/code/Downloads/VSCode-linux-x64/resources/app/out/vs/workbench/services/extensions/node/extensionHostProcess.js:46:67)
	at p.acceptChunk (/home/code/Downloads/VSCode-linux-x64/resources/app/out/vs/workbench/services/extensions/node/extensionHostProcess.js:253:989)
	at /home/code/Downloads/VSCode-linux-x64/resources/app/out/vs/workbench/services/extensions/node/extensionHostProcess.js:253:341
	at Socket.t (/home/code/Downloads/VSCode-linux-x64/resources/app/out/vs/workbench/services/extensions/node/extensionHostProcess.js:263:276)
	at Socket.emit (events.js:223:5)
	at addChunk (_stream_readable.js:309:12)
	at readableAddChunk (_stream_readable.js:290:11)
	at Socket.Readable.push (_stream_readable.js:224:10)
	at Pipe.onStreamRead (internal/stream_base_commons.js:181:23)
[2020-12-04 16:48:51.159] [exthost] [error] [ms-vscode.cpptools] provider FAILED
[2020-12-04 16:48:51.159] [exthost] [error] undefined
[2020-12-04 16:48:51.872] [exthost] [error] [Hyeon.c-math-viewer] provider FAILED
[2020-12-04 16:48:51.874] [exthost] [error] Error: Illegal argument, contents must be defined
	at new V (/home/code/Downloads/VSCode-linux-x64/resources/app/out/vs/workbench/services/extensions/node/extensionHostProcess.js:523:487)
	at new V (/home/code/Downloads/VSCode-linux-x64/resources/app/out/vs/workbench/services/extensions/node/extensionHostProcess.js:511:436)
	at Object.provideHover (/home/code/.vscode/extensions/hyeon.c-math-viewer-1.0.4/out/extension.js:19:24)
	at /home/code/Downloads/VSCode-linux-x64/resources/app/out/vs/workbench/services/extensions/node/extensionHostProcess.js:739:312
	at /home/code/Downloads/VSCode-linux-x64/resources/app/out/vs/workbench/services/extensions/node/extensionHostProcess.js:52:208
	at new Promise (<anonymous>)
	at Object.t.asPromise (/home/code/Downloads/VSCode-linux-x64/resources/app/out/vs/workbench/services/extensions/node/extensionHostProcess.js:52:180)
	at k.provideHover (/home/code/Downloads/VSCode-linux-x64/resources/app/out/vs/workbench/services/extensions/node/extensionHostProcess.js:739:283)
	at /home/code/Downloads/VSCode-linux-x64/resources/app/out/vs/workbench/services/extensions/node/extensionHostProcess.js:760:893
	at G._withAdapter (/home/code/Downloads/VSCode-linux-x64/resources/app/out/vs/workbench/services/extensions/node/extensionHostProcess.js:757:832)
	at G.$provideHover (/home/code/Downloads/VSCode-linux-x64/resources/app/out/vs/workbench/services/extensions/node/extensionHostProcess.js:760:871)
	at g._doInvokeHandler (/home/code/Downloads/VSCode-linux-x64/resources/app/out/vs/workbench/services/extensions/node/extensionHostProcess.js:876:926)
	at g._invokeHandler (/home/code/Downloads/VSCode-linux-x64/resources/app/out/vs/workbench/services/extensions/node/extensionHostProcess.js:876:618)
	at g._receiveRequest (/home/code/Downloads/VSCode-linux-x64/resources/app/out/vs/workbench/services/extensions/node/extensionHostProcess.js:875:201)
	at g._receiveOneMessage (/home/code/Downloads/VSCode-linux-x64/resources/app/out/vs/workbench/services/extensions/node/extensionHostProcess.js:874:6)
	at /home/code/Downloads/VSCode-linux-x64/resources/app/out/vs/workbench/services/extensions/node/extensionHostProcess.js:872:136
	at l.fire (/home/code/Downloads/VSCode-linux-x64/resources/app/out/vs/workbench/services/extensions/node/extensionHostProcess.js:46:67)
	at v.fire (/home/code/Downloads/VSCode-linux-x64/resources/app/out/vs/workbench/services/extensions/node/extensionHostProcess.js:256:601)
	at /home/code/Downloads/VSCode-linux-x64/resources/app/out/vs/workbench/services/extensions/node/extensionHostProcess.js:1066:179
	at l.fire (/home/code/Downloads/VSCode-linux-x64/resources/app/out/vs/workbench/services/extensions/node/extensionHostProcess.js:46:67)
	at v.fire (/home/code/Downloads/VSCode-linux-x64/resources/app/out/vs/workbench/services/extensions/node/extensionHostProcess.js:256:601)
	at t.PersistentProtocol._receiveMessage (/home/code/Downloads/VSCode-linux-x64/resources/app/out/vs/workbench/services/extensions/node/extensionHostProcess.js:261:629)
	at /home/code/Downloads/VSCode-linux-x64/resources/app/out/vs/workbench/services/extensions/node/extensionHostProcess.js:258:708
	at l.fire (/home/code/Downloads/VSCode-linux-x64/resources/app/out/vs/workbench/services/extensions/node/extensionHostProcess.js:46:67)
	at p.acceptChunk (/home/code/Downloads/VSCode-linux-x64/resources/app/out/vs/workbench/services/extensions/node/extensionHostProcess.js:253:989)
	at /home/code/Downloads/VSCode-linux-x64/resources/app/out/vs/workbench/services/extensions/node/extensionHostProcess.js:253:341
	at Socket.t (/home/code/Downloads/VSCode-linux-x64/resources/app/out/vs/workbench/services/extensions/node/extensionHostProcess.js:263:276)
	at Socket.emit (events.js:223:5)
	at addChunk (_stream_readable.js:309:12)
	at readableAddChunk (_stream_readable.js:290:11)
	at Socket.Readable.push (_stream_readable.js:224:10)
	at Pipe.onStreamRead (internal/stream_base_commons.js:181:23)
[2020-12-04 16:48:54.595] [exthost] [error] [Hyeon.c-math-viewer] provider FAILED
[2020-12-04 16:48:54.597] [exthost] [error] Error: Illegal argument, contents must be defined
	at new V (/home/code/Downloads/VSCode-linux-x64/resources/app/out/vs/workbench/services/extensions/node/extensionHostProcess.js:523:487)
	at new V (/home/code/Downloads/VSCode-linux-x64/resources/app/out/vs/workbench/services/extensions/node/extensionHostProcess.js:511:436)
	at Object.provideHover (/home/code/.vscode/extensions/hyeon.c-math-viewer-1.0.4/out/extension.js:19:24)
	at /home/code/Downloads/VSCode-linux-x64/resources/app/out/vs/workbench/services/extensions/node/extensionHostProcess.js:739:312
	at /home/code/Downloads/VSCode-linux-x64/resources/app/out/vs/workbench/services/extensions/node/extensionHostProcess.js:52:208
	at new Promise (<anonymous>)
	at Object.t.asPromise (/home/code/Downloads/VSCode-linux-x64/resources/app/out/vs/workbench/services/extensions/node/extensionHostProcess.js:52:180)
	at k.provideHover (/home/code/Downloads/VSCode-linux-x64/resources/app/out/vs/workbench/services/extensions/node/extensionHostProcess.js:739:283)
	at /home/code/Downloads/VSCode-linux-x64/resources/app/out/vs/workbench/services/extensions/node/extensionHostProcess.js:760:893
	at G._withAdapter (/home/code/Downloads/VSCode-linux-x64/resources/app/out/vs/workbench/services/extensions/node/extensionHostProcess.js:757:832)
	at G.$provideHover (/home/code/Downloads/VSCode-linux-x64/resources/app/out/vs/workbench/services/extensions/node/extensionHostProcess.js:760:871)
	at g._doInvokeHandler (/home/code/Downloads/VSCode-linux-x64/resources/app/out/vs/workbench/services/extensions/node/extensionHostProcess.js:876:926)
	at g._invokeHandler (/home/code/Downloads/VSCode-linux-x64/resources/app/out/vs/workbench/services/extensions/node/extensionHostProcess.js:876:618)
	at g._receiveRequest (/home/code/Downloads/VSCode-linux-x64/resources/app/out/vs/workbench/services/extensions/node/extensionHostProcess.js:875:201)
	at g._receiveOneMessage (/home/code/Downloads/VSCode-linux-x64/resources/app/out/vs/workbench/services/extensions/node/extensionHostProcess.js:874:6)
	at /home/code/Downloads/VSCode-linux-x64/resources/app/out/vs/workbench/services/extensions/node/extensionHostProcess.js:872:136
	at l.fire (/home/code/Downloads/VSCode-linux-x64/resources/app/out/vs/workbench/services/extensions/node/extensionHostProcess.js:46:67)
	at v.fire (/home/code/Downloads/VSCode-linux-x64/resources/app/out/vs/workbench/services/extensions/node/extensionHostProcess.js:256:601)
	at /home/code/Downloads/VSCode-linux-x64/resources/app/out/vs/workbench/services/extensions/node/extensionHostProcess.js:1066:179
	at l.fire (/home/code/Downloads/VSCode-linux-x64/resources/app/out/vs/workbench/services/extensions/node/extensionHostProcess.js:46:67)
	at v.fire (/home/code/Downloads/VSCode-linux-x64/resources/app/out/vs/workbench/services/extensions/node/extensionHostProcess.js:256:601)
	at t.PersistentProtocol._receiveMessage (/home/code/Downloads/VSCode-linux-x64/resources/app/out/vs/workbench/services/extensions/node/extensionHostProcess.js:261:629)
	at /home/code/Downloads/VSCode-linux-x64/resources/app/out/vs/workbench/services/extensions/node/extensionHostProcess.js:258:708
	at l.fire (/home/code/Downloads/VSCode-linux-x64/resources/app/out/vs/workbench/services/extensions/node/extensionHostProcess.js:46:67)
	at p.acceptChunk (/home/code/Downloads/VSCode-linux-x64/resources/app/out/vs/workbench/services/extensions/node/extensionHostProcess.js:253:989)
	at /home/code/Downloads/VSCode-linux-x64/resources/app/out/vs/workbench/services/extensions/node/extensionHostProcess.js:253:341
	at Socket.t (/home/code/Downloads/VSCode-linux-x64/resources/app/out/vs/workbench/services/extensions/node/extensionHostProcess.js:263:276)
	at Socket.emit (events.js:223:5)
	at addChunk (_stream_readable.js:309:12)
	at readableAddChunk (_stream_readable.js:290:11)
	at Socket.Readable.push (_stream_readable.js:224:10)
	at Pipe.onStreamRead (internal/stream_base_commons.js:181:23)
[2020-12-04 16:48:58.757] [exthost] [error] [ms-vscode.cpptools] provider FAILED
[2020-12-04 16:48:58.757] [exthost] [error] undefined
[2020-12-04 16:49:03.681] [exthost] [error] [ms-vscode.cpptools] provider FAILED
[2020-12-04 16:49:03.681] [exthost] [error] undefined
[2020-12-04 16:49:11.861] [exthost] [error] [ms-vscode.cpptools] provider FAILED
[2020-12-04 16:49:11.861] [exthost] [error] undefined
[2020-12-04 16:49:28.912] [exthost] [error] [Hyeon.c-math-viewer] provider FAILED
[2020-12-04 16:49:28.917] [exthost] [error] Error: Illegal argument, contents must be defined
	at new V (/home/code/Downloads/VSCode-linux-x64/resources/app/out/vs/workbench/services/extensions/node/extensionHostProcess.js:523:487)
	at new V (/home/code/Downloads/VSCode-linux-x64/resources/app/out/vs/workbench/services/extensions/node/extensionHostProcess.js:511:436)
	at Object.provideHover (/home/code/.vscode/extensions/hyeon.c-math-viewer-1.0.4/out/extension.js:24:28)
	at /home/code/Downloads/VSCode-linux-x64/resources/app/out/vs/workbench/services/extensions/node/extensionHostProcess.js:739:312
	at /home/code/Downloads/VSCode-linux-x64/resources/app/out/vs/workbench/services/extensions/node/extensionHostProcess.js:52:208
	at new Promise (<anonymous>)
	at Object.t.asPromise (/home/code/Downloads/VSCode-linux-x64/resources/app/out/vs/workbench/services/extensions/node/extensionHostProcess.js:52:180)
	at k.provideHover (/home/code/Downloads/VSCode-linux-x64/resources/app/out/vs/workbench/services/extensions/node/extensionHostProcess.js:739:283)
	at /home/code/Downloads/VSCode-linux-x64/resources/app/out/vs/workbench/services/extensions/node/extensionHostProcess.js:760:893
	at G._withAdapter (/home/code/Downloads/VSCode-linux-x64/resources/app/out/vs/workbench/services/extensions/node/extensionHostProcess.js:757:832)
	at G.$provideHover (/home/code/Downloads/VSCode-linux-x64/resources/app/out/vs/workbench/services/extensions/node/extensionHostProcess.js:760:871)
	at g._doInvokeHandler (/home/code/Downloads/VSCode-linux-x64/resources/app/out/vs/workbench/services/extensions/node/extensionHostProcess.js:876:926)
	at g._invokeHandler (/home/code/Downloads/VSCode-linux-x64/resources/app/out/vs/workbench/services/extensions/node/extensionHostProcess.js:876:618)
	at g._receiveRequest (/home/code/Downloads/VSCode-linux-x64/resources/app/out/vs/workbench/services/extensions/node/extensionHostProcess.js:875:201)
	at g._receiveOneMessage (/home/code/Downloads/VSCode-linux-x64/resources/app/out/vs/workbench/services/extensions/node/extensionHostProcess.js:874:6)
	at /home/code/Downloads/VSCode-linux-x64/resources/app/out/vs/workbench/services/extensions/node/extensionHostProcess.js:872:136
	at l.fire (/home/code/Downloads/VSCode-linux-x64/resources/app/out/vs/workbench/services/extensions/node/extensionHostProcess.js:46:67)
	at v.fire (/home/code/Downloads/VSCode-linux-x64/resources/app/out/vs/workbench/services/extensions/node/extensionHostProcess.js:256:601)
	at /home/code/Downloads/VSCode-linux-x64/resources/app/out/vs/workbench/services/extensions/node/extensionHostProcess.js:1066:179
	at l.fire (/home/code/Downloads/VSCode-linux-x64/resources/app/out/vs/workbench/services/extensions/node/extensionHostProcess.js:46:67)
	at v.fire (/home/code/Downloads/VSCode-linux-x64/resources/app/out/vs/workbench/services/extensions/node/extensionHostProcess.js:256:601)
	at t.PersistentProtocol._receiveMessage (/home/code/Downloads/VSCode-linux-x64/resources/app/out/vs/workbench/services/extensions/node/extensionHostProcess.js:261:629)
	at /home/code/Downloads/VSCode-linux-x64/resources/app/out/vs/workbench/services/extensions/node/extensionHostProcess.js:258:708
	at l.fire (/home/code/Downloads/VSCode-linux-x64/resources/app/out/vs/workbench/services/extensions/node/extensionHostProcess.js:46:67)
	at p.acceptChunk (/home/code/Downloads/VSCode-linux-x64/resources/app/out/vs/workbench/services/extensions/node/extensionHostProcess.js:253:989)
	at /home/code/Downloads/VSCode-linux-x64/resources/app/out/vs/workbench/services/extensions/node/extensionHostProcess.js:253:341
	at Socket.t (/home/code/Downloads/VSCode-linux-x64/resources/app/out/vs/workbench/services/extensions/node/extensionHostProcess.js:263:276)
	at Socket.emit (events.js:223:5)
	at addChunk (_stream_readable.js:309:12)
	at readableAddChunk (_stream_readable.js:290:11)
	at Socket.Readable.push (_stream_readable.js:224:10)
	at Pipe.onStreamRead (internal/stream_base_commons.js:181:23)
[2020-12-04 16:49:33.349] [exthost] [error] [Hyeon.c-math-viewer] provider FAILED
[2020-12-04 16:49:33.350] [exthost] [error] Error: Illegal argument, contents must be defined
	at new V (/home/code/Downloads/VSCode-linux-x64/resources/app/out/vs/workbench/services/extensions/node/extensionHostProcess.js:523:487)
	at new V (/home/code/Downloads/VSCode-linux-x64/resources/app/out/vs/workbench/services/extensions/node/extensionHostProcess.js:511:436)
	at Object.provideHover (/home/code/.vscode/extensions/hyeon.c-math-viewer-1.0.4/out/extension.js:19:24)
	at /home/code/Downloads/VSCode-linux-x64/resources/app/out/vs/workbench/services/extensions/node/extensionHostProcess.js:739:312
	at /home/code/Downloads/VSCode-linux-x64/resources/app/out/vs/workbench/services/extensions/node/extensionHostProcess.js:52:208
	at new Promise (<anonymous>)
	at Object.t.asPromise (/home/code/Downloads/VSCode-linux-x64/resources/app/out/vs/workbench/services/extensions/node/extensionHostProcess.js:52:180)
	at k.provideHover (/home/code/Downloads/VSCode-linux-x64/resources/app/out/vs/workbench/services/extensions/node/extensionHostProcess.js:739:283)
	at /home/code/Downloads/VSCode-linux-x64/resources/app/out/vs/workbench/services/extensions/node/extensionHostProcess.js:760:893
	at G._withAdapter (/home/code/Downloads/VSCode-linux-x64/resources/app/out/vs/workbench/services/extensions/node/extensionHostProcess.js:757:832)
	at G.$provideHover (/home/code/Downloads/VSCode-linux-x64/resources/app/out/vs/workbench/services/extensions/node/extensionHostProcess.js:760:871)
	at g._doInvokeHandler (/home/code/Downloads/VSCode-linux-x64/resources/app/out/vs/workbench/services/extensions/node/extensionHostProcess.js:876:926)
	at g._invokeHandler (/home/code/Downloads/VSCode-linux-x64/resources/app/out/vs/workbench/services/extensions/node/extensionHostProcess.js:876:618)
	at g._receiveRequest (/home/code/Downloads/VSCode-linux-x64/resources/app/out/vs/workbench/services/extensions/node/extensionHostProcess.js:875:201)
	at g._receiveOneMessage (/home/code/Downloads/VSCode-linux-x64/resources/app/out/vs/workbench/services/extensions/node/extensionHostProcess.js:874:6)
	at /home/code/Downloads/VSCode-linux-x64/resources/app/out/vs/workbench/services/extensions/node/extensionHostProcess.js:872:136
	at l.fire (/home/code/Downloads/VSCode-linux-x64/resources/app/out/vs/workbench/services/extensions/node/extensionHostProcess.js:46:67)
	at v.fire (/home/code/Downloads/VSCode-linux-x64/resources/app/out/vs/workbench/services/extensions/node/extensionHostProcess.js:256:601)
	at /home/code/Downloads/VSCode-linux-x64/resources/app/out/vs/workbench/services/extensions/node/extensionHostProcess.js:1066:179
	at l.fire (/home/code/Downloads/VSCode-linux-x64/resources/app/out/vs/workbench/services/extensions/node/extensionHostProcess.js:46:67)
	at v.fire (/home/code/Downloads/VSCode-linux-x64/resources/app/out/vs/workbench/services/extensions/node/extensionHostProcess.js:256:601)
	at t.PersistentProtocol._receiveMessage (/home/code/Downloads/VSCode-linux-x64/resources/app/out/vs/workbench/services/extensions/node/extensionHostProcess.js:261:629)
	at /home/code/Downloads/VSCode-linux-x64/resources/app/out/vs/workbench/services/extensions/node/extensionHostProcess.js:258:708
	at l.fire (/home/code/Downloads/VSCode-linux-x64/resources/app/out/vs/workbench/services/extensions/node/extensionHostProcess.js:46:67)
	at p.acceptChunk (/home/code/Downloads/VSCode-linux-x64/resources/app/out/vs/workbench/services/extensions/node/extensionHostProcess.js:253:989)
	at /home/code/Downloads/VSCode-linux-x64/resources/app/out/vs/workbench/services/extensions/node/extensionHostProcess.js:253:341
	at Socket.t (/home/code/Downloads/VSCode-linux-x64/resources/app/out/vs/workbench/services/extensions/node/extensionHostProcess.js:263:276)
	at Socket.emit (events.js:223:5)
	at addChunk (_stream_readable.js:309:12)
	at readableAddChunk (_stream_readable.js:290:11)
	at Socket.Readable.push (_stream_readable.js:224:10)
	at Pipe.onStreamRead (internal/stream_base_commons.js:181:23)
[2020-12-04 16:49:34.583] [exthost] [error] [ms-vscode.cpptools] provider FAILED
[2020-12-04 16:49:34.592] [exthost] [error] undefined
[2020-12-04 16:49:38.857] [exthost] [error] [Hyeon.c-math-viewer] provider FAILED
[2020-12-04 16:49:38.859] [exthost] [error] Error: Illegal argument, contents must be defined
	at new V (/home/code/Downloads/VSCode-linux-x64/resources/app/out/vs/workbench/services/extensions/node/extensionHostProcess.js:523:487)
	at new V (/home/code/Downloads/VSCode-linux-x64/resources/app/out/vs/workbench/services/extensions/node/extensionHostProcess.js:511:436)
	at Object.provideHover (/home/code/.vscode/extensions/hyeon.c-math-viewer-1.0.4/out/extension.js:19:24)
	at /home/code/Downloads/VSCode-linux-x64/resources/app/out/vs/workbench/services/extensions/node/extensionHostProcess.js:739:312
	at /home/code/Downloads/VSCode-linux-x64/resources/app/out/vs/workbench/services/extensions/node/extensionHostProcess.js:52:208
	at new Promise (<anonymous>)
	at Object.t.asPromise (/home/code/Downloads/VSCode-linux-x64/resources/app/out/vs/workbench/services/extensions/node/extensionHostProcess.js:52:180)
	at k.provideHover (/home/code/Downloads/VSCode-linux-x64/resources/app/out/vs/workbench/services/extensions/node/extensionHostProcess.js:739:283)
	at /home/code/Downloads/VSCode-linux-x64/resources/app/out/vs/workbench/services/extensions/node/extensionHostProcess.js:760:893
	at G._withAdapter (/home/code/Downloads/VSCode-linux-x64/resources/app/out/vs/workbench/services/extensions/node/extensionHostProcess.js:757:832)
	at G.$provideHover (/home/code/Downloads/VSCode-linux-x64/resources/app/out/vs/workbench/services/extensions/node/extensionHostProcess.js:760:871)
	at g._doInvokeHandler (/home/code/Downloads/VSCode-linux-x64/resources/app/out/vs/workbench/services/extensions/node/extensionHostProcess.js:876:926)
	at g._invokeHandler (/home/code/Downloads/VSCode-linux-x64/resources/app/out/vs/workbench/services/extensions/node/extensionHostProcess.js:876:618)
	at g._receiveRequest (/home/code/Downloads/VSCode-linux-x64/resources/app/out/vs/workbench/services/extensions/node/extensionHostProcess.js:875:201)
	at g._receiveOneMessage (/home/code/Downloads/VSCode-linux-x64/resources/app/out/vs/workbench/services/extensions/node/extensionHostProcess.js:874:6)
	at /home/code/Downloads/VSCode-linux-x64/resources/app/out/vs/workbench/services/extensions/node/extensionHostProcess.js:872:136
	at l.fire (/home/code/Downloads/VSCode-linux-x64/resources/app/out/vs/workbench/services/extensions/node/extensionHostProcess.js:46:67)
	at v.fire (/home/code/Downloads/VSCode-linux-x64/resources/app/out/vs/workbench/services/extensions/node/extensionHostProcess.js:256:601)
	at /home/code/Downloads/VSCode-linux-x64/resources/app/out/vs/workbench/services/extensions/node/extensionHostProcess.js:1066:179
	at l.fire (/home/code/Downloads/VSCode-linux-x64/resources/app/out/vs/workbench/services/extensions/node/extensionHostProcess.js:46:67)
	at v.fire (/home/code/Downloads/VSCode-linux-x64/resources/app/out/vs/workbench/services/extensions/node/extensionHostProcess.js:256:601)
	at t.PersistentProtocol._receiveMessage (/home/code/Downloads/VSCode-linux-x64/resources/app/out/vs/workbench/services/extensions/node/extensionHostProcess.js:261:629)
	at /home/code/Downloads/VSCode-linux-x64/resources/app/out/vs/workbench/services/extensions/node/extensionHostProcess.js:258:708
	at l.fire (/home/code/Downloads/VSCode-linux-x64/resources/app/out/vs/workbench/services/extensions/node/extensionHostProcess.js:46:67)
	at p.acceptChunk (/home/code/Downloads/VSCode-linux-x64/resources/app/out/vs/workbench/services/extensions/node/extensionHostProcess.js:253:989)
	at /home/code/Downloads/VSCode-linux-x64/resources/app/out/vs/workbench/services/extensions/node/extensionHostProcess.js:253:341
	at Socket.t (/home/code/Downloads/VSCode-linux-x64/resources/app/out/vs/workbench/services/extensions/node/extensionHostProcess.js:263:276)
	at Socket.emit (events.js:223:5)
	at addChunk (_stream_readable.js:309:12)
	at readableAddChunk (_stream_readable.js:290:11)
	at Socket.Readable.push (_stream_readable.js:224:10)
	at Pipe.onStreamRead (internal/stream_base_commons.js:181:23)
[2020-12-04 16:49:41.604] [exthost] [error] [Hyeon.c-math-viewer] provider FAILED
[2020-12-04 16:49:41.605] [exthost] [error] Error: Illegal argument, contents must be defined
	at new V (/home/code/Downloads/VSCode-linux-x64/resources/app/out/vs/workbench/services/extensions/node/extensionHostProcess.js:523:487)
	at new V (/home/code/Downloads/VSCode-linux-x64/resources/app/out/vs/workbench/services/extensions/node/extensionHostProcess.js:511:436)
	at Object.provideHover (/home/code/.vscode/extensions/hyeon.c-math-viewer-1.0.4/out/extension.js:24:28)
	at /home/code/Downloads/VSCode-linux-x64/resources/app/out/vs/workbench/services/extensions/node/extensionHostProcess.js:739:312
	at /home/code/Downloads/VSCode-linux-x64/resources/app/out/vs/workbench/services/extensions/node/extensionHostProcess.js:52:208
	at new Promise (<anonymous>)
	at Object.t.asPromise (/home/code/Downloads/VSCode-linux-x64/resources/app/out/vs/workbench/services/extensions/node/extensionHostProcess.js:52:180)
	at k.provideHover (/home/code/Downloads/VSCode-linux-x64/resources/app/out/vs/workbench/services/extensions/node/extensionHostProcess.js:739:283)
	at /home/code/Downloads/VSCode-linux-x64/resources/app/out/vs/workbench/services/extensions/node/extensionHostProcess.js:760:893
	at G._withAdapter (/home/code/Downloads/VSCode-linux-x64/resources/app/out/vs/workbench/services/extensions/node/extensionHostProcess.js:757:832)
	at G.$provideHover (/home/code/Downloads/VSCode-linux-x64/resources/app/out/vs/workbench/services/extensions/node/extensionHostProcess.js:760:871)
	at g._doInvokeHandler (/home/code/Downloads/VSCode-linux-x64/resources/app/out/vs/workbench/services/extensions/node/extensionHostProcess.js:876:926)
	at g._invokeHandler (/home/code/Downloads/VSCode-linux-x64/resources/app/out/vs/workbench/services/extensions/node/extensionHostProcess.js:876:618)
	at g._receiveRequest (/home/code/Downloads/VSCode-linux-x64/resources/app/out/vs/workbench/services/extensions/node/extensionHostProcess.js:875:201)
	at g._receiveOneMessage (/home/code/Downloads/VSCode-linux-x64/resources/app/out/vs/workbench/services/extensions/node/extensionHostProcess.js:874:6)
	at /home/code/Downloads/VSCode-linux-x64/resources/app/out/vs/workbench/services/extensions/node/extensionHostProcess.js:872:136
	at l.fire (/home/code/Downloads/VSCode-linux-x64/resources/app/out/vs/workbench/services/extensions/node/extensionHostProcess.js:46:67)
	at v.fire (/home/code/Downloads/VSCode-linux-x64/resources/app/out/vs/workbench/services/extensions/node/extensionHostProcess.js:256:601)
	at /home/code/Downloads/VSCode-linux-x64/resources/app/out/vs/workbench/services/extensions/node/extensionHostProcess.js:1066:179
	at l.fire (/home/code/Downloads/VSCode-linux-x64/resources/app/out/vs/workbench/services/extensions/node/extensionHostProcess.js:46:67)
	at v.fire (/home/code/Downloads/VSCode-linux-x64/resources/app/out/vs/workbench/services/extensions/node/extensionHostProcess.js:256:601)
	at t.PersistentProtocol._receiveMessage (/home/code/Downloads/VSCode-linux-x64/resources/app/out/vs/workbench/services/extensions/node/extensionHostProcess.js:261:629)
	at /home/code/Downloads/VSCode-linux-x64/resources/app/out/vs/workbench/services/extensions/node/extensionHostProcess.js:258:708
	at l.fire (/home/code/Downloads/VSCode-linux-x64/resources/app/out/vs/workbench/services/extensions/node/extensionHostProcess.js:46:67)
	at p.acceptChunk (/home/code/Downloads/VSCode-linux-x64/resources/app/out/vs/workbench/services/extensions/node/extensionHostProcess.js:253:989)
	at /home/code/Downloads/VSCode-linux-x64/resources/app/out/vs/workbench/services/extensions/node/extensionHostProcess.js:253:341
	at Socket.t (/home/code/Downloads/VSCode-linux-x64/resources/app/out/vs/workbench/services/extensions/node/extensionHostProcess.js:263:276)
	at Socket.emit (events.js:223:5)
	at addChunk (_stream_readable.js:309:12)
	at readableAddChunk (_stream_readable.js:290:11)
	at Socket.Readable.push (_stream_readable.js:224:10)
	at Pipe.onStreamRead (internal/stream_base_commons.js:181:23)
[2020-12-04 16:50:32.334] [exthost] [info] extension host started
[2020-12-04 16:50:33.530] [exthost] [info] ExtensionService#_doActivateExtension vscode.microsoft-authentication {"startup":false,"extensionId":{"value":"vscode.microsoft-authentication","_lower":"vscode.microsoft-authentication"},"activationEvent":"onAuthenticationRequest:microsoft"}
[2020-12-04 16:50:33.531] [exthost] [info] ExtensionService#loadCommonJSModule file:///home/code/Downloads/VSCode-linux-x64/resources/app/extensions/microsoft-authentication/dist/extension.js
[2020-12-04 16:50:33.687] [exthost] [info] ExtensionService#_doActivateExtension aaron-bond.better-comments {"startup":false,"extensionId":{"value":"aaron-bond.better-comments","_lower":"aaron-bond.better-comments"},"activationEvent":"onLanguage:plaintext"}
[2020-12-04 16:50:33.687] [exthost] [info] ExtensionService#loadCommonJSModule file:///home/code/.vscode/extensions/aaron-bond.better-comments-2.1.0/out/extension
[2020-12-04 16:50:33.736] [exthost] [info] ExtensionService#_doActivateExtension Hyeon.c-math-viewer {"startup":false,"extensionId":{"value":"Hyeon.c-math-viewer","_lower":"hyeon.c-math-viewer"},"activationEvent":"onLanguage:c"}
[2020-12-04 16:50:33.737] [exthost] [info] ExtensionService#loadCommonJSModule file:///home/code/.vscode/extensions/hyeon.c-math-viewer-1.0.4/out/extension.js
[2020-12-04 16:50:33.850] [exthost] [info] ExtensionService#_doActivateExtension vscode.debug-auto-launch {"startup":true,"extensionId":{"value":"vscode.debug-auto-launch","_lower":"vscode.debug-auto-launch"},"activationEvent":"*"}
[2020-12-04 16:50:33.851] [exthost] [info] ExtensionService#loadCommonJSModule file:///home/code/Downloads/VSCode-linux-x64/resources/app/extensions/debug-auto-launch/dist/extension
[2020-12-04 16:50:33.869] [exthost] [info] ExtensionService#_doActivateExtension vscode.emmet {"startup":true,"extensionId":{"value":"vscode.emmet","_lower":"vscode.emmet"},"activationEvent":"*"}
[2020-12-04 16:50:33.870] [exthost] [info] ExtensionService#loadCommonJSModule file:///home/code/Downloads/VSCode-linux-x64/resources/app/extensions/emmet/dist/node/emmetNodeMain
[2020-12-04 16:50:34.008] [exthost] [info] ExtensionService#_doActivateExtension vscode.git {"startup":true,"extensionId":{"value":"vscode.github","_lower":"vscode.github"},"activationEvent":"*"}
[2020-12-04 16:50:34.009] [exthost] [info] ExtensionService#loadCommonJSModule file:///home/code/Downloads/VSCode-linux-x64/resources/app/extensions/git/dist/main
[2020-12-04 16:50:34.467] [exthost] [info] ExtensionService#_doActivateExtension vscode.merge-conflict {"startup":true,"extensionId":{"value":"vscode.merge-conflict","_lower":"vscode.merge-conflict"},"activationEvent":"*"}
[2020-12-04 16:50:34.468] [exthost] [info] ExtensionService#loadCommonJSModule file:///home/code/Downloads/VSCode-linux-x64/resources/app/extensions/merge-conflict/dist/mergeConflictMain
[2020-12-04 16:50:34.512] [exthost] [info] ExtensionService#_doActivateExtension vscode.search-result {"startup":true,"extensionId":{"value":"vscode.search-result","_lower":"vscode.search-result"},"activationEvent":"*"}
[2020-12-04 16:50:34.513] [exthost] [info] ExtensionService#loadCommonJSModule file:///home/code/Downloads/VSCode-linux-x64/resources/app/extensions/search-result/dist/extension.js
[2020-12-04 16:50:34.536] [exthost] [info] ExtensionService#_doActivateExtension CoenraadS.bracket-pair-colorizer-2 {"startup":true,"extensionId":{"value":"CoenraadS.bracket-pair-colorizer-2","_lower":"coenraads.bracket-pair-colorizer-2"},"activationEvent":"*"}
[2020-12-04 16:50:34.538] [exthost] [info] ExtensionService#loadCommonJSModule file:///home/code/.vscode/extensions/coenraads.bracket-pair-colorizer-2-0.2.0/out/src/extension
[2020-12-04 16:50:34.964] [exthost] [info] ExtensionService#_doActivateExtension Equinusocio.vsc-material-theme {"startup":true,"extensionId":{"value":"Equinusocio.vsc-material-theme","_lower":"equinusocio.vsc-material-theme"},"activationEvent":"*"}
[2020-12-04 16:50:34.965] [exthost] [info] ExtensionService#loadCommonJSModule file:///home/code/.vscode/extensions/equinusocio.vsc-material-theme-33.0.0/build/material.theme.config
[2020-12-04 16:50:35.275] [exthost] [info] ExtensionService#_doActivateExtension equinusocio.vsc-material-theme-icons {"startup":true,"extensionId":{"value":"equinusocio.vsc-material-theme-icons","_lower":"equinusocio.vsc-material-theme-icons"},"activationEvent":"*"}
[2020-12-04 16:50:35.276] [exthost] [info] ExtensionService#loadCommonJSModule file:///home/code/.vscode/extensions/equinusocio.vsc-material-theme-icons-1.2.0/out/src/extension
[2020-12-04 16:50:35.386] [exthost] [info] ExtensionService#_doActivateExtension ms-vscode.cpptools {"startup":true,"extensionId":{"value":"ms-vscode.cpptools","_lower":"ms-vscode.cpptools"},"activationEvent":"*"}
[2020-12-04 16:50:35.386] [exthost] [info] ExtensionService#loadCommonJSModule file:///home/code/.vscode/extensions/ms-vscode.cpptools-1.1.3/dist/main
[2020-12-04 16:50:36.007] [exthost] [info] ExtensionService#_doActivateExtension oderwat.indent-rainbow {"startup":true,"extensionId":{"value":"oderwat.indent-rainbow","_lower":"oderwat.indent-rainbow"},"activationEvent":"*"}
[2020-12-04 16:50:36.008] [exthost] [info] ExtensionService#loadCommonJSModule file:///home/code/.vscode/extensions/oderwat.indent-rainbow-7.4.0/out/extension
[2020-12-04 16:50:36.057] [exthost] [info] ExtensionService#_doActivateExtension RobbOwen.synthwave-vscode {"startup":true,"extensionId":{"value":"RobbOwen.synthwave-vscode","_lower":"robbowen.synthwave-vscode"},"activationEvent":"*"}
[2020-12-04 16:50:36.058] [exthost] [info] ExtensionService#loadCommonJSModule file:///home/code/.vscode/extensions/robbowen.synthwave-vscode-0.1.8/src/extension.js
[2020-12-04 16:50:36.229] [exthost] [info] ExtensionService#_doActivateExtension sainnhe.gruvbox-material {"startup":true,"extensionId":{"value":"sainnhe.gruvbox-material","_lower":"sainnhe.gruvbox-material"},"activationEvent":"*"}
[2020-12-04 16:50:36.229] [exthost] [info] ExtensionService#loadCommonJSModule file:///home/code/.vscode/extensions/sainnhe.gruvbox-material-6.3.4/out/extension.js
[2020-12-04 16:50:36.934] [exthost] [info] ExtensionService#_doActivateExtension zhuangtongfa.material-theme {"startup":true,"extensionId":{"value":"zhuangtongfa.material-theme","_lower":"zhuangtongfa.material-theme"},"activationEvent":"*"}
[2020-12-04 16:50:36.934] [exthost] [info] ExtensionService#loadCommonJSModule file:///home/code/.vscode/extensions/zhuangtongfa.material-theme-3.9.11/out/extension.js
[2020-12-04 16:50:41.499] [exthost] [info] ExtensionService#_doActivateExtension ms-vscode.js-debug {"startup":false,"extensionId":{"value":"ms-vscode.js-debug","_lower":"ms-vscode.js-debug"},"activationEvent":"onCommand:extension.js-debug.clearAutoAttachVariables"}
[2020-12-04 16:50:41.500] [exthost] [info] ExtensionService#loadCommonJSModule file:///home/code/Downloads/VSCode-linux-x64/resources/app/extensions/ms-vscode.js-debug/src/extension.js
[2020-12-04 16:50:42.391] [exthost] [info] ExtensionService#_doActivateExtension vscode.github {"startup":false,"extensionId":{"value":"vscode.github","_lower":"vscode.github"},"activationEvent":"*"}
[2020-12-04 16:50:42.391] [exthost] [info] ExtensionService#loadCommonJSModule file:///home/code/Downloads/VSCode-linux-x64/resources/app/extensions/github/dist/extension.js
[2020-12-04 16:50:43.210] [exthost] [info] ExtensionService#_doActivateExtension vscode.github-authentication {"startup":false,"extensionId":{"value":"vscode.github-authentication","_lower":"vscode.github-authentication"},"activationEvent":"onAuthenticationRequest:github"}
[2020-12-04 16:50:43.212] [exthost] [info] ExtensionService#loadCommonJSModule file:///home/code/Downloads/VSCode-linux-x64/resources/app/extensions/github-authentication/dist/extension.js
[2020-12-04 16:50:43.467] [exthost] [info] ExtensionService#_doActivateExtension alefragnani.Bookmarks {"startup":false,"extensionId":{"value":"alefragnani.Bookmarks","_lower":"alefragnani.bookmarks"},"activationEvent":"onStartupFinished"}
[2020-12-04 16:50:43.468] [exthost] [info] ExtensionService#loadCommonJSModule file:///home/code/.vscode/extensions/alefragnani.bookmarks-12.0.0/dist/extension
[2020-12-04 16:51:25.989] [exthost] [info] eager extensions activated
[2020-12-04 16:51:26.370] [exthost] [info] ExtensionService#_doActivateExtension vscode.extension-editing {"startup":false,"extensionId":{"value":"vscode.extension-editing","_lower":"vscode.extension-editing"},"activationEvent":"onLanguage:markdown"}
[2020-12-04 16:51:26.372] [exthost] [info] ExtensionService#loadCommonJSModule file:///home/code/Downloads/VSCode-linux-x64/resources/app/extensions/extension-editing/dist/extensionEditingMain
[2020-12-04 16:51:26.767] [exthost] [info] ExtensionService#_doActivateExtension vscode.markdown-language-features {"startup":false,"extensionId":{"value":"vscode.markdown-language-features","_lower":"vscode.markdown-language-features"},"activationEvent":"onLanguage:markdown"}
[2020-12-04 16:51:26.772] [exthost] [info] ExtensionService#loadCommonJSModule file:///home/code/Downloads/VSCode-linux-x64/resources/app/extensions/markdown-language-features/dist/extension
[2020-12-04 16:51:27.377] [exthost] [info] ExtensionService#_doActivateExtension vscode.configuration-editing {"startup":false,"extensionId":{"value":"vscode.configuration-editing","_lower":"vscode.configuration-editing"},"activationEvent":"onLanguage:json"}
[2020-12-04 16:51:27.378] [exthost] [info] ExtensionService#loadCommonJSModule file:///home/code/Downloads/VSCode-linux-x64/resources/app/extensions/configuration-editing/dist/configurationEditingMain
[2020-12-04 16:51:27.642] [exthost] [info] ExtensionService#_doActivateExtension vscode.json-language-features {"startup":false,"extensionId":{"value":"vscode.json-language-features","_lower":"vscode.json-language-features"},"activationEvent":"onLanguage:json"}
[2020-12-04 16:51:27.643] [exthost] [info] ExtensionService#loadCommonJSModule file:///home/code/Downloads/VSCode-linux-x64/resources/app/extensions/json-language-features/client/dist/node/jsonClientMain
[2020-12-04 16:51:28.283] [exthost] [info] ExtensionService#_doActivateExtension vscode.npm {"startup":false,"extensionId":{"value":"vscode.npm","_lower":"vscode.npm"},"activationEvent":"onLanguage:json"}
[2020-12-04 16:51:28.283] [exthost] [info] ExtensionService#loadCommonJSModule file:///home/code/Downloads/VSCode-linux-x64/resources/app/extensions/npm/dist/npmMain
[2020-12-04 16:51:28.894] [exthost] [info] ExtensionService#_doActivateExtension vscode.typescript-language-features {"startup":false,"extensionId":{"value":"vscode.typescript-language-features","_lower":"vscode.typescript-language-features"},"activationEvent":"onLanguage:jsonc"}
[2020-12-04 16:51:28.895] [exthost] [info] ExtensionService#loadCommonJSModule file:///home/code/Downloads/VSCode-linux-x64/resources/app/extensions/typescript-language-features/dist/extension
[2020-12-04 16:51:33.680] [exthost] [error] [ms-vscode.cpptools] provider FAILED
[2020-12-04 16:51:33.680] [exthost] [error] undefined
[2020-12-04 16:52:13.974] [exthost] [info] ExtensionService#_doActivateExtension vscode.html-language-features {"startup":false,"extensionId":{"value":"vscode.html-language-features","_lower":"vscode.html-language-features"},"activationEvent":"onLanguage:html"}
[2020-12-04 16:52:13.974] [exthost] [info] ExtensionService#loadCommonJSModule file:///home/code/Downloads/VSCode-linux-x64/resources/app/extensions/html-language-features/client/dist/node/htmlClientMain
[2020-12-04 16:54:01.940] [exthost] [error] [ms-vscode.cpptools] provider FAILED
[2020-12-04 16:54:01.940] [exthost] [error] undefined
[2020-12-04 16:54:02.654] [exthost] [error] [Hyeon.c-math-viewer] provider FAILED
[2020-12-04 16:54:02.733] [exthost] [error] Error: Illegal argument, contents must be defined
	at new V (/home/code/Downloads/VSCode-linux-x64/resources/app/out/vs/workbench/services/extensions/node/extensionHostProcess.js:523:487)
	at new V (/home/code/Downloads/VSCode-linux-x64/resources/app/out/vs/workbench/services/extensions/node/extensionHostProcess.js:511:436)
	at Object.provideHover (/home/code/.vscode/extensions/hyeon.c-math-viewer-1.0.4/out/extension.js:19:24)
	at /home/code/Downloads/VSCode-linux-x64/resources/app/out/vs/workbench/services/extensions/node/extensionHostProcess.js:739:312
	at /home/code/Downloads/VSCode-linux-x64/resources/app/out/vs/workbench/services/extensions/node/extensionHostProcess.js:52:208
	at new Promise (<anonymous>)
	at Object.t.asPromise (/home/code/Downloads/VSCode-linux-x64/resources/app/out/vs/workbench/services/extensions/node/extensionHostProcess.js:52:180)
	at k.provideHover (/home/code/Downloads/VSCode-linux-x64/resources/app/out/vs/workbench/services/extensions/node/extensionHostProcess.js:739:283)
	at /home/code/Downloads/VSCode-linux-x64/resources/app/out/vs/workbench/services/extensions/node/extensionHostProcess.js:760:893
	at G._withAdapter (/home/code/Downloads/VSCode-linux-x64/resources/app/out/vs/workbench/services/extensions/node/extensionHostProcess.js:757:832)
	at G.$provideHover (/home/code/Downloads/VSCode-linux-x64/resources/app/out/vs/workbench/services/extensions/node/extensionHostProcess.js:760:871)
	at g._doInvokeHandler (/home/code/Downloads/VSCode-linux-x64/resources/app/out/vs/workbench/services/extensions/node/extensionHostProcess.js:876:926)
	at g._invokeHandler (/home/code/Downloads/VSCode-linux-x64/resources/app/out/vs/workbench/services/extensions/node/extensionHostProcess.js:876:618)
	at g._receiveRequest (/home/code/Downloads/VSCode-linux-x64/resources/app/out/vs/workbench/services/extensions/node/extensionHostProcess.js:875:201)
	at g._receiveOneMessage (/home/code/Downloads/VSCode-linux-x64/resources/app/out/vs/workbench/services/extensions/node/extensionHostProcess.js:874:6)
	at /home/code/Downloads/VSCode-linux-x64/resources/app/out/vs/workbench/services/extensions/node/extensionHostProcess.js:872:136
	at l.fire (/home/code/Downloads/VSCode-linux-x64/resources/app/out/vs/workbench/services/extensions/node/extensionHostProcess.js:46:67)
	at v.fire (/home/code/Downloads/VSCode-linux-x64/resources/app/out/vs/workbench/services/extensions/node/extensionHostProcess.js:256:601)
	at /home/code/Downloads/VSCode-linux-x64/resources/app/out/vs/workbench/services/extensions/node/extensionHostProcess.js:1066:179
	at l.fire (/home/code/Downloads/VSCode-linux-x64/resources/app/out/vs/workbench/services/extensions/node/extensionHostProcess.js:46:67)
	at v.fire (/home/code/Downloads/VSCode-linux-x64/resources/app/out/vs/workbench/services/extensions/node/extensionHostProcess.js:256:601)
	at t.PersistentProtocol._receiveMessage (/home/code/Downloads/VSCode-linux-x64/resources/app/out/vs/workbench/services/extensions/node/extensionHostProcess.js:261:629)
	at /home/code/Downloads/VSCode-linux-x64/resources/app/out/vs/workbench/services/extensions/node/extensionHostProcess.js:258:708
	at l.fire (/home/code/Downloads/VSCode-linux-x64/resources/app/out/vs/workbench/services/extensions/node/extensionHostProcess.js:46:67)
	at p.acceptChunk (/home/code/Downloads/VSCode-linux-x64/resources/app/out/vs/workbench/services/extensions/node/extensionHostProcess.js:253:989)
	at /home/code/Downloads/VSCode-linux-x64/resources/app/out/vs/workbench/services/extensions/node/extensionHostProcess.js:253:341
	at Socket.t (/home/code/Downloads/VSCode-linux-x64/resources/app/out/vs/workbench/services/extensions/node/extensionHostProcess.js:263:276)
	at Socket.emit (events.js:223:5)
	at addChunk (_stream_readable.js:309:12)
	at readableAddChunk (_stream_readable.js:290:11)
	at Socket.Readable.push (_stream_readable.js:224:10)
	at Pipe.onStreamRead (internal/stream_base_commons.js:181:23)
[2020-12-04 16:54:04.519] [exthost] [error] [ms-vscode.cpptools] provider FAILED
[2020-12-04 16:54:04.519] [exthost] [error] undefined
[2020-12-04 16:54:09.150] [exthost] [error] [Hyeon.c-math-viewer] provider FAILED
[2020-12-04 16:54:09.151] [exthost] [error] Error: Illegal argument, contents must be defined
	at new V (/home/code/Downloads/VSCode-linux-x64/resources/app/out/vs/workbench/services/extensions/node/extensionHostProcess.js:523:487)
	at new V (/home/code/Downloads/VSCode-linux-x64/resources/app/out/vs/workbench/services/extensions/node/extensionHostProcess.js:511:436)
	at Object.provideHover (/home/code/.vscode/extensions/hyeon.c-math-viewer-1.0.4/out/extension.js:19:24)
	at /home/code/Downloads/VSCode-linux-x64/resources/app/out/vs/workbench/services/extensions/node/extensionHostProcess.js:739:312
	at /home/code/Downloads/VSCode-linux-x64/resources/app/out/vs/workbench/services/extensions/node/extensionHostProcess.js:52:208
	at new Promise (<anonymous>)
	at Object.t.asPromise (/home/code/Downloads/VSCode-linux-x64/resources/app/out/vs/workbench/services/extensions/node/extensionHostProcess.js:52:180)
	at k.provideHover (/home/code/Downloads/VSCode-linux-x64/resources/app/out/vs/workbench/services/extensions/node/extensionHostProcess.js:739:283)
	at /home/code/Downloads/VSCode-linux-x64/resources/app/out/vs/workbench/services/extensions/node/extensionHostProcess.js:760:893
	at G._withAdapter (/home/code/Downloads/VSCode-linux-x64/resources/app/out/vs/workbench/services/extensions/node/extensionHostProcess.js:757:832)
	at G.$provideHover (/home/code/Downloads/VSCode-linux-x64/resources/app/out/vs/workbench/services/extensions/node/extensionHostProcess.js:760:871)
	at g._doInvokeHandler (/home/code/Downloads/VSCode-linux-x64/resources/app/out/vs/workbench/services/extensions/node/extensionHostProcess.js:876:926)
	at g._invokeHandler (/home/code/Downloads/VSCode-linux-x64/resources/app/out/vs/workbench/services/extensions/node/extensionHostProcess.js:876:618)
	at g._receiveRequest (/home/code/Downloads/VSCode-linux-x64/resources/app/out/vs/workbench/services/extensions/node/extensionHostProcess.js:875:201)
	at g._receiveOneMessage (/home/code/Downloads/VSCode-linux-x64/resources/app/out/vs/workbench/services/extensions/node/extensionHostProcess.js:874:6)
	at /home/code/Downloads/VSCode-linux-x64/resources/app/out/vs/workbench/services/extensions/node/extensionHostProcess.js:872:136
	at l.fire (/home/code/Downloads/VSCode-linux-x64/resources/app/out/vs/workbench/services/extensions/node/extensionHostProcess.js:46:67)
	at v.fire (/home/code/Downloads/VSCode-linux-x64/resources/app/out/vs/workbench/services/extensions/node/extensionHostProcess.js:256:601)
	at /home/code/Downloads/VSCode-linux-x64/resources/app/out/vs/workbench/services/extensions/node/extensionHostProcess.js:1066:179
	at l.fire (/home/code/Downloads/VSCode-linux-x64/resources/app/out/vs/workbench/services/extensions/node/extensionHostProcess.js:46:67)
	at v.fire (/home/code/Downloads/VSCode-linux-x64/resources/app/out/vs/workbench/services/extensions/node/extensionHostProcess.js:256:601)
	at t.PersistentProtocol._receiveMessage (/home/code/Downloads/VSCode-linux-x64/resources/app/out/vs/workbench/services/extensions/node/extensionHostProcess.js:261:629)
	at /home/code/Downloads/VSCode-linux-x64/resources/app/out/vs/workbench/services/extensions/node/extensionHostProcess.js:258:708
	at l.fire (/home/code/Downloads/VSCode-linux-x64/resources/app/out/vs/workbench/services/extensions/node/extensionHostProcess.js:46:67)
	at p.acceptChunk (/home/code/Downloads/VSCode-linux-x64/resources/app/out/vs/workbench/services/extensions/node/extensionHostProcess.js:253:989)
	at /home/code/Downloads/VSCode-linux-x64/resources/app/out/vs/workbench/services/extensions/node/extensionHostProcess.js:253:341
	at Socket.t (/home/code/Downloads/VSCode-linux-x64/resources/app/out/vs/workbench/services/extensions/node/extensionHostProcess.js:263:276)
	at Socket.emit (events.js:223:5)
	at addChunk (_stream_readable.js:309:12)
	at readableAddChunk (_stream_readable.js:290:11)
	at Socket.Readable.push (_stream_readable.js:224:10)
	at Pipe.onStreamRead (internal/stream_base_commons.js:181:23)
[2020-12-04 16:54:19.141] [exthost] [error] [ms-vscode.cpptools] provider FAILED
[2020-12-04 16:54:19.145] [exthost] [error] undefined
