[2020-11-20 13:21:10.773] [exthost] [info] extension host started
[2020-11-20 13:21:11.619] [exthost] [info] ExtensionService#_doActivateExtension vscode.microsoft-authentication {"startup":false,"extensionId":{"value":"vscode.microsoft-authentication","_lower":"vscode.microsoft-authentication"},"activationEvent":"onAuthenticationRequest:microsoft"}
[2020-11-20 13:21:11.619] [exthost] [info] ExtensionService#loadCommonJSModule file:///home/code/Downloads/VSCode-linux-x64/resources/app/extensions/microsoft-authentication/dist/extension.js
[2020-11-20 13:21:11.775] [exthost] [info] ExtensionService#_doActivateExtension aaron-bond.better-comments {"startup":false,"extensionId":{"value":"aaron-bond.better-comments","_lower":"aaron-bond.better-comments"},"activationEvent":"onLanguage:plaintext"}
[2020-11-20 13:21:11.776] [exthost] [info] ExtensionService#loadCommonJSModule file:///home/code/.vscode/extensions/aaron-bond.better-comments-2.1.0/out/extension
[2020-11-20 13:21:11.827] [exthost] [info] ExtensionService#_doActivateExtension ms-vscode.cpptools {"startup":false,"extensionId":{"value":"ms-vscode.cpptools","_lower":"ms-vscode.cpptools"},"activationEvent":"onLanguage:c"}
[2020-11-20 13:21:11.828] [exthost] [info] ExtensionService#loadCommonJSModule file:///home/code/.vscode/extensions/ms-vscode.cpptools-1.1.2/dist/main
[2020-11-20 13:21:12.430] [exthost] [info] ExtensionService#_doActivateExtension vscode.debug-auto-launch {"startup":true,"extensionId":{"value":"vscode.debug-auto-launch","_lower":"vscode.debug-auto-launch"},"activationEvent":"*"}
[2020-11-20 13:21:12.444] [exthost] [info] ExtensionService#loadCommonJSModule file:///home/code/Downloads/VSCode-linux-x64/resources/app/extensions/debug-auto-launch/dist/extension
[2020-11-20 13:21:12.552] [exthost] [info] ExtensionService#_doActivateExtension vscode.emmet {"startup":true,"extensionId":{"value":"vscode.emmet","_lower":"vscode.emmet"},"activationEvent":"*"}
[2020-11-20 13:21:12.553] [exthost] [info] ExtensionService#loadCommonJSModule file:///home/code/Downloads/VSCode-linux-x64/resources/app/extensions/emmet/dist/node/emmetNodeMain
[2020-11-20 13:21:12.703] [exthost] [info] ExtensionService#_doActivateExtension vscode.git {"startup":true,"extensionId":{"value":"vscode.github","_lower":"vscode.github"},"activationEvent":"*"}
[2020-11-20 13:21:12.704] [exthost] [info] ExtensionService#loadCommonJSModule file:///home/code/Downloads/VSCode-linux-x64/resources/app/extensions/git/dist/main
[2020-11-20 13:21:12.881] [exthost] [info] ExtensionService#_doActivateExtension vscode.merge-conflict {"startup":true,"extensionId":{"value":"vscode.merge-conflict","_lower":"vscode.merge-conflict"},"activationEvent":"*"}
[2020-11-20 13:21:12.882] [exthost] [info] ExtensionService#loadCommonJSModule file:///home/code/Downloads/VSCode-linux-x64/resources/app/extensions/merge-conflict/dist/mergeConflictMain
[2020-11-20 13:21:12.943] [exthost] [info] ExtensionService#_doActivateExtension vscode.search-result {"startup":true,"extensionId":{"value":"vscode.search-result","_lower":"vscode.search-result"},"activationEvent":"*"}
[2020-11-20 13:21:12.944] [exthost] [info] ExtensionService#loadCommonJSModule file:///home/code/Downloads/VSCode-linux-x64/resources/app/extensions/search-result/dist/extension.js
[2020-11-20 13:21:12.975] [exthost] [info] ExtensionService#_doActivateExtension alefragnani.Bookmarks {"startup":true,"extensionId":{"value":"alefragnani.Bookmarks","_lower":"alefragnani.bookmarks"},"activationEvent":"*"}
[2020-11-20 13:21:12.977] [exthost] [info] ExtensionService#loadCommonJSModule file:///home/code/.vscode/extensions/alefragnani.bookmarks-11.4.0/dist/extension
[2020-11-20 13:21:13.058] [exthost] [info] ExtensionService#_doActivateExtension CoenraadS.bracket-pair-colorizer-2 {"startup":true,"extensionId":{"value":"CoenraadS.bracket-pair-colorizer-2","_lower":"coenraads.bracket-pair-colorizer-2"},"activationEvent":"*"}
[2020-11-20 13:21:13.076] [exthost] [info] ExtensionService#loadCommonJSModule file:///home/code/.vscode/extensions/coenraads.bracket-pair-colorizer-2-0.2.0/out/src/extension
[2020-11-20 13:21:13.550] [exthost] [info] ExtensionService#_doActivateExtension Equinusocio.vsc-material-theme {"startup":true,"extensionId":{"value":"Equinusocio.vsc-material-theme","_lower":"equinusocio.vsc-material-theme"},"activationEvent":"*"}
[2020-11-20 13:21:13.550] [exthost] [info] ExtensionService#loadCommonJSModule file:///home/code/.vscode/extensions/equinusocio.vsc-material-theme-33.0.0/build/material.theme.config
[2020-11-20 13:21:13.844] [exthost] [info] ExtensionService#_doActivateExtension equinusocio.vsc-material-theme-icons {"startup":true,"extensionId":{"value":"equinusocio.vsc-material-theme-icons","_lower":"equinusocio.vsc-material-theme-icons"},"activationEvent":"*"}
[2020-11-20 13:21:13.845] [exthost] [info] ExtensionService#loadCommonJSModule file:///home/code/.vscode/extensions/equinusocio.vsc-material-theme-icons-1.2.0/out/src/extension
[2020-11-20 13:21:13.976] [exthost] [info] ExtensionService#_doActivateExtension oderwat.indent-rainbow {"startup":true,"extensionId":{"value":"oderwat.indent-rainbow","_lower":"oderwat.indent-rainbow"},"activationEvent":"*"}
[2020-11-20 13:21:13.977] [exthost] [info] ExtensionService#loadCommonJSModule file:///home/code/.vscode/extensions/oderwat.indent-rainbow-7.4.0/out/extension
[2020-11-20 13:21:14.007] [exthost] [info] ExtensionService#_doActivateExtension sainnhe.gruvbox-material {"startup":true,"extensionId":{"value":"sainnhe.gruvbox-material","_lower":"sainnhe.gruvbox-material"},"activationEvent":"*"}
[2020-11-20 13:21:14.007] [exthost] [info] ExtensionService#loadCommonJSModule file:///home/code/.vscode/extensions/sainnhe.gruvbox-material-6.3.4/out/extension.js
[2020-11-20 13:21:18.148] [exthost] [info] ExtensionService#_doActivateExtension ms-vscode.js-debug {"startup":false,"extensionId":{"value":"ms-vscode.js-debug","_lower":"ms-vscode.js-debug"},"activationEvent":"onCommand:extension.js-debug.clearAutoAttachVariables"}
[2020-11-20 13:21:18.148] [exthost] [info] ExtensionService#loadCommonJSModule file:///home/code/Downloads/VSCode-linux-x64/resources/app/extensions/ms-vscode.js-debug/src/extension.js
[2020-11-20 13:21:18.725] [exthost] [info] ExtensionService#_doActivateExtension vscode.github {"startup":false,"extensionId":{"value":"vscode.github","_lower":"vscode.github"},"activationEvent":"*"}
[2020-11-20 13:21:18.725] [exthost] [info] ExtensionService#loadCommonJSModule file:///home/code/Downloads/VSCode-linux-x64/resources/app/extensions/github/dist/extension.js
[2020-11-20 13:21:19.531] [exthost] [info] ExtensionService#_doActivateExtension vscode.configuration-editing {"startup":false,"extensionId":{"value":"vscode.configuration-editing","_lower":"vscode.configuration-editing"},"activationEvent":"onLanguage:json"}
[2020-11-20 13:21:19.531] [exthost] [info] ExtensionService#loadCommonJSModule file:///home/code/Downloads/VSCode-linux-x64/resources/app/extensions/configuration-editing/dist/configurationEditingMain
[2020-11-20 13:21:19.713] [exthost] [info] ExtensionService#_doActivateExtension vscode.extension-editing {"startup":false,"extensionId":{"value":"vscode.extension-editing","_lower":"vscode.extension-editing"},"activationEvent":"onLanguage:json"}
[2020-11-20 13:21:19.713] [exthost] [info] ExtensionService#loadCommonJSModule file:///home/code/Downloads/VSCode-linux-x64/resources/app/extensions/extension-editing/dist/extensionEditingMain
[2020-11-20 13:21:19.968] [exthost] [info] ExtensionService#_doActivateExtension vscode.json-language-features {"startup":false,"extensionId":{"value":"vscode.json-language-features","_lower":"vscode.json-language-features"},"activationEvent":"onLanguage:json"}
[2020-11-20 13:21:19.969] [exthost] [info] ExtensionService#loadCommonJSModule file:///home/code/Downloads/VSCode-linux-x64/resources/app/extensions/json-language-features/client/dist/node/jsonClientMain
[2020-11-20 13:21:20.334] [exthost] [info] ExtensionService#_doActivateExtension vscode.npm {"startup":false,"extensionId":{"value":"vscode.npm","_lower":"vscode.npm"},"activationEvent":"onLanguage:json"}
[2020-11-20 13:21:20.335] [exthost] [info] ExtensionService#loadCommonJSModule file:///home/code/Downloads/VSCode-linux-x64/resources/app/extensions/npm/dist/npmMain
[2020-11-20 13:21:21.408] [exthost] [info] ExtensionService#_doActivateExtension vscode.typescript-language-features {"startup":false,"extensionId":{"value":"vscode.typescript-language-features","_lower":"vscode.typescript-language-features"},"activationEvent":"onLanguage:jsonc"}
[2020-11-20 13:21:21.425] [exthost] [info] ExtensionService#loadCommonJSModule file:///home/code/Downloads/VSCode-linux-x64/resources/app/extensions/typescript-language-features/dist/extension
[2020-11-20 13:21:21.976] [exthost] [info] eager extensions activated
[2020-11-20 13:21:22.069] [exthost] [info] ExtensionService#_doActivateExtension vscode.github-authentication {"startup":false,"extensionId":{"value":"vscode.github-authentication","_lower":"vscode.github-authentication"},"activationEvent":"onAuthenticationRequest:github"}
[2020-11-20 13:21:22.069] [exthost] [info] ExtensionService#loadCommonJSModule file:///home/code/Downloads/VSCode-linux-x64/resources/app/extensions/github-authentication/dist/extension.js
[2020-11-20 13:22:43.587] [exthost] [error] [ms-vscode.cpptools] provider FAILED
[2020-11-20 13:22:43.589] [exthost] [error] undefined
[2020-11-20 13:22:51.892] [exthost] [error] [ms-vscode.cpptools] provider FAILED
[2020-11-20 13:22:51.893] [exthost] [error] undefined
[2020-11-20 13:23:00.206] [exthost] [error] [ms-vscode.cpptools] provider FAILED
[2020-11-20 13:23:00.206] [exthost] [error] undefined
[2020-11-20 13:23:14.970] [exthost] [error] [ms-vscode.cpptools] provider FAILED
[2020-11-20 13:23:14.970] [exthost] [error] undefined
[2020-11-20 13:23:18.971] [exthost] [error] [ms-vscode.cpptools] provider FAILED
[2020-11-20 13:23:18.972] [exthost] [error] undefined
[2020-11-20 13:23:37.850] [exthost] [error] [ms-vscode.cpptools] provider FAILED
[2020-11-20 13:23:37.850] [exthost] [error] undefined
[2020-11-20 13:23:50.089] [exthost] [error] [ms-vscode.cpptools] provider FAILED
[2020-11-20 13:23:50.090] [exthost] [error] undefined
[2020-11-20 13:24:16.211] [exthost] [error] [ms-vscode.cpptools] provider FAILED
[2020-11-20 13:24:16.211] [exthost] [error] undefined
[2020-11-20 13:24:20.979] [exthost] [error] [ms-vscode.cpptools] provider FAILED
[2020-11-20 13:24:20.979] [exthost] [error] undefined
[2020-11-20 13:25:39.908] [exthost] [error] [ms-vscode.cpptools] provider FAILED
[2020-11-20 13:25:39.908] [exthost] [error] undefined
[2020-11-20 13:25:40.198] [exthost] [error] [ms-vscode.cpptools] provider FAILED
[2020-11-20 13:25:40.198] [exthost] [error] undefined
[2020-11-20 13:25:43.695] [exthost] [error] [ms-vscode.cpptools] provider FAILED
[2020-11-20 13:25:43.695] [exthost] [error] undefined
[2020-11-20 13:26:06.404] [exthost] [error] [ms-vscode.cpptools] provider FAILED
[2020-11-20 13:26:06.407] [exthost] [error] undefined
[2020-11-20 13:26:17.832] [exthost] [error] [ms-vscode.cpptools] provider FAILED
[2020-11-20 13:26:17.832] [exthost] [error] undefined
[2020-11-20 13:26:36.636] [exthost] [error] [ms-vscode.cpptools] provider FAILED
[2020-11-20 13:26:36.636] [exthost] [error] undefined
[2020-11-20 13:26:48.424] [exthost] [error] [ms-vscode.cpptools] provider FAILED
[2020-11-20 13:26:48.424] [exthost] [error] undefined
[2020-11-20 13:26:56.406] [exthost] [error] [ms-vscode.cpptools] provider FAILED
[2020-11-20 13:26:56.411] [exthost] [error] undefined
[2020-11-20 13:27:03.301] [exthost] [error] [ms-vscode.cpptools] provider FAILED
[2020-11-20 13:27:03.301] [exthost] [error] undefined
[2020-11-20 13:27:12.261] [exthost] [error] [ms-vscode.cpptools] provider FAILED
[2020-11-20 13:27:12.261] [exthost] [error] undefined
[2020-11-20 13:27:33.454] [exthost] [error] [ms-vscode.cpptools] provider FAILED
[2020-11-20 13:27:33.454] [exthost] [error] undefined
[2020-11-20 13:28:10.857] [exthost] [error] [ms-vscode.cpptools] provider FAILED
[2020-11-20 13:28:10.858] [exthost] [error] undefined
[2020-11-20 13:28:47.738] [exthost] [error] [ms-vscode.cpptools] provider FAILED
[2020-11-20 13:28:47.738] [exthost] [error] undefined
[2020-11-20 13:28:57.027] [exthost] [error] [ms-vscode.cpptools] provider FAILED
[2020-11-20 13:28:57.027] [exthost] [error] undefined
[2020-11-20 13:29:08.629] [exthost] [error] [ms-vscode.cpptools] provider FAILED
[2020-11-20 13:29:08.629] [exthost] [error] undefined
[2020-11-20 13:29:25.433] [exthost] [error] [ms-vscode.cpptools] provider FAILED
[2020-11-20 13:29:25.433] [exthost] [error] undefined
[2020-11-20 13:29:31.564] [exthost] [error] [ms-vscode.cpptools] provider FAILED
[2020-11-20 13:29:31.564] [exthost] [error] undefined
[2020-11-20 13:29:36.533] [exthost] [error] [ms-vscode.cpptools] provider FAILED
[2020-11-20 13:29:36.533] [exthost] [error] undefined
[2020-11-20 13:29:41.612] [exthost] [error] [ms-vscode.cpptools] provider FAILED
[2020-11-20 13:29:41.612] [exthost] [error] undefined
[2020-11-20 13:29:44.423] [exthost] [error] [ms-vscode.cpptools] provider FAILED
[2020-11-20 13:29:44.429] [exthost] [error] undefined
[2020-11-20 13:29:52.057] [exthost] [error] [ms-vscode.cpptools] provider FAILED
[2020-11-20 13:29:52.057] [exthost] [error] undefined
[2020-11-20 13:29:56.952] [exthost] [error] [ms-vscode.cpptools] provider FAILED
[2020-11-20 13:29:56.952] [exthost] [error] undefined
[2020-11-20 13:30:18.470] [exthost] [error] [ms-vscode.cpptools] provider FAILED
[2020-11-20 13:30:18.470] [exthost] [error] undefined
[2020-11-20 13:30:24.844] [exthost] [error] [ms-vscode.cpptools] provider FAILED
[2020-11-20 13:30:24.845] [exthost] [error] undefined
[2020-11-20 13:30:37.225] [exthost] [error] [ms-vscode.cpptools] provider FAILED
[2020-11-20 13:30:37.225] [exthost] [error] undefined
[2020-11-20 13:30:48.410] [exthost] [error] [ms-vscode.cpptools] provider FAILED
[2020-11-20 13:30:48.410] [exthost] [error] undefined
[2020-11-20 13:31:16.025] [exthost] [error] [ms-vscode.cpptools] provider FAILED
[2020-11-20 13:31:16.026] [exthost] [error] undefined
[2020-11-20 13:31:46.724] [exthost] [error] [ms-vscode.cpptools] provider FAILED
[2020-11-20 13:31:46.726] [exthost] [error] undefined
[2020-11-20 13:31:53.087] [exthost] [error] [ms-vscode.cpptools] provider FAILED
[2020-11-20 13:31:53.087] [exthost] [error] undefined
[2020-11-20 13:32:00.930] [exthost] [error] [ms-vscode.cpptools] provider FAILED
[2020-11-20 13:32:00.930] [exthost] [error] undefined
[2020-11-20 13:32:05.747] [exthost] [error] [ms-vscode.cpptools] provider FAILED
[2020-11-20 13:32:05.747] [exthost] [error] undefined
[2020-11-20 13:32:31.028] [exthost] [error] [ms-vscode.cpptools] provider FAILED
[2020-11-20 13:32:31.029] [exthost] [error] undefined
[2020-11-20 13:32:39.976] [exthost] [error] [ms-vscode.cpptools] provider FAILED
[2020-11-20 13:32:39.976] [exthost] [error] undefined
[2020-11-20 13:32:50.996] [exthost] [error] [ms-vscode.cpptools] provider FAILED
[2020-11-20 13:32:51.000] [exthost] [error] undefined
[2020-11-20 13:32:58.306] [exthost] [error] [ms-vscode.cpptools] provider FAILED
[2020-11-20 13:32:58.306] [exthost] [error] undefined
[2020-11-20 13:33:00.881] [exthost] [error] [ms-vscode.cpptools] provider FAILED
[2020-11-20 13:33:00.881] [exthost] [error] undefined
[2020-11-20 13:33:08.321] [exthost] [error] [ms-vscode.cpptools] provider FAILED
[2020-11-20 13:33:08.321] [exthost] [error] undefined
[2020-11-20 13:33:12.606] [exthost] [error] [ms-vscode.cpptools] provider FAILED
[2020-11-20 13:33:12.606] [exthost] [error] undefined
[2020-11-20 13:33:21.266] [exthost] [error] [ms-vscode.cpptools] provider FAILED
[2020-11-20 13:33:21.266] [exthost] [error] undefined
[2020-11-20 13:33:23.324] [exthost] [error] [ms-vscode.cpptools] provider FAILED
[2020-11-20 13:33:23.325] [exthost] [error] undefined
[2020-11-20 13:33:25.857] [exthost] [error] [ms-vscode.cpptools] provider FAILED
[2020-11-20 13:33:25.864] [exthost] [error] undefined
[2020-11-20 13:34:01.982] [exthost] [error] [ms-vscode.cpptools] provider FAILED
[2020-11-20 13:34:01.982] [exthost] [error] undefined
[2020-11-20 13:34:09.837] [exthost] [error] [ms-vscode.cpptools] provider FAILED
[2020-11-20 13:34:09.837] [exthost] [error] undefined
[2020-11-20 13:37:15.445] [exthost] [error] [ms-vscode.cpptools] provider FAILED
[2020-11-20 13:37:15.445] [exthost] [error] undefined
[2020-11-20 13:37:20.952] [exthost] [error] [ms-vscode.cpptools] provider FAILED
[2020-11-20 13:37:20.952] [exthost] [error] undefined
[2020-11-20 13:40:11.517] [exthost] [error] [ms-vscode.cpptools] provider FAILED
[2020-11-20 13:40:11.517] [exthost] [error] undefined
[2020-11-20 13:42:46.966] [exthost] [error] [ms-vscode.cpptools] provider FAILED
[2020-11-20 13:42:46.966] [exthost] [error] undefined
[2020-11-20 13:44:18.599] [exthost] [error] [ms-vscode.cpptools] provider FAILED
[2020-11-20 13:44:18.599] [exthost] [error] undefined
[2020-11-20 13:44:36.922] [exthost] [error] [ms-vscode.cpptools] provider FAILED
[2020-11-20 13:44:36.922] [exthost] [error] undefined
[2020-11-20 13:44:43.271] [exthost] [error] [ms-vscode.cpptools] provider FAILED
[2020-11-20 13:44:43.272] [exthost] [error] undefined
[2020-11-20 13:44:50.297] [exthost] [error] [ms-vscode.cpptools] provider FAILED
[2020-11-20 13:44:50.297] [exthost] [error] undefined
[2020-11-20 13:44:51.871] [exthost] [error] [ms-vscode.cpptools] provider FAILED
[2020-11-20 13:44:51.871] [exthost] [error] undefined
[2020-11-20 13:45:09.106] [exthost] [error] [ms-vscode.cpptools] provider FAILED
[2020-11-20 13:45:09.106] [exthost] [error] undefined
[2020-11-20 13:45:11.162] [exthost] [error] [ms-vscode.cpptools] provider FAILED
[2020-11-20 13:45:11.162] [exthost] [error] undefined
[2020-11-20 13:45:19.796] [exthost] [error] [ms-vscode.cpptools] provider FAILED
[2020-11-20 13:45:19.796] [exthost] [error] undefined
[2020-11-20 13:45:26.639] [exthost] [error] [ms-vscode.cpptools] provider FAILED
[2020-11-20 13:45:26.640] [exthost] [error] undefined
[2020-11-20 13:45:44.068] [exthost] [error] [ms-vscode.cpptools] provider FAILED
[2020-11-20 13:45:44.068] [exthost] [error] undefined
[2020-11-20 13:46:00.383] [exthost] [error] [ms-vscode.cpptools] provider FAILED
[2020-11-20 13:46:00.387] [exthost] [error] undefined
[2020-11-20 13:46:16.347] [exthost] [error] [ms-vscode.cpptools] provider FAILED
[2020-11-20 13:46:16.347] [exthost] [error] undefined
[2020-11-20 13:47:55.637] [exthost] [error] [ms-vscode.cpptools] provider FAILED
[2020-11-20 13:47:55.638] [exthost] [error] undefined
