[2020-12-03 14:39:03.301] [sharedprocess] [info] main {"machineId":"d6913e04aa0f60cbee337520f0f816bc76f7d1b3161eebbc98bdbcdc470efa33","windowId":2}
[2020-12-03 14:39:04.864] [sharedprocess] [info] Deleted from disk alefragnani.bookmarks /home/code/.vscode/extensions/alefragnani.bookmarks-11.4.0
[2020-12-03 14:39:19.334] [sharedprocess] [info] Installing extension: ms-toolsai.jupyter
[2020-12-03 14:39:43.398] [sharedprocess] [info] Starting to clean up unused language packs.
[2020-12-03 14:39:47.299] [sharedprocess] [info] Downloaded extension: ms-toolsai.jupyter undefined
[2020-12-03 14:39:59.863] [sharedprocess] [info] Extracted extension to /home/code/.vscode/extensions/.ms-toolsai.jupyter-2020.11.392013122: ms-toolsai.jupyter
[2020-12-03 14:39:59.864] [sharedprocess] [info] Renamed to /home/code/.vscode/extensions/ms-toolsai.jupyter-2020.11.392013122
[2020-12-03 14:39:59.906] [sharedprocess] [info] Installation completed. ms-toolsai.jupyter
[2020-12-03 14:40:00.216] [sharedprocess] [info] Extensions installed successfully: ms-toolsai.jupyter
[2020-12-03 14:44:01.881] [sharedprocess] [info] Installing extension: robbowen.synthwave-vscode
[2020-12-03 14:44:03.369] [sharedprocess] [info] Downloaded extension: robbowen.synthwave-vscode undefined
[2020-12-03 14:44:04.986] [sharedprocess] [info] Extracted extension to /home/code/.vscode/extensions/.robbowen.synthwave-vscode-0.1.8: robbowen.synthwave-vscode
[2020-12-03 14:44:04.987] [sharedprocess] [info] Renamed to /home/code/.vscode/extensions/robbowen.synthwave-vscode-0.1.8
[2020-12-03 14:44:04.990] [sharedprocess] [info] Installation completed. robbowen.synthwave-vscode
[2020-12-03 14:44:05.073] [sharedprocess] [info] Extensions installed successfully: robbowen.synthwave-vscode
[2020-12-03 14:47:08.949] [sharedprocess] [info] Installing extension: zhuangtongfa.material-theme
[2020-12-03 14:47:10.184] [sharedprocess] [info] Downloaded extension: zhuangtongfa.material-theme undefined
[2020-12-03 14:47:13.771] [sharedprocess] [info] Extracted extension to /home/code/.vscode/extensions/.zhuangtongfa.material-theme-3.9.11: zhuangtongfa.material-theme
[2020-12-03 14:47:13.775] [sharedprocess] [info] Renamed to /home/code/.vscode/extensions/zhuangtongfa.material-theme-3.9.11
[2020-12-03 14:47:13.810] [sharedprocess] [info] Installation completed. zhuangtongfa.material-theme
[2020-12-03 14:47:13.957] [sharedprocess] [info] Extensions installed successfully: zhuangtongfa.material-theme
