User belongs to experiment group 'ShowPlayIcon - start'
User belongs to experiment group 'ShowExtensionSurveyPrompt - control'
User belongs to experiment group 'DebugAdapterFactory - experiment'
User belongs to experiment group 'PtvsdWheels37 - experiment'
User belongs to experiment group 'UseTerminalToGetActivatedEnvVars - control'
User belongs to experiment group 'LocalZMQKernel - experiment'
User belongs to experiment group 'CollectLSRequestTiming - control'
User belongs to experiment group 'CollectNodeLSRequestTiming - experiment'
User belongs to experiment group 'EnableIPyWidgets - experiment'
User belongs to experiment group 'RunByLine - experiment'
User belongs to experiment group 'CustomEditorSupport - control'
User belongs to experiment group 'pythonaa'
> conda --version
> pyenv root
> python3.7 ~/.vscode/extensions/ms-python.python-2020.11.371526539/pythonFiles/pyvsc-run-isolated.py -c "import sys;print(sys.executable)"
> python3.6 ~/.vscode/extensions/ms-python.python-2020.11.371526539/pythonFiles/pyvsc-run-isolated.py -c "import sys;print(sys.executable)"
> python3 ~/.vscode/extensions/ms-python.python-2020.11.371526539/pythonFiles/pyvsc-run-isolated.py -c "import sys;print(sys.executable)"
> python2 ~/.vscode/extensions/ms-python.python-2020.11.371526539/pythonFiles/pyvsc-run-isolated.py -c "import sys;print(sys.executable)"
> python ~/.vscode/extensions/ms-python.python-2020.11.371526539/pythonFiles/pyvsc-run-isolated.py -c "import sys;print(sys.executable)"
> python ~/.vscode/extensions/ms-python.python-2020.11.371526539/pythonFiles/pyvsc-run-isolated.py -c "import sys;print(sys.executable)"
> conda info --json
> python ~/.vscode/extensions/ms-python.python-2020.11.371526539/pythonFiles/pyvsc-run-isolated.py -c "import sys;print(sys.executable)"
> python ~/.vscode/extensions/ms-python.python-2020.11.371526539/pythonFiles/pyvsc-run-isolated.py -c "import sys;print(sys.executable)"
> pyenv root
Error 2020-11-30 18:52:48: Failed to check if file needs to be fixed [EntryNotFound (FileSystemError): Unable to read file '/home/code/python/.vscode/settings.json' (EntryNotFound (FileSystemError): Error: ENOENT: no such file or directory, open '/home/code/python/.vscode/settings.json')
	at _handleError (/home/code/Downloads/VSCode-linux-x64/resources/app/out/vs/workbench/services/extensions/node/extensionHostProcess.js:730:838)
	at processTicksAndRejections (internal/process/task_queues.js:94:5)
	at async y.readText (/home/code/.vscode/extensions/ms-python.python-2020.11.371526539/out/client/extension.js:9:152841)
	at async p.doesFileNeedToBeFixed (/home/code/.vscode/extensions/ms-python.python-2020.11.371526539/out/client/extension.js:39:469606)
	at async /home/code/.vscode/extensions/ms-python.python-2020.11.371526539/out/client/extension.js:39:468733
	at async Promise.all (index 1)
	at async p.getFilesToBeFixed (/home/code/.vscode/extensions/ms-python.python-2020.11.371526539/out/client/extension.js:39:468679)
	at async p.updateTestSettings (/home/code/.vscode/extensions/ms-python.python-2020.11.371526539/out/client/extension.js:39:468306)] {
  code: 'FileNotFound',
  name: 'EntryNotFound (FileSystemError)'
}
Starting Jedi Python language engine.
Python interpreter path: /usr/bin/python
> /usr/bin/python ~/.vscode/extensions/ms-python.python-2020.11.371526539/pythonFiles/pyvsc-run-isolated.py -c "import sys;print(sys.prefix)"
cwd: ~/python
> /usr/bin/python ~/.vscode/extensions/ms-python.python-2020.11.371526539/pythonFiles/pyvsc-run-isolated.py -c "import sys;print(sys.prefix)"
cwd: ~/python
> /usr/bin/python ~/.vscode/extensions/ms-python.python-2020.11.371526539/pythonFiles/pyvsc-run-isolated.py -c "import sys;print(sys.executable)"
cwd: ~/python
> /usr/bin/python ~/.vscode/extensions/ms-python.python-2020.11.371526539/pythonFiles/pyvsc-run-isolated.py -c "import sys;print(sys.executable)"
cwd: ~/python
> /usr/bin/python ~/.vscode/extensions/ms-python.python-2020.11.371526539/pythonFiles/pyvsc-run-isolated.py -c "from distutils.sysconfig import get_python_lib; print(get_python_lib())"
cwd: ~/python
> /usr/bin/python ~/.vscode/extensions/ms-python.python-2020.11.371526539/pythonFiles/pyvsc-run-isolated.py -c "from distutils.sysconfig import get_python_lib; print(get_python_lib())"
cwd: ~/python
> /usr/bin/python ~/.vscode/extensions/ms-python.python-2020.11.371526539/pythonFiles/pyvsc-run-isolated.py site --user-site
cwd: ~/python
> /usr/bin/python ~/.vscode/extensions/ms-python.python-2020.11.371526539/pythonFiles/pyvsc-run-isolated.py site --user-site
cwd: ~/python
> conda --version
> /usr/bin/python ~/.vscode/extensions/ms-python.python-2020.11.371526539/pythonFiles/pyvsc-run-isolated.py ~/.vscode/extensions/ms-python.python-2020.11.371526539/pythonFiles/completion.py
> /usr/bin/python ~/.vscode/extensions/ms-python.python-2020.11.371526539/pythonFiles/pyvsc-run-isolated.py ~/.vscode/extensions/ms-python.python-2020.11.371526539/pythonFiles/completion.py
> /usr/bin/python ~/.vscode/extensions/ms-python.python-2020.11.371526539/pythonFiles/pyvsc-run-isolated.py pylint --disable=all --enable=F,unreachable,duplicate-key,unnecessary-semicolon,global-variable-not-assigned,unused-variable,unused-wildcard-import,binary-op-exception,bad-format-string,anomalous-backslash-in-string,bad-open-mode,E0001,E0011,E0012,E0100,E0101,E0102,E0103,E0104,E0105,E0107,E0108,E0110,E0111,E0112,E0113,E0114,E0115,E0116,E0117,E0118,E0202,E0203,E0211,E0213,E0236,E0237,E0238,E0239,E0240,E0241,E0301,E0302,E0303,E0401,E0402,E0601,E0602,E0603,E0604,E0611,E0632,E0633,E0701,E0702,E0703,E0704,E0710,E0711,E0712,E1003,E1101,E1102,E1111,E1120,E1121,E1123,E1124,E1125,E1126,E1127,E1128,E1129,E1130,E1131,E1132,E1133,E1134,E1135,E1136,E1137,E1138,E1139,E1200,E1201,E1205,E1206,E1300,E1301,E1302,E1303,E1304,E1305,E1306,E1310,E1700,E1701 --msg-template='{line},{column},{category},{symbol}:{msg}' --reports=n --output-format=text ~/python/span.py
cwd: ~/python
> /usr/bin/python ~/.vscode/extensions/ms-python.python-2020.11.371526539/pythonFiles/pyvsc-run-isolated.py pylint --disable=all --enable=F,unreachable,duplicate-key,unnecessary-semicolon,global-variable-not-assigned,unused-variable,unused-wildcard-import,binary-op-exception,bad-format-string,anomalous-backslash-in-string,bad-open-mode,E0001,E0011,E0012,E0100,E0101,E0102,E0103,E0104,E0105,E0107,E0108,E0110,E0111,E0112,E0113,E0114,E0115,E0116,E0117,E0118,E0202,E0203,E0211,E0213,E0236,E0237,E0238,E0239,E0240,E0241,E0301,E0302,E0303,E0401,E0402,E0601,E0602,E0603,E0604,E0611,E0632,E0633,E0701,E0702,E0703,E0704,E0710,E0711,E0712,E1003,E1101,E1102,E1111,E1120,E1121,E1123,E1124,E1125,E1126,E1127,E1128,E1129,E1130,E1131,E1132,E1133,E1134,E1135,E1136,E1137,E1138,E1139,E1200,E1201,E1205,E1206,E1300,E1301,E1302,E1303,E1304,E1305,E1306,E1310,E1700,E1701 --msg-template='{line},{column},{category},{symbol}:{msg}' --reports=n --output-format=text ~/python/span.py
cwd: ~/python
> /usr/bin/python ~/.vscode/extensions/ms-python.python-2020.11.371526539/pythonFiles/pyvsc-run-isolated.py -c "import pylint"
> /usr/bin/python ~/.vscode/extensions/ms-python.python-2020.11.371526539/pythonFiles/pyvsc-run-isolated.py -c "import pylint"
> /usr/bin/python ~/.vscode/extensions/ms-python.python-2020.11.371526539/pythonFiles/pyvsc-run-isolated.py -c "import pylint"
> /usr/bin/python ~/.vscode/extensions/ms-python.python-2020.11.371526539/pythonFiles/pyvsc-run-isolated.py -c "import pylint"

Linter 'pylint' is not installed. Please install it or select another linter".
Error: Module 'pylint' not installed.
Error 2020-11-30 18:52:54: stderr jediProxy Error (stderr) /home/code/.vscode/extensions/ms-python.python-2020.11.371526539/pythonFiles/completion.py:584: DeprecationWarning: Deprecated since version 0.16.0. Use Script(...).get_names instead.
  jedi.api.names(

Error 2020-11-30 18:52:57: stderr jediProxy Error (stderr) /home/code/.vscode/extensions/ms-python.python-2020.11.371526539/pythonFiles/completion.py:592: DeprecationWarning: Providing the line is now done in the functions themselves like `Script(...).complete(line, column)`
  script = jedi.Script(
/home/code/.vscode/extensions/ms-python.python-2020.11.371526539/pythonFiles/completion.py:592: DeprecationWarning: Providing the column is now done in the functions themselves like `Script(...).complete(line, column)`
  script = jedi.Script(
/home/code/.vscode/extensions/ms-python.python-2020.11.371526539/pythonFiles/completion.py:592: DeprecationWarning: Deprecated since version 0.17.0. Use the project API instead, which means Script(project=Project(dir, sys_path=sys_path)) instead.
  script = jedi.Script(
/home/code/.vscode/extensions/ms-python.python-2020.11.371526539/pythonFiles/completion.py:626: DeprecationWarning: Deprecated since version 0.16.0. Use Script(...).infer instead.
  script.goto_definitions(), request["id"]

Error 2020-11-30 18:53:01: stderr jediProxy Error (stderr) /home/code/.vscode/extensions/ms-python.python-2020.11.371526539/pythonFiles/completion.py:592: DeprecationWarning: Providing the line is now done in the functions themselves like `Script(...).complete(line, column)`
  script = jedi.Script(
/home/code/.vscode/extensions/ms-python.python-2020.11.371526539/pythonFiles/completion.py:592: DeprecationWarning: Providing the column is now done in the functions themselves like `Script(...).complete(line, column)`
  script = jedi.Script(
/home/code/.vscode/extensions/ms-python.python-2020.11.371526539/pythonFiles/completion.py:592: DeprecationWarning: Use the code keyword argument instead.
  script = jedi.Script(
/home/code/.vscode/extensions/ms-python.python-2020.11.371526539/pythonFiles/completion.py:592: DeprecationWarning: Deprecated since version 0.17.0. Use the project API instead, which means Script(project=Project(dir, sys_path=sys_path)) instead.
  script = jedi.Script(
/home/code/.vscode/extensions/ms-python.python-2020.11.371526539/pythonFiles/completion.py:105: DeprecationWarning: Deprecated since version 0.16.0. Use Script(...).get_signatures instead.
  call_signatures = script.call_signatures()
/home/code/.vscode/extensions/ms-python.python-2020.11.371526539/pythonFiles/completion.py:230: DeprecationWarning: Deprecated since version 0.16.0. Use Script(...).complete instead.
  completions = script.completions()

Error 2020-11-30 18:53:02: stderr jediProxy Error (stderr) /home/code/.vscode/extensions/ms-python.python-2020.11.371526539/pythonFiles/completion.py:626: DeprecationWarning: Deprecated since version 0.16.0. Use Script(...).infer instead.
  script.goto_definitions(), request["id"]

Error 2020-11-30 18:53:34: stderr jediProxy Error (stderr) /home/code/.vscode/extensions/ms-python.python-2020.11.371526539/pythonFiles/completion.py:144: DeprecationWarning: Deprecated since version 0.16.0. Use Script(...).get_signatures instead.
  call_signatures = script.call_signatures()

Error 2020-11-30 18:53:39: stderr jediProxy Error (stderr) /home/code/.vscode/extensions/ms-python.python-2020.11.371526539/pythonFiles/completion.py:592: DeprecationWarning: Providing the line is now done in the functions themselves like `Script(...).complete(line, column)`
  script = jedi.Script(
/home/code/.vscode/extensions/ms-python.python-2020.11.371526539/pythonFiles/completion.py:592: DeprecationWarning: Providing the column is now done in the functions themselves like `Script(...).complete(line, column)`
  script = jedi.Script(

Error 2020-11-30 18:53:39: stderr jediProxy Error (stderr) /home/code/.vscode/extensions/ms-python.python-2020.11.371526539/pythonFiles/completion.py:592: DeprecationWarning: Use the code keyword argument instead.
  script = jedi.Script(
/home/code/.vscode/extensions/ms-python.python-2020.11.371526539/pythonFiles/completion.py:592: DeprecationWarning: Deprecated since version 0.17.0. Use the project API instead, which means Script(project=Project(dir, sys_path=sys_path)) instead.
  script = jedi.Script(

Error 2020-11-30 18:53:39: stderr jediProxy Error (stderr) /home/code/.vscode/extensions/ms-python.python-2020.11.371526539/pythonFiles/completion.py:144: DeprecationWarning: Deprecated since version 0.16.0. Use Script(...).get_signatures instead.
  call_signatures = script.call_signatures()

Error 2020-11-30 18:53:42: stderr jediProxy Error (stderr) /home/code/.vscode/extensions/ms-python.python-2020.11.371526539/pythonFiles/completion.py:105: DeprecationWarning: Deprecated since version 0.16.0. Use Script(...).get_signatures instead.
  call_signatures = script.call_signatures()

Error 2020-11-30 18:53:42: stderr jediProxy Error (stderr) /home/code/.vscode/extensions/ms-python.python-2020.11.371526539/pythonFiles/completion.py:230: DeprecationWarning: Deprecated since version 0.16.0. Use Script(...).complete instead.
  completions = script.completions()

Error 2020-11-30 18:53:43: stderr jediProxy Error (stderr) /home/code/.vscode/extensions/ms-python.python-2020.11.371526539/pythonFiles/completion.py:626: DeprecationWarning: Deprecated since version 0.16.0. Use Script(...).infer instead.
  script.goto_definitions(), request["id"]

Error 2020-11-30 18:54:10: stderr jediProxy Error (stderr) /home/code/.vscode/extensions/ms-python.python-2020.11.371526539/pythonFiles/completion.py:592: DeprecationWarning: Providing the line is now done in the functions themselves like `Script(...).complete(line, column)`
  script = jedi.Script(
/home/code/.vscode/extensions/ms-python.python-2020.11.371526539/pythonFiles/completion.py:592: DeprecationWarning: Providing the column is now done in the functions themselves like `Script(...).complete(line, column)`
  script = jedi.Script(
/home/code/.vscode/extensions/ms-python.python-2020.11.371526539/pythonFiles/completion.py:592: DeprecationWarning: Use the code keyword argument instead.
  script = jedi.Script(
/home/code/.vscode/extensions/ms-python.python-2020.11.371526539/pythonFiles/completion.py:592: DeprecationWarning: Deprecated since version 0.17.0. Use the project API instead, which means Script(project=Project(dir, sys_path=sys_path)) instead.
  script = jedi.Script(

Error 2020-11-30 18:54:10: stderr jediProxy Error (stderr) /home/code/.vscode/extensions/ms-python.python-2020.11.371526539/pythonFiles/completion.py:105: DeprecationWarning: Deprecated since version 0.16.0. Use Script(...).get_signatures instead.
  call_signatures = script.call_signatures()

Error 2020-11-30 18:54:10: stderr jediProxy Error (stderr) /home/code/.vscode/extensions/ms-python.python-2020.11.371526539/pythonFiles/completion.py:230: DeprecationWarning: Deprecated since version 0.16.0. Use Script(...).complete instead.
  completions = script.completions()

Error 2020-11-30 18:54:14: stderr jediProxy Error (stderr) /home/code/.vscode/extensions/ms-python.python-2020.11.371526539/pythonFiles/completion.py:626: DeprecationWarning: Deprecated since version 0.16.0. Use Script(...).infer instead.
  script.goto_definitions(), request["id"]

Error 2020-11-30 18:54:14: stderr jediProxy Error (stderr) /home/code/.vscode/extensions/ms-python.python-2020.11.371526539/pythonFiles/completion.py:144: DeprecationWarning: Deprecated since version 0.16.0. Use Script(...).get_signatures instead.
  call_signatures = script.call_signatures()

Error 2020-11-30 18:54:18: stderr jediProxy Error (stderr) /home/code/.vscode/extensions/ms-python.python-2020.11.371526539/pythonFiles/completion.py:592: DeprecationWarning: Providing the line is now done in the functions themselves like `Script(...).complete(line, column)`
  script = jedi.Script(
/home/code/.vscode/extensions/ms-python.python-2020.11.371526539/pythonFiles/completion.py:592: DeprecationWarning: Providing the column is now done in the functions themselves like `Script(...).complete(line, column)`
  script = jedi.Script(
/home/code/.vscode/extensions/ms-python.python-2020.11.371526539/pythonFiles/completion.py:592: DeprecationWarning: Use the code keyword argument instead.
  script = jedi.Script(
/home/code/.vscode/extensions/ms-python.python-2020.11.371526539/pythonFiles/completion.py:592: DeprecationWarning: Deprecated since version 0.17.0. Use the project API instead, which means Script(project=Project(dir, sys_path=sys_path)) instead.
  script = jedi.Script(

Error 2020-11-30 18:54:18: stderr jediProxy Error (stderr) /home/code/.vscode/extensions/ms-python.python-2020.11.371526539/pythonFiles/completion.py:105: DeprecationWarning: Deprecated since version 0.16.0. Use Script(...).get_signatures instead.
  call_signatures = script.call_signatures()

Error 2020-11-30 18:54:18: stderr jediProxy Error (stderr) /home/code/.vscode/extensions/ms-python.python-2020.11.371526539/pythonFiles/completion.py:230: DeprecationWarning: Deprecated since version 0.16.0. Use Script(...).complete instead.
  completions = script.completions()

Error 2020-11-30 18:54:18: stderr jediProxy Error (stderr) /home/code/.vscode/extensions/ms-python.python-2020.11.371526539/pythonFiles/completion.py:144: DeprecationWarning: Deprecated since version 0.16.0. Use Script(...).get_signatures instead.
  call_signatures = script.call_signatures()

Error 2020-11-30 18:54:19: stderr jediProxy Error (stderr) /home/code/.vscode/extensions/ms-python.python-2020.11.371526539/pythonFiles/completion.py:592: DeprecationWarning: Providing the line is now done in the functions themselves like `Script(...).complete(line, column)`
  script = jedi.Script(
/home/code/.vscode/extensions/ms-python.python-2020.11.371526539/pythonFiles/completion.py:592: DeprecationWarning: Providing the column is now done in the functions themselves like `Script(...).complete(line, column)`
  script = jedi.Script(
/home/code/.vscode/extensions/ms-python.python-2020.11.371526539/pythonFiles/completion.py:592: DeprecationWarning: Use the code keyword argument instead.
  script = jedi.Script(
/home/code/.vscode/extensions/ms-python.python-2020.11.371526539/pythonFiles/completion.py:592: DeprecationWarning: Deprecated since version 0.17.0. Use the project API instead, which means Script(project=Project(dir, sys_path=sys_path)) instead.
  script = jedi.Script(

Error 2020-11-30 18:54:19: stderr jediProxy Error (stderr) /home/code/.vscode/extensions/ms-python.python-2020.11.371526539/pythonFiles/completion.py:144: DeprecationWarning: Deprecated since version 0.16.0. Use Script(...).get_signatures instead.
  call_signatures = script.call_signatures()

Error 2020-11-30 18:54:20: stderr jediProxy Error (stderr) /home/code/.vscode/extensions/ms-python.python-2020.11.371526539/pythonFiles/completion.py:592: DeprecationWarning: Providing the line is now done in the functions themselves like `Script(...).complete(line, column)`
  script = jedi.Script(
/home/code/.vscode/extensions/ms-python.python-2020.11.371526539/pythonFiles/completion.py:592: DeprecationWarning: Providing the column is now done in the functions themselves like `Script(...).complete(line, column)`
  script = jedi.Script(
/home/code/.vscode/extensions/ms-python.python-2020.11.371526539/pythonFiles/completion.py:592: DeprecationWarning: Use the code keyword argument instead.
  script = jedi.Script(
/home/code/.vscode/extensions/ms-python.python-2020.11.371526539/pythonFiles/completion.py:592: DeprecationWarning: Deprecated since version 0.17.0. Use the project API instead, which means Script(project=Project(dir, sys_path=sys_path)) instead.
  script = jedi.Script(

Error 2020-11-30 18:54:20: stderr jediProxy Error (stderr) /home/code/.vscode/extensions/ms-python.python-2020.11.371526539/pythonFiles/completion.py:105: DeprecationWarning: Deprecated since version 0.16.0. Use Script(...).get_signatures instead.
  call_signatures = script.call_signatures()

Error 2020-11-30 18:54:20: stderr jediProxy Error (stderr) /home/code/.vscode/extensions/ms-python.python-2020.11.371526539/pythonFiles/completion.py:230: DeprecationWarning: Deprecated since version 0.16.0. Use Script(...).complete instead.
  completions = script.completions()

Error 2020-11-30 18:54:21: stderr jediProxy Error (stderr) /home/code/.vscode/extensions/ms-python.python-2020.11.371526539/pythonFiles/completion.py:144: DeprecationWarning: Deprecated since version 0.16.0. Use Script(...).get_signatures instead.
  call_signatures = script.call_signatures()

Error 2020-11-30 18:54:22: stderr jediProxy Error (stderr) /home/code/.vscode/extensions/ms-python.python-2020.11.371526539/pythonFiles/completion.py:592: DeprecationWarning: Providing the line is now done in the functions themselves like `Script(...).complete(line, column)`
  script = jedi.Script(
/home/code/.vscode/extensions/ms-python.python-2020.11.371526539/pythonFiles/completion.py:592: DeprecationWarning: Providing the column is now done in the functions themselves like `Script(...).complete(line, column)`
  script = jedi.Script(

Error 2020-11-30 18:54:22: stderr jediProxy Error (stderr) /home/code/.vscode/extensions/ms-python.python-2020.11.371526539/pythonFiles/completion.py:592: DeprecationWarning: Use the code keyword argument instead.
  script = jedi.Script(
/home/code/.vscode/extensions/ms-python.python-2020.11.371526539/pythonFiles/completion.py:592: DeprecationWarning: Deprecated since version 0.17.0. Use the project API instead, which means Script(project=Project(dir, sys_path=sys_path)) instead.
  script = jedi.Script(

Error 2020-11-30 18:54:22: stderr jediProxy Error (stderr) /home/code/.vscode/extensions/ms-python.python-2020.11.371526539/pythonFiles/completion.py:144: DeprecationWarning: Deprecated since version 0.16.0. Use Script(...).get_signatures instead.
  call_signatures = script.call_signatures()

Error 2020-11-30 18:54:23: stderr jediProxy Error (stderr) /home/code/.vscode/extensions/ms-python.python-2020.11.371526539/pythonFiles/completion.py:592: DeprecationWarning: Providing the line is now done in the functions themselves like `Script(...).complete(line, column)`
  script = jedi.Script(

Error 2020-11-30 18:54:23: stderr jediProxy Error (stderr) /home/code/.vscode/extensions/ms-python.python-2020.11.371526539/pythonFiles/completion.py:592: DeprecationWarning: Providing the column is now done in the functions themselves like `Script(...).complete(line, column)`
  script = jedi.Script(

Error 2020-11-30 18:54:23: stderr jediProxy Error (stderr) /home/code/.vscode/extensions/ms-python.python-2020.11.371526539/pythonFiles/completion.py:592: DeprecationWarning: Use the code keyword argument instead.
  script = jedi.Script(

Error 2020-11-30 18:54:23: stderr jediProxy Error (stderr) /home/code/.vscode/extensions/ms-python.python-2020.11.371526539/pythonFiles/completion.py:592: DeprecationWarning: Deprecated since version 0.17.0. Use the project API instead, which means Script(project=Project(dir, sys_path=sys_path)) instead.
  script = jedi.Script(

Error 2020-11-30 18:54:23: stderr jediProxy Error (stderr) /home/code/.vscode/extensions/ms-python.python-2020.11.371526539/pythonFiles/completion.py:144: DeprecationWarning: Deprecated since version 0.16.0. Use Script(...).get_signatures instead.
  call_signatures = script.call_signatures()

Error 2020-11-30 18:54:24: stderr jediProxy Error (stderr) /home/code/.vscode/extensions/ms-python.python-2020.11.371526539/pythonFiles/completion.py:592: DeprecationWarning: Providing the line is now done in the functions themselves like `Script(...).complete(line, column)`
  script = jedi.Script(
/home/code/.vscode/extensions/ms-python.python-2020.11.371526539/pythonFiles/completion.py:592: DeprecationWarning: Providing the column is now done in the functions themselves like `Script(...).complete(line, column)`
  script = jedi.Script(
/home/code/.vscode/extensions/ms-python.python-2020.11.371526539/pythonFiles/completion.py:592: DeprecationWarning: Use the code keyword argument instead.
  script = jedi.Script(
/home/code/.vscode/extensions/ms-python.python-2020.11.371526539/pythonFiles/completion.py:592: DeprecationWarning: Deprecated since version 0.17.0. Use the project API instead, which means Script(project=Project(dir, sys_path=sys_path)) instead.
  script = jedi.Script(

Error 2020-11-30 18:54:24: stderr jediProxy Error (stderr) /home/code/.vscode/extensions/ms-python.python-2020.11.371526539/pythonFiles/completion.py:144: DeprecationWarning: Deprecated since version 0.16.0. Use Script(...).get_signatures instead.
  call_signatures = script.call_signatures()

Error 2020-11-30 18:54:25: stderr jediProxy Error (stderr) /home/code/.vscode/extensions/ms-python.python-2020.11.371526539/pythonFiles/completion.py:592: DeprecationWarning: Providing the line is now done in the functions themselves like `Script(...).complete(line, column)`
  script = jedi.Script(

Error 2020-11-30 18:54:25: stderr jediProxy Error (stderr) /home/code/.vscode/extensions/ms-python.python-2020.11.371526539/pythonFiles/completion.py:592: DeprecationWarning: Providing the column is now done in the functions themselves like `Script(...).complete(line, column)`
  script = jedi.Script(
/home/code/.vscode/extensions/ms-python.python-2020.11.371526539/pythonFiles/completion.py:592: DeprecationWarning: Use the code keyword argument instead.
  script = jedi.Script(
/home/code/.vscode/extensions/ms-python.python-2020.11.371526539/pythonFiles/completion.py:592: DeprecationWarning: Deprecated since version 0.17.0. Use the project API instead, which means Script(project=Project(dir, sys_path=sys_path)) instead.
  script = jedi.Script(

Error 2020-11-30 18:54:25: stderr jediProxy Error (stderr) /home/code/.vscode/extensions/ms-python.python-2020.11.371526539/pythonFiles/completion.py:144: DeprecationWarning: Deprecated since version 0.16.0. Use Script(...).get_signatures instead.
  call_signatures = script.call_signatures()

Error 2020-11-30 18:54:26: stderr jediProxy Error (stderr) /home/code/.vscode/extensions/ms-python.python-2020.11.371526539/pythonFiles/completion.py:592: DeprecationWarning: Providing the line is now done in the functions themselves like `Script(...).complete(line, column)`
  script = jedi.Script(

Error 2020-11-30 18:54:26: stderr jediProxy Error (stderr) /home/code/.vscode/extensions/ms-python.python-2020.11.371526539/pythonFiles/completion.py:592: DeprecationWarning: Providing the column is now done in the functions themselves like `Script(...).complete(line, column)`
  script = jedi.Script(
/home/code/.vscode/extensions/ms-python.python-2020.11.371526539/pythonFiles/completion.py:592: DeprecationWarning: Use the code keyword argument instead.
  script = jedi.Script(
/home/code/.vscode/extensions/ms-python.python-2020.11.371526539/pythonFiles/completion.py:592: DeprecationWarning: Deprecated since version 0.17.0. Use the project API instead, which means Script(project=Project(dir, sys_path=sys_path)) instead.
  script = jedi.Script(
/home/code/.vscode/extensions/ms-python.python-2020.11.371526539/pythonFiles/completion.py:144: DeprecationWarning: Deprecated since version 0.16.0. Use Script(...).get_signatures instead.
  call_signatures = script.call_signatures()

Error 2020-11-30 18:54:26: stderr jediProxy Error (stderr) /home/code/.vscode/extensions/ms-python.python-2020.11.371526539/pythonFiles/completion.py:105: DeprecationWarning: Deprecated since version 0.16.0. Use Script(...).get_signatures instead.
  call_signatures = script.call_signatures()
/home/code/.vscode/extensions/ms-python.python-2020.11.371526539/pythonFiles/completion.py:230: DeprecationWarning: Deprecated since version 0.16.0. Use Script(...).complete instead.
  completions = script.completions()

Error 2020-11-30 18:54:27: stderr jediProxy Error (stderr) /home/code/.vscode/extensions/ms-python.python-2020.11.371526539/pythonFiles/completion.py:626: DeprecationWarning: Deprecated since version 0.16.0. Use Script(...).infer instead.
  script.goto_definitions(), request["id"]

Error 2020-11-30 18:54:48: stderr jediProxy Error (stderr) /home/code/.vscode/extensions/ms-python.python-2020.11.371526539/pythonFiles/completion.py:592: DeprecationWarning: Providing the line is now done in the functions themselves like `Script(...).complete(line, column)`
  script = jedi.Script(
/home/code/.vscode/extensions/ms-python.python-2020.11.371526539/pythonFiles/completion.py:592: DeprecationWarning: Providing the column is now done in the functions themselves like `Script(...).complete(line, column)`
  script = jedi.Script(
/home/code/.vscode/extensions/ms-python.python-2020.11.371526539/pythonFiles/completion.py:592: DeprecationWarning: Use the code keyword argument instead.
  script = jedi.Script(
/home/code/.vscode/extensions/ms-python.python-2020.11.371526539/pythonFiles/completion.py:592: DeprecationWarning: Deprecated since version 0.17.0. Use the project API instead, which means Script(project=Project(dir, sys_path=sys_path)) instead.
  script = jedi.Script(

Error 2020-11-30 18:54:48: stderr jediProxy Error (stderr) /home/code/.vscode/extensions/ms-python.python-2020.11.371526539/pythonFiles/completion.py:626: DeprecationWarning: Deprecated since version 0.16.0. Use Script(...).infer instead.
  script.goto_definitions(), request["id"]

Error 2020-11-30 18:54:49: stderr jediProxy Error (stderr) /home/code/.vscode/extensions/ms-python.python-2020.11.371526539/pythonFiles/completion.py:105: DeprecationWarning: Deprecated since version 0.16.0. Use Script(...).get_signatures instead.
  call_signatures = script.call_signatures()

Error 2020-11-30 18:54:49: stderr jediProxy Error (stderr) /home/code/.vscode/extensions/ms-python.python-2020.11.371526539/pythonFiles/completion.py:230: DeprecationWarning: Deprecated since version 0.16.0. Use Script(...).complete instead.
  completions = script.completions()

Error 2020-11-30 18:55:04: stderr jediProxy Error (stderr) /home/code/.vscode/extensions/ms-python.python-2020.11.371526539/pythonFiles/completion.py:144: DeprecationWarning: Deprecated since version 0.16.0. Use Script(...).get_signatures instead.
  call_signatures = script.call_signatures()

Error 2020-11-30 18:55:09: stderr jediProxy Error (stderr) /home/code/.vscode/extensions/ms-python.python-2020.11.371526539/pythonFiles/completion.py:592: DeprecationWarning: Providing the line is now done in the functions themselves like `Script(...).complete(line, column)`
  script = jedi.Script(
/home/code/.vscode/extensions/ms-python.python-2020.11.371526539/pythonFiles/completion.py:592: DeprecationWarning: Providing the column is now done in the functions themselves like `Script(...).complete(line, column)`
  script = jedi.Script(
/home/code/.vscode/extensions/ms-python.python-2020.11.371526539/pythonFiles/completion.py:592: DeprecationWarning: Use the code keyword argument instead.
  script = jedi.Script(
/home/code/.vscode/extensions/ms-python.python-2020.11.371526539/pythonFiles/completion.py:592: DeprecationWarning: Deprecated since version 0.17.0. Use the project API instead, which means Script(project=Project(dir, sys_path=sys_path)) instead.
  script = jedi.Script(

Error 2020-11-30 18:55:09: stderr jediProxy Error (stderr) /home/code/.vscode/extensions/ms-python.python-2020.11.371526539/pythonFiles/completion.py:144: DeprecationWarning: Deprecated since version 0.16.0. Use Script(...).get_signatures instead.
  call_signatures = script.call_signatures()

Error 2020-11-30 18:55:12: stderr jediProxy Error (stderr) /home/code/.vscode/extensions/ms-python.python-2020.11.371526539/pythonFiles/completion.py:105: DeprecationWarning: Deprecated since version 0.16.0. Use Script(...).get_signatures instead.
  call_signatures = script.call_signatures()

Error 2020-11-30 18:55:13: stderr jediProxy Error (stderr) /home/code/.vscode/extensions/ms-python.python-2020.11.371526539/pythonFiles/completion.py:230: DeprecationWarning: Deprecated since version 0.16.0. Use Script(...).complete instead.
  completions = script.completions()

Error 2020-11-30 18:55:13: stderr jediProxy Error (stderr) /home/code/.vscode/extensions/ms-python.python-2020.11.371526539/pythonFiles/completion.py:626: DeprecationWarning: Deprecated since version 0.16.0. Use Script(...).infer instead.
  script.goto_definitions(), request["id"]

Error 2020-11-30 18:55:14: stderr jediProxy Error (stderr) /home/code/.vscode/extensions/ms-python.python-2020.11.371526539/pythonFiles/completion.py:592: DeprecationWarning: Providing the line is now done in the functions themselves like `Script(...).complete(line, column)`
  script = jedi.Script(
/home/code/.vscode/extensions/ms-python.python-2020.11.371526539/pythonFiles/completion.py:592: DeprecationWarning: Providing the column is now done in the functions themselves like `Script(...).complete(line, column)`
  script = jedi.Script(
/home/code/.vscode/extensions/ms-python.python-2020.11.371526539/pythonFiles/completion.py:592: DeprecationWarning: Use the code keyword argument instead.
  script = jedi.Script(
/home/code/.vscode/extensions/ms-python.python-2020.11.371526539/pythonFiles/completion.py:592: DeprecationWarning: Deprecated since version 0.17.0. Use the project API instead, which means Script(project=Project(dir, sys_path=sys_path)) instead.
  script = jedi.Script(

Error 2020-11-30 18:55:14: stderr jediProxy Error (stderr) /home/code/.vscode/extensions/ms-python.python-2020.11.371526539/pythonFiles/completion.py:144: DeprecationWarning: Deprecated since version 0.16.0. Use Script(...).get_signatures instead.
  call_signatures = script.call_signatures()

Error 2020-11-30 18:55:22: stderr jediProxy Error (stderr) /home/code/.vscode/extensions/ms-python.python-2020.11.371526539/pythonFiles/completion.py:105: DeprecationWarning: Deprecated since version 0.16.0. Use Script(...).get_signatures instead.
  call_signatures = script.call_signatures()

Error 2020-11-30 18:55:22: stderr jediProxy Error (stderr) /home/code/.vscode/extensions/ms-python.python-2020.11.371526539/pythonFiles/completion.py:230: DeprecationWarning: Deprecated since version 0.16.0. Use Script(...).complete instead.
  completions = script.completions()

Error 2020-11-30 18:55:23: stderr jediProxy Error (stderr) /home/code/.vscode/extensions/ms-python.python-2020.11.371526539/pythonFiles/completion.py:626: DeprecationWarning: Deprecated since version 0.16.0. Use Script(...).infer instead.
  script.goto_definitions(), request["id"]

Error 2020-11-30 18:56:14: stderr jediProxy Error (stderr) /home/code/.vscode/extensions/ms-python.python-2020.11.371526539/pythonFiles/completion.py:592: DeprecationWarning: Providing the line is now done in the functions themselves like `Script(...).complete(line, column)`
  script = jedi.Script(
/home/code/.vscode/extensions/ms-python.python-2020.11.371526539/pythonFiles/completion.py:592: DeprecationWarning: Providing the column is now done in the functions themselves like `Script(...).complete(line, column)`
  script = jedi.Script(
/home/code/.vscode/extensions/ms-python.python-2020.11.371526539/pythonFiles/completion.py:592: DeprecationWarning: Use the code keyword argument instead.
  script = jedi.Script(
/home/code/.vscode/extensions/ms-python.python-2020.11.371526539/pythonFiles/completion.py:592: DeprecationWarning: Deprecated since version 0.17.0. Use the project API instead, which means Script(project=Project(dir, sys_path=sys_path)) instead.
  script = jedi.Script(

Error 2020-11-30 18:56:14: stderr jediProxy Error (stderr) /home/code/.vscode/extensions/ms-python.python-2020.11.371526539/pythonFiles/completion.py:105: DeprecationWarning: Deprecated since version 0.16.0. Use Script(...).get_signatures instead.
  call_signatures = script.call_signatures()

Error 2020-11-30 18:56:14: stderr jediProxy Error (stderr) /home/code/.vscode/extensions/ms-python.python-2020.11.371526539/pythonFiles/completion.py:230: DeprecationWarning: Deprecated since version 0.16.0. Use Script(...).complete instead.
  completions = script.completions()

Error 2020-11-30 18:56:15: stderr jediProxy Error (stderr) /home/code/.vscode/extensions/ms-python.python-2020.11.371526539/pythonFiles/completion.py:144: DeprecationWarning: Deprecated since version 0.16.0. Use Script(...).get_signatures instead.
  call_signatures = script.call_signatures()

Error 2020-11-30 18:56:15: stderr jediProxy Error (stderr) /home/code/.vscode/extensions/ms-python.python-2020.11.371526539/pythonFiles/completion.py:626: DeprecationWarning: Deprecated since version 0.16.0. Use Script(...).infer instead.
  script.goto_definitions(), request["id"]

Error 2020-11-30 18:56:15: stderr jediProxy Error (stderr) /home/code/.vscode/extensions/ms-python.python-2020.11.371526539/pythonFiles/completion.py:592: DeprecationWarning: Providing the line is now done in the functions themselves like `Script(...).complete(line, column)`
  script = jedi.Script(
/home/code/.vscode/extensions/ms-python.python-2020.11.371526539/pythonFiles/completion.py:592: DeprecationWarning: Providing the column is now done in the functions themselves like `Script(...).complete(line, column)`
  script = jedi.Script(
/home/code/.vscode/extensions/ms-python.python-2020.11.371526539/pythonFiles/completion.py:592: DeprecationWarning: Use the code keyword argument instead.
  script = jedi.Script(
/home/code/.vscode/extensions/ms-python.python-2020.11.371526539/pythonFiles/completion.py:592: DeprecationWarning: Deprecated since version 0.17.0. Use the project API instead, which means Script(project=Project(dir, sys_path=sys_path)) instead.
  script = jedi.Script(

Error 2020-11-30 18:56:15: stderr jediProxy Error (stderr) /home/code/.vscode/extensions/ms-python.python-2020.11.371526539/pythonFiles/completion.py:144: DeprecationWarning: Deprecated since version 0.16.0. Use Script(...).get_signatures instead.
  call_signatures = script.call_signatures()

Error 2020-11-30 18:56:17: stderr jediProxy Error (stderr) /home/code/.vscode/extensions/ms-python.python-2020.11.371526539/pythonFiles/completion.py:105: DeprecationWarning: Deprecated since version 0.16.0. Use Script(...).get_signatures instead.
  call_signatures = script.call_signatures()

Error 2020-11-30 18:56:17: stderr jediProxy Error (stderr) /home/code/.vscode/extensions/ms-python.python-2020.11.371526539/pythonFiles/completion.py:230: DeprecationWarning: Deprecated since version 0.16.0. Use Script(...).complete instead.
  completions = script.completions()

> /usr/bin/python ~/.vscode/extensions/ms-python.python-2020.11.371526539/pythonFiles/pyvsc-run-isolated.py pylint --disable=all --enable=F,unreachable,duplicate-key,unnecessary-semicolon,global-variable-not-assigned,unused-variable,unused-wildcard-import,binary-op-exception,bad-format-string,anomalous-backslash-in-string,bad-open-mode,E0001,E0011,E0012,E0100,E0101,E0102,E0103,E0104,E0105,E0107,E0108,E0110,E0111,E0112,E0113,E0114,E0115,E0116,E0117,E0118,E0202,E0203,E0211,E0213,E0236,E0237,E0238,E0239,E0240,E0241,E0301,E0302,E0303,E0401,E0402,E0601,E0602,E0603,E0604,E0611,E0632,E0633,E0701,E0702,E0703,E0704,E0710,E0711,E0712,E1003,E1101,E1102,E1111,E1120,E1121,E1123,E1124,E1125,E1126,E1127,E1128,E1129,E1130,E1131,E1132,E1133,E1134,E1135,E1136,E1137,E1138,E1139,E1200,E1201,E1205,E1206,E1300,E1301,E1302,E1303,E1304,E1305,E1306,E1310,E1700,E1701 --msg-template='{line},{column},{category},{symbol}:{msg}' --reports=n --output-format=text ~/python/span.py
cwd: ~/python
> /usr/bin/python ~/.vscode/extensions/ms-python.python-2020.11.371526539/pythonFiles/pyvsc-run-isolated.py pylint --disable=all --enable=F,unreachable,duplicate-key,unnecessary-semicolon,global-variable-not-assigned,unused-variable,unused-wildcard-import,binary-op-exception,bad-format-string,anomalous-backslash-in-string,bad-open-mode,E0001,E0011,E0012,E0100,E0101,E0102,E0103,E0104,E0105,E0107,E0108,E0110,E0111,E0112,E0113,E0114,E0115,E0116,E0117,E0118,E0202,E0203,E0211,E0213,E0236,E0237,E0238,E0239,E0240,E0241,E0301,E0302,E0303,E0401,E0402,E0601,E0602,E0603,E0604,E0611,E0632,E0633,E0701,E0702,E0703,E0704,E0710,E0711,E0712,E1003,E1101,E1102,E1111,E1120,E1121,E1123,E1124,E1125,E1126,E1127,E1128,E1129,E1130,E1131,E1132,E1133,E1134,E1135,E1136,E1137,E1138,E1139,E1200,E1201,E1205,E1206,E1300,E1301,E1302,E1303,E1304,E1305,E1306,E1310,E1700,E1701 --msg-template='{line},{column},{category},{symbol}:{msg}' --reports=n --output-format=text ~/python/span.py
cwd: ~/python
> /usr/bin/python ~/.vscode/extensions/ms-python.python-2020.11.371526539/pythonFiles/pyvsc-run-isolated.py -c "import pylint"
> /usr/bin/python ~/.vscode/extensions/ms-python.python-2020.11.371526539/pythonFiles/pyvsc-run-isolated.py -c "import pylint"
> /usr/bin/python ~/.vscode/extensions/ms-python.python-2020.11.371526539/pythonFiles/pyvsc-run-isolated.py -c "import pylint"
> /usr/bin/python ~/.vscode/extensions/ms-python.python-2020.11.371526539/pythonFiles/pyvsc-run-isolated.py -c "import pylint"

Linter 'pylint' is not installed. Please install it or select another linter".
Error: Module 'pylint' not installed.
Error 2020-11-30 18:56:29: stderr jediProxy Error (stderr) /home/code/.vscode/extensions/ms-python.python-2020.11.371526539/pythonFiles/completion.py:584: DeprecationWarning: Deprecated since version 0.16.0. Use Script(...).get_names instead.
  jedi.api.names(

> /usr/bin/python ~/.vscode/extensions/ms-python.python-2020.11.371526539/pythonFiles/pyvsc-run-isolated.py pylint --disable=all --enable=F,unreachable,duplicate-key,unnecessary-semicolon,global-variable-not-assigned,unused-variable,unused-wildcard-import,binary-op-exception,bad-format-string,anomalous-backslash-in-string,bad-open-mode,E0001,E0011,E0012,E0100,E0101,E0102,E0103,E0104,E0105,E0107,E0108,E0110,E0111,E0112,E0113,E0114,E0115,E0116,E0117,E0118,E0202,E0203,E0211,E0213,E0236,E0237,E0238,E0239,E0240,E0241,E0301,E0302,E0303,E0401,E0402,E0601,E0602,E0603,E0604,E0611,E0632,E0633,E0701,E0702,E0703,E0704,E0710,E0711,E0712,E1003,E1101,E1102,E1111,E1120,E1121,E1123,E1124,E1125,E1126,E1127,E1128,E1129,E1130,E1131,E1132,E1133,E1134,E1135,E1136,E1137,E1138,E1139,E1200,E1201,E1205,E1206,E1300,E1301,E1302,E1303,E1304,E1305,E1306,E1310,E1700,E1701 --msg-template='{line},{column},{category},{symbol}:{msg}' --reports=n --output-format=text ~/python/span.py
cwd: ~/python
> /usr/bin/python ~/.vscode/extensions/ms-python.python-2020.11.371526539/pythonFiles/pyvsc-run-isolated.py pylint --disable=all --enable=F,unreachable,duplicate-key,unnecessary-semicolon,global-variable-not-assigned,unused-variable,unused-wildcard-import,binary-op-exception,bad-format-string,anomalous-backslash-in-string,bad-open-mode,E0001,E0011,E0012,E0100,E0101,E0102,E0103,E0104,E0105,E0107,E0108,E0110,E0111,E0112,E0113,E0114,E0115,E0116,E0117,E0118,E0202,E0203,E0211,E0213,E0236,E0237,E0238,E0239,E0240,E0241,E0301,E0302,E0303,E0401,E0402,E0601,E0602,E0603,E0604,E0611,E0632,E0633,E0701,E0702,E0703,E0704,E0710,E0711,E0712,E1003,E1101,E1102,E1111,E1120,E1121,E1123,E1124,E1125,E1126,E1127,E1128,E1129,E1130,E1131,E1132,E1133,E1134,E1135,E1136,E1137,E1138,E1139,E1200,E1201,E1205,E1206,E1300,E1301,E1302,E1303,E1304,E1305,E1306,E1310,E1700,E1701 --msg-template='{line},{column},{category},{symbol}:{msg}' --reports=n --output-format=text ~/python/span.py
cwd: ~/python
> /usr/bin/python ~/.vscode/extensions/ms-python.python-2020.11.371526539/pythonFiles/pyvsc-run-isolated.py -c "import pylint"
> /usr/bin/python ~/.vscode/extensions/ms-python.python-2020.11.371526539/pythonFiles/pyvsc-run-isolated.py -c "import pylint"
> /usr/bin/python ~/.vscode/extensions/ms-python.python-2020.11.371526539/pythonFiles/pyvsc-run-isolated.py -c "import pylint"
> /usr/bin/python ~/.vscode/extensions/ms-python.python-2020.11.371526539/pythonFiles/pyvsc-run-isolated.py -c "import pylint"

Linter 'pylint' is not installed. Please install it or select another linter".
Error: Module 'pylint' not installed.
> /usr/bin/python ~/.vscode/extensions/ms-python.python-2020.11.371526539/pythonFiles/pyvsc-run-isolated.py pylint --disable=all --enable=F,unreachable,duplicate-key,unnecessary-semicolon,global-variable-not-assigned,unused-variable,unused-wildcard-import,binary-op-exception,bad-format-string,anomalous-backslash-in-string,bad-open-mode,E0001,E0011,E0012,E0100,E0101,E0102,E0103,E0104,E0105,E0107,E0108,E0110,E0111,E0112,E0113,E0114,E0115,E0116,E0117,E0118,E0202,E0203,E0211,E0213,E0236,E0237,E0238,E0239,E0240,E0241,E0301,E0302,E0303,E0401,E0402,E0601,E0602,E0603,E0604,E0611,E0632,E0633,E0701,E0702,E0703,E0704,E0710,E0711,E0712,E1003,E1101,E1102,E1111,E1120,E1121,E1123,E1124,E1125,E1126,E1127,E1128,E1129,E1130,E1131,E1132,E1133,E1134,E1135,E1136,E1137,E1138,E1139,E1200,E1201,E1205,E1206,E1300,E1301,E1302,E1303,E1304,E1305,E1306,E1310,E1700,E1701 --msg-template='{line},{column},{category},{symbol}:{msg}' --reports=n --output-format=text ~/python/span.py
cwd: ~/python
> /usr/bin/python ~/.vscode/extensions/ms-python.python-2020.11.371526539/pythonFiles/pyvsc-run-isolated.py pylint --disable=all --enable=F,unreachable,duplicate-key,unnecessary-semicolon,global-variable-not-assigned,unused-variable,unused-wildcard-import,binary-op-exception,bad-format-string,anomalous-backslash-in-string,bad-open-mode,E0001,E0011,E0012,E0100,E0101,E0102,E0103,E0104,E0105,E0107,E0108,E0110,E0111,E0112,E0113,E0114,E0115,E0116,E0117,E0118,E0202,E0203,E0211,E0213,E0236,E0237,E0238,E0239,E0240,E0241,E0301,E0302,E0303,E0401,E0402,E0601,E0602,E0603,E0604,E0611,E0632,E0633,E0701,E0702,E0703,E0704,E0710,E0711,E0712,E1003,E1101,E1102,E1111,E1120,E1121,E1123,E1124,E1125,E1126,E1127,E1128,E1129,E1130,E1131,E1132,E1133,E1134,E1135,E1136,E1137,E1138,E1139,E1200,E1201,E1205,E1206,E1300,E1301,E1302,E1303,E1304,E1305,E1306,E1310,E1700,E1701 --msg-template='{line},{column},{category},{symbol}:{msg}' --reports=n --output-format=text ~/python/span.py
cwd: ~/python
> /usr/bin/python ~/.vscode/extensions/ms-python.python-2020.11.371526539/pythonFiles/pyvsc-run-isolated.py -c "import pylint"
> /usr/bin/python ~/.vscode/extensions/ms-python.python-2020.11.371526539/pythonFiles/pyvsc-run-isolated.py -c "import pylint"
> /usr/bin/python ~/.vscode/extensions/ms-python.python-2020.11.371526539/pythonFiles/pyvsc-run-isolated.py -c "import pylint"
> /usr/bin/python ~/.vscode/extensions/ms-python.python-2020.11.371526539/pythonFiles/pyvsc-run-isolated.py -c "import pylint"

Linter 'pylint' is not installed. Please install it or select another linter".
Error: Module 'pylint' not installed.
> /usr/bin/python ~/.vscode/extensions/ms-python.python-2020.11.371526539/pythonFiles/pyvsc-run-isolated.py pylint --disable=all --enable=F,unreachable,duplicate-key,unnecessary-semicolon,global-variable-not-assigned,unused-variable,unused-wildcard-import,binary-op-exception,bad-format-string,anomalous-backslash-in-string,bad-open-mode,E0001,E0011,E0012,E0100,E0101,E0102,E0103,E0104,E0105,E0107,E0108,E0110,E0111,E0112,E0113,E0114,E0115,E0116,E0117,E0118,E0202,E0203,E0211,E0213,E0236,E0237,E0238,E0239,E0240,E0241,E0301,E0302,E0303,E0401,E0402,E0601,E0602,E0603,E0604,E0611,E0632,E0633,E0701,E0702,E0703,E0704,E0710,E0711,E0712,E1003,E1101,E1102,E1111,E1120,E1121,E1123,E1124,E1125,E1126,E1127,E1128,E1129,E1130,E1131,E1132,E1133,E1134,E1135,E1136,E1137,E1138,E1139,E1200,E1201,E1205,E1206,E1300,E1301,E1302,E1303,E1304,E1305,E1306,E1310,E1700,E1701 --msg-template='{line},{column},{category},{symbol}:{msg}' --reports=n --output-format=text ~/python/span.py
cwd: ~/python
> /usr/bin/python ~/.vscode/extensions/ms-python.python-2020.11.371526539/pythonFiles/pyvsc-run-isolated.py pylint --disable=all --enable=F,unreachable,duplicate-key,unnecessary-semicolon,global-variable-not-assigned,unused-variable,unused-wildcard-import,binary-op-exception,bad-format-string,anomalous-backslash-in-string,bad-open-mode,E0001,E0011,E0012,E0100,E0101,E0102,E0103,E0104,E0105,E0107,E0108,E0110,E0111,E0112,E0113,E0114,E0115,E0116,E0117,E0118,E0202,E0203,E0211,E0213,E0236,E0237,E0238,E0239,E0240,E0241,E0301,E0302,E0303,E0401,E0402,E0601,E0602,E0603,E0604,E0611,E0632,E0633,E0701,E0702,E0703,E0704,E0710,E0711,E0712,E1003,E1101,E1102,E1111,E1120,E1121,E1123,E1124,E1125,E1126,E1127,E1128,E1129,E1130,E1131,E1132,E1133,E1134,E1135,E1136,E1137,E1138,E1139,E1200,E1201,E1205,E1206,E1300,E1301,E1302,E1303,E1304,E1305,E1306,E1310,E1700,E1701 --msg-template='{line},{column},{category},{symbol}:{msg}' --reports=n --output-format=text ~/python/span.py
cwd: ~/python
> /usr/bin/python ~/.vscode/extensions/ms-python.python-2020.11.371526539/pythonFiles/pyvsc-run-isolated.py -c "import pylint"
> /usr/bin/python ~/.vscode/extensions/ms-python.python-2020.11.371526539/pythonFiles/pyvsc-run-isolated.py -c "import pylint"
> /usr/bin/python ~/.vscode/extensions/ms-python.python-2020.11.371526539/pythonFiles/pyvsc-run-isolated.py -c "import pylint"
> /usr/bin/python ~/.vscode/extensions/ms-python.python-2020.11.371526539/pythonFiles/pyvsc-run-isolated.py -c "import pylint"

Linter 'pylint' is not installed. Please install it or select another linter".
Error: Module 'pylint' not installed.
Error 2020-11-30 18:57:18: stderr jediProxy Error (stderr) /home/code/.vscode/extensions/ms-python.python-2020.11.371526539/pythonFiles/completion.py:626: DeprecationWarning: Deprecated since version 0.16.0. Use Script(...).infer instead.
  script.goto_definitions(), request["id"]

> /usr/bin/python ~/.vscode/extensions/ms-python.python-2020.11.371526539/pythonFiles/pyvsc-run-isolated.py pylint --disable=all --enable=F,unreachable,duplicate-key,unnecessary-semicolon,global-variable-not-assigned,unused-variable,unused-wildcard-import,binary-op-exception,bad-format-string,anomalous-backslash-in-string,bad-open-mode,E0001,E0011,E0012,E0100,E0101,E0102,E0103,E0104,E0105,E0107,E0108,E0110,E0111,E0112,E0113,E0114,E0115,E0116,E0117,E0118,E0202,E0203,E0211,E0213,E0236,E0237,E0238,E0239,E0240,E0241,E0301,E0302,E0303,E0401,E0402,E0601,E0602,E0603,E0604,E0611,E0632,E0633,E0701,E0702,E0703,E0704,E0710,E0711,E0712,E1003,E1101,E1102,E1111,E1120,E1121,E1123,E1124,E1125,E1126,E1127,E1128,E1129,E1130,E1131,E1132,E1133,E1134,E1135,E1136,E1137,E1138,E1139,E1200,E1201,E1205,E1206,E1300,E1301,E1302,E1303,E1304,E1305,E1306,E1310,E1700,E1701 --msg-template='{line},{column},{category},{symbol}:{msg}' --reports=n --output-format=text ~/python/span.py
cwd: ~/python
> /usr/bin/python ~/.vscode/extensions/ms-python.python-2020.11.371526539/pythonFiles/pyvsc-run-isolated.py pylint --disable=all --enable=F,unreachable,duplicate-key,unnecessary-semicolon,global-variable-not-assigned,unused-variable,unused-wildcard-import,binary-op-exception,bad-format-string,anomalous-backslash-in-string,bad-open-mode,E0001,E0011,E0012,E0100,E0101,E0102,E0103,E0104,E0105,E0107,E0108,E0110,E0111,E0112,E0113,E0114,E0115,E0116,E0117,E0118,E0202,E0203,E0211,E0213,E0236,E0237,E0238,E0239,E0240,E0241,E0301,E0302,E0303,E0401,E0402,E0601,E0602,E0603,E0604,E0611,E0632,E0633,E0701,E0702,E0703,E0704,E0710,E0711,E0712,E1003,E1101,E1102,E1111,E1120,E1121,E1123,E1124,E1125,E1126,E1127,E1128,E1129,E1130,E1131,E1132,E1133,E1134,E1135,E1136,E1137,E1138,E1139,E1200,E1201,E1205,E1206,E1300,E1301,E1302,E1303,E1304,E1305,E1306,E1310,E1700,E1701 --msg-template='{line},{column},{category},{symbol}:{msg}' --reports=n --output-format=text ~/python/span.py
cwd: ~/python
> /usr/bin/python ~/.vscode/extensions/ms-python.python-2020.11.371526539/pythonFiles/pyvsc-run-isolated.py -c "import pylint"
> /usr/bin/python ~/.vscode/extensions/ms-python.python-2020.11.371526539/pythonFiles/pyvsc-run-isolated.py -c "import pylint"
> /usr/bin/python ~/.vscode/extensions/ms-python.python-2020.11.371526539/pythonFiles/pyvsc-run-isolated.py -c "import pylint"
> /usr/bin/python ~/.vscode/extensions/ms-python.python-2020.11.371526539/pythonFiles/pyvsc-run-isolated.py -c "import pylint"

Linter 'pylint' is not installed. Please install it or select another linter".
Error: Module 'pylint' not installed.
Error 2020-11-30 18:57:48: stderr jediProxy Error (stderr) /home/code/.vscode/extensions/ms-python.python-2020.11.371526539/pythonFiles/completion.py:592: DeprecationWarning: Providing the line is now done in the functions themselves like `Script(...).complete(line, column)`
  script = jedi.Script(

Error 2020-11-30 18:57:48: stderr jediProxy Error (stderr) /home/code/.vscode/extensions/ms-python.python-2020.11.371526539/pythonFiles/completion.py:592: DeprecationWarning: Providing the column is now done in the functions themselves like `Script(...).complete(line, column)`
  script = jedi.Script(

Error 2020-11-30 18:57:48: stderr jediProxy Error (stderr) /home/code/.vscode/extensions/ms-python.python-2020.11.371526539/pythonFiles/completion.py:592: DeprecationWarning: Use the code keyword argument instead.
  script = jedi.Script(

Error 2020-11-30 18:57:48: stderr jediProxy Error (stderr) /home/code/.vscode/extensions/ms-python.python-2020.11.371526539/pythonFiles/completion.py:592: DeprecationWarning: Deprecated since version 0.17.0. Use the project API instead, which means Script(project=Project(dir, sys_path=sys_path)) instead.
  script = jedi.Script(

Error 2020-11-30 18:57:49: stderr jediProxy Error (stderr) /home/code/.vscode/extensions/ms-python.python-2020.11.371526539/pythonFiles/completion.py:144: DeprecationWarning: Deprecated since version 0.16.0. Use Script(...).get_signatures instead.
  call_signatures = script.call_signatures()

> /usr/bin/python ~/.vscode/extensions/ms-python.python-2020.11.371526539/pythonFiles/pyvsc-run-isolated.py pylint --disable=all --enable=F,unreachable,duplicate-key,unnecessary-semicolon,global-variable-not-assigned,unused-variable,unused-wildcard-import,binary-op-exception,bad-format-string,anomalous-backslash-in-string,bad-open-mode,E0001,E0011,E0012,E0100,E0101,E0102,E0103,E0104,E0105,E0107,E0108,E0110,E0111,E0112,E0113,E0114,E0115,E0116,E0117,E0118,E0202,E0203,E0211,E0213,E0236,E0237,E0238,E0239,E0240,E0241,E0301,E0302,E0303,E0401,E0402,E0601,E0602,E0603,E0604,E0611,E0632,E0633,E0701,E0702,E0703,E0704,E0710,E0711,E0712,E1003,E1101,E1102,E1111,E1120,E1121,E1123,E1124,E1125,E1126,E1127,E1128,E1129,E1130,E1131,E1132,E1133,E1134,E1135,E1136,E1137,E1138,E1139,E1200,E1201,E1205,E1206,E1300,E1301,E1302,E1303,E1304,E1305,E1306,E1310,E1700,E1701 --msg-template='{line},{column},{category},{symbol}:{msg}' --reports=n --output-format=text ~/python/span.py
cwd: ~/python
> /usr/bin/python ~/.vscode/extensions/ms-python.python-2020.11.371526539/pythonFiles/pyvsc-run-isolated.py pylint --disable=all --enable=F,unreachable,duplicate-key,unnecessary-semicolon,global-variable-not-assigned,unused-variable,unused-wildcard-import,binary-op-exception,bad-format-string,anomalous-backslash-in-string,bad-open-mode,E0001,E0011,E0012,E0100,E0101,E0102,E0103,E0104,E0105,E0107,E0108,E0110,E0111,E0112,E0113,E0114,E0115,E0116,E0117,E0118,E0202,E0203,E0211,E0213,E0236,E0237,E0238,E0239,E0240,E0241,E0301,E0302,E0303,E0401,E0402,E0601,E0602,E0603,E0604,E0611,E0632,E0633,E0701,E0702,E0703,E0704,E0710,E0711,E0712,E1003,E1101,E1102,E1111,E1120,E1121,E1123,E1124,E1125,E1126,E1127,E1128,E1129,E1130,E1131,E1132,E1133,E1134,E1135,E1136,E1137,E1138,E1139,E1200,E1201,E1205,E1206,E1300,E1301,E1302,E1303,E1304,E1305,E1306,E1310,E1700,E1701 --msg-template='{line},{column},{category},{symbol}:{msg}' --reports=n --output-format=text ~/python/span.py
cwd: ~/python
> /usr/bin/python ~/.vscode/extensions/ms-python.python-2020.11.371526539/pythonFiles/pyvsc-run-isolated.py -c "import pylint"
> /usr/bin/python ~/.vscode/extensions/ms-python.python-2020.11.371526539/pythonFiles/pyvsc-run-isolated.py -c "import pylint"
> /usr/bin/python ~/.vscode/extensions/ms-python.python-2020.11.371526539/pythonFiles/pyvsc-run-isolated.py -c "import pylint"
> /usr/bin/python ~/.vscode/extensions/ms-python.python-2020.11.371526539/pythonFiles/pyvsc-run-isolated.py -c "import pylint"

Linter 'pylint' is not installed. Please install it or select another linter".
Error: Module 'pylint' not installed.
Error 2020-11-30 18:57:51: stderr jediProxy Error (stderr) /home/code/.vscode/extensions/ms-python.python-2020.11.371526539/pythonFiles/completion.py:584: DeprecationWarning: Deprecated since version 0.16.0. Use Script(...).get_names instead.
  jedi.api.names(

> /usr/bin/python ~/.vscode/extensions/ms-python.python-2020.11.371526539/pythonFiles/pyvsc-run-isolated.py pylint --disable=all --enable=F,unreachable,duplicate-key,unnecessary-semicolon,global-variable-not-assigned,unused-variable,unused-wildcard-import,binary-op-exception,bad-format-string,anomalous-backslash-in-string,bad-open-mode,E0001,E0011,E0012,E0100,E0101,E0102,E0103,E0104,E0105,E0107,E0108,E0110,E0111,E0112,E0113,E0114,E0115,E0116,E0117,E0118,E0202,E0203,E0211,E0213,E0236,E0237,E0238,E0239,E0240,E0241,E0301,E0302,E0303,E0401,E0402,E0601,E0602,E0603,E0604,E0611,E0632,E0633,E0701,E0702,E0703,E0704,E0710,E0711,E0712,E1003,E1101,E1102,E1111,E1120,E1121,E1123,E1124,E1125,E1126,E1127,E1128,E1129,E1130,E1131,E1132,E1133,E1134,E1135,E1136,E1137,E1138,E1139,E1200,E1201,E1205,E1206,E1300,E1301,E1302,E1303,E1304,E1305,E1306,E1310,E1700,E1701 --msg-template='{line},{column},{category},{symbol}:{msg}' --reports=n --output-format=text ~/python/span.py
cwd: ~/python
> /usr/bin/python ~/.vscode/extensions/ms-python.python-2020.11.371526539/pythonFiles/pyvsc-run-isolated.py pylint --disable=all --enable=F,unreachable,duplicate-key,unnecessary-semicolon,global-variable-not-assigned,unused-variable,unused-wildcard-import,binary-op-exception,bad-format-string,anomalous-backslash-in-string,bad-open-mode,E0001,E0011,E0012,E0100,E0101,E0102,E0103,E0104,E0105,E0107,E0108,E0110,E0111,E0112,E0113,E0114,E0115,E0116,E0117,E0118,E0202,E0203,E0211,E0213,E0236,E0237,E0238,E0239,E0240,E0241,E0301,E0302,E0303,E0401,E0402,E0601,E0602,E0603,E0604,E0611,E0632,E0633,E0701,E0702,E0703,E0704,E0710,E0711,E0712,E1003,E1101,E1102,E1111,E1120,E1121,E1123,E1124,E1125,E1126,E1127,E1128,E1129,E1130,E1131,E1132,E1133,E1134,E1135,E1136,E1137,E1138,E1139,E1200,E1201,E1205,E1206,E1300,E1301,E1302,E1303,E1304,E1305,E1306,E1310,E1700,E1701 --msg-template='{line},{column},{category},{symbol}:{msg}' --reports=n --output-format=text ~/python/span.py
cwd: ~/python
> /usr/bin/python ~/.vscode/extensions/ms-python.python-2020.11.371526539/pythonFiles/pyvsc-run-isolated.py -c "import pylint"
> /usr/bin/python ~/.vscode/extensions/ms-python.python-2020.11.371526539/pythonFiles/pyvsc-run-isolated.py -c "import pylint"
> /usr/bin/python ~/.vscode/extensions/ms-python.python-2020.11.371526539/pythonFiles/pyvsc-run-isolated.py -c "import pylint"
> /usr/bin/python ~/.vscode/extensions/ms-python.python-2020.11.371526539/pythonFiles/pyvsc-run-isolated.py -c "import pylint"

Linter 'pylint' is not installed. Please install it or select another linter".
Error: Module 'pylint' not installed.
