[2020-11-20 21:42:08.275] [exthost] [info] extension host started
[2020-11-20 21:42:08.989] [exthost] [info] ExtensionService#_doActivateExtension vscode.microsoft-authentication {"startup":false,"extensionId":{"value":"vscode.microsoft-authentication","_lower":"vscode.microsoft-authentication"},"activationEvent":"onAuthenticationRequest:microsoft"}
[2020-11-20 21:42:08.990] [exthost] [info] ExtensionService#loadCommonJSModule file:///home/code/Downloads/VSCode-linux-x64/resources/app/extensions/microsoft-authentication/dist/extension.js
[2020-11-20 21:42:09.126] [exthost] [info] ExtensionService#_doActivateExtension vscode.debug-auto-launch {"startup":true,"extensionId":{"value":"vscode.debug-auto-launch","_lower":"vscode.debug-auto-launch"},"activationEvent":"*"}
[2020-11-20 21:42:09.127] [exthost] [info] ExtensionService#loadCommonJSModule file:///home/code/Downloads/VSCode-linux-x64/resources/app/extensions/debug-auto-launch/dist/extension
[2020-11-20 21:42:09.154] [exthost] [info] ExtensionService#_doActivateExtension vscode.emmet {"startup":true,"extensionId":{"value":"vscode.emmet","_lower":"vscode.emmet"},"activationEvent":"*"}
[2020-11-20 21:42:09.160] [exthost] [info] ExtensionService#loadCommonJSModule file:///home/code/Downloads/VSCode-linux-x64/resources/app/extensions/emmet/dist/node/emmetNodeMain
[2020-11-20 21:42:09.404] [exthost] [info] ExtensionService#_doActivateExtension vscode.git {"startup":true,"extensionId":{"value":"vscode.github","_lower":"vscode.github"},"activationEvent":"*"}
[2020-11-20 21:42:09.407] [exthost] [info] ExtensionService#loadCommonJSModule file:///home/code/Downloads/VSCode-linux-x64/resources/app/extensions/git/dist/main
[2020-11-20 21:42:09.673] [exthost] [info] ExtensionService#_doActivateExtension vscode.merge-conflict {"startup":true,"extensionId":{"value":"vscode.merge-conflict","_lower":"vscode.merge-conflict"},"activationEvent":"*"}
[2020-11-20 21:42:09.673] [exthost] [info] ExtensionService#loadCommonJSModule file:///home/code/Downloads/VSCode-linux-x64/resources/app/extensions/merge-conflict/dist/mergeConflictMain
[2020-11-20 21:42:09.783] [exthost] [info] ExtensionService#_doActivateExtension vscode.search-result {"startup":true,"extensionId":{"value":"vscode.search-result","_lower":"vscode.search-result"},"activationEvent":"*"}
[2020-11-20 21:42:09.784] [exthost] [info] ExtensionService#loadCommonJSModule file:///home/code/Downloads/VSCode-linux-x64/resources/app/extensions/search-result/dist/extension.js
[2020-11-20 21:42:09.826] [exthost] [info] ExtensionService#_doActivateExtension alefragnani.Bookmarks {"startup":true,"extensionId":{"value":"alefragnani.Bookmarks","_lower":"alefragnani.bookmarks"},"activationEvent":"*"}
[2020-11-20 21:42:09.826] [exthost] [info] ExtensionService#loadCommonJSModule file:///home/code/.vscode/extensions/alefragnani.bookmarks-11.4.0/dist/extension
[2020-11-20 21:42:09.922] [exthost] [info] ExtensionService#_doActivateExtension CoenraadS.bracket-pair-colorizer-2 {"startup":true,"extensionId":{"value":"CoenraadS.bracket-pair-colorizer-2","_lower":"coenraads.bracket-pair-colorizer-2"},"activationEvent":"*"}
[2020-11-20 21:42:09.923] [exthost] [info] ExtensionService#loadCommonJSModule file:///home/code/.vscode/extensions/coenraads.bracket-pair-colorizer-2-0.2.0/out/src/extension
[2020-11-20 21:42:10.293] [exthost] [info] ExtensionService#_doActivateExtension Equinusocio.vsc-material-theme {"startup":true,"extensionId":{"value":"Equinusocio.vsc-material-theme","_lower":"equinusocio.vsc-material-theme"},"activationEvent":"*"}
[2020-11-20 21:42:10.294] [exthost] [info] ExtensionService#loadCommonJSModule file:///home/code/.vscode/extensions/equinusocio.vsc-material-theme-33.0.0/build/material.theme.config
[2020-11-20 21:42:10.607] [exthost] [info] ExtensionService#_doActivateExtension equinusocio.vsc-material-theme-icons {"startup":true,"extensionId":{"value":"equinusocio.vsc-material-theme-icons","_lower":"equinusocio.vsc-material-theme-icons"},"activationEvent":"*"}
[2020-11-20 21:42:10.611] [exthost] [info] ExtensionService#loadCommonJSModule file:///home/code/.vscode/extensions/equinusocio.vsc-material-theme-icons-1.2.0/out/src/extension
[2020-11-20 21:42:10.769] [exthost] [info] ExtensionService#_doActivateExtension oderwat.indent-rainbow {"startup":true,"extensionId":{"value":"oderwat.indent-rainbow","_lower":"oderwat.indent-rainbow"},"activationEvent":"*"}
[2020-11-20 21:42:10.770] [exthost] [info] ExtensionService#loadCommonJSModule file:///home/code/.vscode/extensions/oderwat.indent-rainbow-7.4.0/out/extension
[2020-11-20 21:42:10.812] [exthost] [info] ExtensionService#_doActivateExtension sainnhe.gruvbox-material {"startup":true,"extensionId":{"value":"sainnhe.gruvbox-material","_lower":"sainnhe.gruvbox-material"},"activationEvent":"*"}
[2020-11-20 21:42:10.812] [exthost] [info] ExtensionService#loadCommonJSModule file:///home/code/.vscode/extensions/sainnhe.gruvbox-material-6.3.4/out/extension.js
[2020-11-20 21:42:11.285] [exthost] [info] ExtensionService#_doActivateExtension ms-vscode.cpptools {"startup":true,"extensionId":{"value":"ms-vscode.cpptools","_lower":"ms-vscode.cpptools"},"activationEvent":"workspaceContains:/.vscode/c_cpp_properties.json"}
[2020-11-20 21:42:11.285] [exthost] [info] ExtensionService#loadCommonJSModule file:///home/code/.vscode/extensions/ms-vscode.cpptools-1.1.2/dist/main
[2020-11-20 21:42:15.330] [exthost] [info] ExtensionService#_doActivateExtension ms-vscode.js-debug {"startup":false,"extensionId":{"value":"ms-vscode.js-debug","_lower":"ms-vscode.js-debug"},"activationEvent":"onCommand:extension.js-debug.clearAutoAttachVariables"}
[2020-11-20 21:42:15.334] [exthost] [info] ExtensionService#loadCommonJSModule file:///home/code/Downloads/VSCode-linux-x64/resources/app/extensions/ms-vscode.js-debug/src/extension.js
[2020-11-20 21:42:17.805] [exthost] [info] ExtensionService#_doActivateExtension vscode.github {"startup":false,"extensionId":{"value":"vscode.github","_lower":"vscode.github"},"activationEvent":"*"}
[2020-11-20 21:42:17.813] [exthost] [info] ExtensionService#loadCommonJSModule file:///home/code/Downloads/VSCode-linux-x64/resources/app/extensions/github/dist/extension.js
[2020-11-20 21:42:19.054] [exthost] [info] ExtensionService#_doActivateExtension vscode.configuration-editing {"startup":false,"extensionId":{"value":"vscode.configuration-editing","_lower":"vscode.configuration-editing"},"activationEvent":"onLanguage:json"}
[2020-11-20 21:42:19.055] [exthost] [info] ExtensionService#loadCommonJSModule file:///home/code/Downloads/VSCode-linux-x64/resources/app/extensions/configuration-editing/dist/configurationEditingMain
[2020-11-20 21:42:19.147] [exthost] [info] ExtensionService#_doActivateExtension vscode.extension-editing {"startup":false,"extensionId":{"value":"vscode.extension-editing","_lower":"vscode.extension-editing"},"activationEvent":"onLanguage:json"}
[2020-11-20 21:42:19.147] [exthost] [info] ExtensionService#loadCommonJSModule file:///home/code/Downloads/VSCode-linux-x64/resources/app/extensions/extension-editing/dist/extensionEditingMain
[2020-11-20 21:42:19.229] [exthost] [info] ExtensionService#_doActivateExtension vscode.json-language-features {"startup":false,"extensionId":{"value":"vscode.json-language-features","_lower":"vscode.json-language-features"},"activationEvent":"onLanguage:json"}
[2020-11-20 21:42:19.229] [exthost] [info] ExtensionService#loadCommonJSModule file:///home/code/Downloads/VSCode-linux-x64/resources/app/extensions/json-language-features/client/dist/node/jsonClientMain
[2020-11-20 21:42:19.572] [exthost] [info] ExtensionService#_doActivateExtension vscode.npm {"startup":false,"extensionId":{"value":"vscode.npm","_lower":"vscode.npm"},"activationEvent":"onLanguage:json"}
[2020-11-20 21:42:19.572] [exthost] [info] ExtensionService#loadCommonJSModule file:///home/code/Downloads/VSCode-linux-x64/resources/app/extensions/npm/dist/npmMain
[2020-11-20 21:42:20.021] [exthost] [info] ExtensionService#_doActivateExtension vscode.typescript-language-features {"startup":false,"extensionId":{"value":"vscode.typescript-language-features","_lower":"vscode.typescript-language-features"},"activationEvent":"onLanguage:jsonc"}
[2020-11-20 21:42:20.022] [exthost] [info] ExtensionService#loadCommonJSModule file:///home/code/Downloads/VSCode-linux-x64/resources/app/extensions/typescript-language-features/dist/extension
[2020-11-20 21:42:20.525] [exthost] [info] ExtensionService#_doActivateExtension aaron-bond.better-comments {"startup":false,"extensionId":{"value":"aaron-bond.better-comments","_lower":"aaron-bond.better-comments"},"activationEvent":"onLanguage:jsonc"}
[2020-11-20 21:42:20.526] [exthost] [info] ExtensionService#loadCommonJSModule file:///home/code/.vscode/extensions/aaron-bond.better-comments-2.1.0/out/extension
[2020-11-20 21:42:21.893] [exthost] [info] eager extensions activated
[2020-11-20 21:42:22.270] [exthost] [info] ExtensionService#_doActivateExtension vscode.github-authentication {"startup":false,"extensionId":{"value":"vscode.github-authentication","_lower":"vscode.github-authentication"},"activationEvent":"onAuthenticationRequest:github"}
[2020-11-20 21:42:22.271] [exthost] [info] ExtensionService#loadCommonJSModule file:///home/code/Downloads/VSCode-linux-x64/resources/app/extensions/github-authentication/dist/extension.js
[2020-11-20 21:42:37.606] [exthost] [error] [ms-vscode.cpptools] provider FAILED
[2020-11-20 21:42:37.606] [exthost] [error] undefined
[2020-11-20 21:42:43.321] [exthost] [error] [ms-vscode.cpptools] provider FAILED
[2020-11-20 21:42:43.321] [exthost] [error] undefined
