[2020-11-20 16:37:12.158] [renderer1] [error] Network Error: Error: Network Error
    at e.exports (/home/code/Downloads/VSCode-linux-x64/resources/app/node_modules.asar/tas-client-umd/lib/tas-client-umd.js:1:7511)
    at XMLHttpRequest.p.onerror (/home/code/Downloads/VSCode-linux-x64/resources/app/node_modules.asar/tas-client-umd/lib/tas-client-umd.js:1:6478)
[2020-11-20 16:37:13.627] [renderer1] [error] net::ERR_INTERNET_DISCONNECTED: Error: net::ERR_INTERNET_DISCONNECTED
    at SimpleURLLoaderWrapper.<anonymous> (electron/js2c/browser_init.js:105:6395)
    at SimpleURLLoaderWrapper.emit (events.js:223:5)
[2020-11-20 16:37:19.073] [renderer1] [error] net::ERR_INTERNET_DISCONNECTED: Error: net::ERR_INTERNET_DISCONNECTED
    at SimpleURLLoaderWrapper.<anonymous> (electron/js2c/browser_init.js:105:6395)
    at SimpleURLLoaderWrapper.emit (events.js:223:5)
[2020-11-20 16:37:38.977] [renderer1] [error] An unknown error occurred. Please consult the log for more details.
[2020-11-20 16:42:05.170] [renderer1] [error] An unknown error occurred. Please consult the log for more details.
[2020-11-20 16:42:10.622] [renderer1] [error] An unknown error occurred. Please consult the log for more details.
[2020-11-20 16:42:14.627] [renderer1] [error] An unknown error occurred. Please consult the log for more details.
[2020-11-20 16:42:16.064] [renderer1] [error] An unknown error occurred. Please consult the log for more details.
[2020-11-20 16:42:21.781] [renderer1] [error] An unknown error occurred. Please consult the log for more details.
[2020-11-20 16:42:25.865] [renderer1] [error] An unknown error occurred. Please consult the log for more details.
[2020-11-20 16:52:45.455] [renderer1] [error] An unknown error occurred. Please consult the log for more details.
[2020-11-20 16:53:14.324] [renderer1] [error] An unknown error occurred. Please consult the log for more details.
[2020-11-20 16:55:26.570] [renderer1] [error] An unknown error occurred. Please consult the log for more details.
[2020-11-20 16:57:20.346] [renderer1] [error] An unknown error occurred. Please consult the log for more details.
[2020-11-20 16:57:23.289] [renderer1] [error] An unknown error occurred. Please consult the log for more details.
[2020-11-20 16:57:41.113] [renderer1] [error] An unknown error occurred. Please consult the log for more details.
[2020-11-20 16:57:43.405] [renderer1] [error] An unknown error occurred. Please consult the log for more details.
[2020-11-20 16:57:56.865] [renderer1] [error] An unknown error occurred. Please consult the log for more details.
[2020-11-20 16:57:59.176] [renderer1] [error] An unknown error occurred. Please consult the log for more details.
[2020-11-20 16:58:16.033] [renderer1] [error] An unknown error occurred. Please consult the log for more details.
[2020-11-20 16:58:44.286] [renderer1] [error] An unknown error occurred. Please consult the log for more details.
[2020-11-20 16:58:45.601] [renderer1] [error] An unknown error occurred. Please consult the log for more details.
[2020-11-20 16:59:02.839] [renderer1] [error] An unknown error occurred. Please consult the log for more details.
[2020-11-20 16:59:08.945] [renderer1] [error] An unknown error occurred. Please consult the log for more details.
[2020-11-20 16:59:12.951] [renderer1] [error] An unknown error occurred. Please consult the log for more details.
[2020-11-20 16:59:23.621] [renderer1] [error] An unknown error occurred. Please consult the log for more details.
[2020-11-20 16:59:29.754] [renderer1] [error] An unknown error occurred. Please consult the log for more details.
[2020-11-20 16:59:33.868] [renderer1] [error] An unknown error occurred. Please consult the log for more details.
[2020-11-20 16:59:42.582] [renderer1] [error] An unknown error occurred. Please consult the log for more details.
[2020-11-20 16:59:51.225] [renderer1] [error] An unknown error occurred. Please consult the log for more details.
[2020-11-20 16:59:52.850] [renderer1] [error] An unknown error occurred. Please consult the log for more details.
[2020-11-20 16:59:55.567] [renderer1] [error] An unknown error occurred. Please consult the log for more details.
[2020-11-20 17:00:07.993] [renderer1] [error] An unknown error occurred. Please consult the log for more details.
[2020-11-20 17:00:11.023] [renderer1] [error] An unknown error occurred. Please consult the log for more details.
[2020-11-20 17:00:17.907] [renderer1] [error] An unknown error occurred. Please consult the log for more details.
[2020-11-20 17:00:19.903] [renderer1] [error] An unknown error occurred. Please consult the log for more details.
[2020-11-20 17:00:27.838] [renderer1] [error] An unknown error occurred. Please consult the log for more details.
[2020-11-20 17:00:33.344] [renderer1] [error] An unknown error occurred. Please consult the log for more details.
[2020-11-20 17:00:34.447] [renderer1] [error] An unknown error occurred. Please consult the log for more details.
[2020-11-20 17:00:40.655] [renderer1] [error] An unknown error occurred. Please consult the log for more details.
[2020-11-20 17:00:46.697] [renderer1] [error] An unknown error occurred. Please consult the log for more details.
[2020-11-20 17:01:00.513] [renderer1] [error] An unknown error occurred. Please consult the log for more details.
[2020-11-20 17:01:03.218] [renderer1] [error] An unknown error occurred. Please consult the log for more details.
[2020-11-20 17:01:04.274] [renderer1] [error] An unknown error occurred. Please consult the log for more details.
[2020-11-20 17:01:13.297] [renderer1] [error] An unknown error occurred. Please consult the log for more details.
[2020-11-20 17:01:15.488] [renderer1] [error] An unknown error occurred. Please consult the log for more details.
[2020-11-20 17:01:19.582] [renderer1] [error] An unknown error occurred. Please consult the log for more details.
[2020-11-20 17:01:20.778] [renderer1] [error] An unknown error occurred. Please consult the log for more details.
[2020-11-20 17:02:31.203] [renderer1] [error] An unknown error occurred. Please consult the log for more details.
[2020-11-20 17:02:33.845] [renderer1] [error] An unknown error occurred. Please consult the log for more details.
[2020-11-20 17:02:35.439] [renderer1] [error] An unknown error occurred. Please consult the log for more details.
[2020-11-20 17:02:39.200] [renderer1] [error] An unknown error occurred. Please consult the log for more details.
[2020-11-20 17:02:45.043] [renderer1] [error] An unknown error occurred. Please consult the log for more details.
[2020-11-20 17:02:46.093] [renderer1] [error] An unknown error occurred. Please consult the log for more details.
[2020-11-20 17:02:48.590] [renderer1] [error] An unknown error occurred. Please consult the log for more details.
[2020-11-20 17:02:50.239] [renderer1] [error] An unknown error occurred. Please consult the log for more details.
[2020-11-20 17:02:52.188] [renderer1] [error] An unknown error occurred. Please consult the log for more details.
[2020-11-20 17:02:53.194] [renderer1] [error] An unknown error occurred. Please consult the log for more details.
[2020-11-20 17:03:04.744] [renderer1] [error] An unknown error occurred. Please consult the log for more details.
[2020-11-20 17:03:11.767] [renderer1] [error] An unknown error occurred. Please consult the log for more details.
[2020-11-20 17:03:14.185] [renderer1] [error] An unknown error occurred. Please consult the log for more details.
[2020-11-20 17:03:34.847] [renderer1] [error] An unknown error occurred. Please consult the log for more details.
[2020-11-20 17:04:16.582] [renderer1] [error] An unknown error occurred. Please consult the log for more details.
[2020-11-20 17:04:21.456] [renderer1] [error] An unknown error occurred. Please consult the log for more details.
[2020-11-20 17:04:24.468] [renderer1] [error] An unknown error occurred. Please consult the log for more details.
[2020-11-20 17:04:35.914] [renderer1] [error] An unknown error occurred. Please consult the log for more details.
[2020-11-20 17:04:41.479] [renderer1] [error] An unknown error occurred. Please consult the log for more details.
[2020-11-20 17:04:43.580] [renderer1] [error] An unknown error occurred. Please consult the log for more details.
[2020-11-20 17:04:44.954] [renderer1] [error] An unknown error occurred. Please consult the log for more details.
[2020-11-20 17:04:47.861] [renderer1] [error] An unknown error occurred. Please consult the log for more details.
[2020-11-20 17:05:02.293] [renderer1] [error] An unknown error occurred. Please consult the log for more details.
[2020-11-20 17:05:28.583] [renderer1] [error] An unknown error occurred. Please consult the log for more details.
[2020-11-20 17:05:37.605] [renderer1] [error] An unknown error occurred. Please consult the log for more details.
[2020-11-20 17:05:42.651] [renderer1] [error] An unknown error occurred. Please consult the log for more details.
[2020-11-20 17:05:45.626] [renderer1] [error] An unknown error occurred. Please consult the log for more details.
[2020-11-20 17:05:46.680] [renderer1] [error] An unknown error occurred. Please consult the log for more details.
[2020-11-20 17:05:48.667] [renderer1] [error] An unknown error occurred. Please consult the log for more details.
[2020-11-20 17:05:51.912] [renderer1] [error] An unknown error occurred. Please consult the log for more details.
[2020-11-20 17:06:09.730] [renderer1] [error] An unknown error occurred. Please consult the log for more details.
[2020-11-20 17:06:15.869] [renderer1] [error] An unknown error occurred. Please consult the log for more details.
[2020-11-20 17:06:33.074] [renderer1] [error] An unknown error occurred. Please consult the log for more details.
[2020-11-20 17:06:57.118] [renderer1] [error] An unknown error occurred. Please consult the log for more details.
[2020-11-20 17:07:04.828] [renderer1] [error] An unknown error occurred. Please consult the log for more details.
[2020-11-20 17:07:08.817] [renderer1] [error] An unknown error occurred. Please consult the log for more details.
[2020-11-20 17:07:15.942] [renderer1] [error] An unknown error occurred. Please consult the log for more details.
[2020-11-20 17:07:19.127] [renderer1] [error] An unknown error occurred. Please consult the log for more details.
[2020-11-20 17:07:32.041] [renderer1] [error] An unknown error occurred. Please consult the log for more details.
[2020-11-20 17:07:38.262] [renderer1] [error] An unknown error occurred. Please consult the log for more details.
[2020-11-20 17:07:42.498] [renderer1] [error] An unknown error occurred. Please consult the log for more details.
[2020-11-20 17:07:48.123] [renderer1] [error] An unknown error occurred. Please consult the log for more details.
[2020-11-20 17:07:50.937] [renderer1] [error] An unknown error occurred. Please consult the log for more details.
[2020-11-20 17:07:52.037] [renderer1] [error] An unknown error occurred. Please consult the log for more details.
[2020-11-20 17:07:53.350] [renderer1] [error] An unknown error occurred. Please consult the log for more details.
[2020-11-20 17:07:55.429] [renderer1] [error] An unknown error occurred. Please consult the log for more details.
[2020-11-20 17:08:00.247] [renderer1] [error] An unknown error occurred. Please consult the log for more details.
[2020-11-20 17:08:04.045] [renderer1] [error] An unknown error occurred. Please consult the log for more details.
[2020-11-20 17:08:09.013] [renderer1] [error] An unknown error occurred. Please consult the log for more details.
[2020-11-20 17:08:16.567] [renderer1] [error] An unknown error occurred. Please consult the log for more details.
[2020-11-20 17:08:31.712] [renderer1] [error] An unknown error occurred. Please consult the log for more details.
[2020-11-20 17:08:33.006] [renderer1] [error] An unknown error occurred. Please consult the log for more details.
[2020-11-20 17:08:37.881] [renderer1] [error] An unknown error occurred. Please consult the log for more details.
[2020-11-20 17:08:43.296] [renderer1] [error] An unknown error occurred. Please consult the log for more details.
[2020-11-20 17:08:45.612] [renderer1] [error] An unknown error occurred. Please consult the log for more details.
[2020-11-20 17:08:53.402] [renderer1] [error] An unknown error occurred. Please consult the log for more details.
[2020-11-20 17:08:56.390] [renderer1] [error] An unknown error occurred. Please consult the log for more details.
[2020-11-20 17:09:01.731] [renderer1] [error] An unknown error occurred. Please consult the log for more details.
[2020-11-20 17:09:02.777] [renderer1] [error] An unknown error occurred. Please consult the log for more details.
[2020-11-20 17:09:50.016] [renderer1] [error] An unknown error occurred. Please consult the log for more details.
[2020-11-20 17:09:55.309] [renderer1] [error] An unknown error occurred. Please consult the log for more details.
[2020-11-20 17:10:00.013] [renderer1] [error] An unknown error occurred. Please consult the log for more details.
[2020-11-20 17:10:01.633] [renderer1] [error] An unknown error occurred. Please consult the log for more details.
[2020-11-20 17:10:17.074] [renderer1] [error] An unknown error occurred. Please consult the log for more details.
[2020-11-20 17:10:19.547] [renderer1] [error] An unknown error occurred. Please consult the log for more details.
[2020-11-20 17:11:07.662] [renderer1] [error] An unknown error occurred. Please consult the log for more details.
[2020-11-20 17:11:08.749] [renderer1] [error] An unknown error occurred. Please consult the log for more details.
[2020-11-20 17:11:18.368] [renderer1] [error] An unknown error occurred. Please consult the log for more details.
[2020-11-20 17:11:24.968] [renderer1] [error] An unknown error occurred. Please consult the log for more details.
[2020-11-20 17:11:27.246] [renderer1] [error] An unknown error occurred. Please consult the log for more details.
[2020-11-20 17:11:29.016] [renderer1] [error] An unknown error occurred. Please consult the log for more details.
[2020-11-20 17:12:15.319] [renderer1] [error] An unknown error occurred. Please consult the log for more details.
[2020-11-20 17:13:45.663] [renderer1] [error] An unknown error occurred. Please consult the log for more details.
[2020-11-20 17:14:18.195] [renderer1] [error] An unknown error occurred. Please consult the log for more details.
[2020-11-20 17:14:22.302] [renderer1] [error] An unknown error occurred. Please consult the log for more details.
[2020-11-20 17:14:27.237] [renderer1] [error] An unknown error occurred. Please consult the log for more details.
[2020-11-20 17:14:28.907] [renderer1] [error] An unknown error occurred. Please consult the log for more details.
[2020-11-20 17:14:33.890] [renderer1] [error] An unknown error occurred. Please consult the log for more details.
[2020-11-20 17:14:37.902] [renderer1] [error] An unknown error occurred. Please consult the log for more details.
[2020-11-20 17:14:51.993] [renderer1] [error] An unknown error occurred. Please consult the log for more details.
[2020-11-20 17:14:58.201] [renderer1] [error] An unknown error occurred. Please consult the log for more details.
[2020-11-20 17:14:59.962] [renderer1] [error] An unknown error occurred. Please consult the log for more details.
[2020-11-20 17:15:01.118] [renderer1] [error] An unknown error occurred. Please consult the log for more details.
[2020-11-20 17:15:16.443] [renderer1] [error] An unknown error occurred. Please consult the log for more details.
[2020-11-20 17:15:23.088] [renderer1] [error] An unknown error occurred. Please consult the log for more details.
[2020-11-20 17:15:24.117] [renderer1] [error] An unknown error occurred. Please consult the log for more details.
[2020-11-20 17:15:35.778] [renderer1] [error] An unknown error occurred. Please consult the log for more details.
[2020-11-20 17:15:38.215] [renderer1] [error] An unknown error occurred. Please consult the log for more details.
[2020-11-20 17:15:41.917] [renderer1] [error] An unknown error occurred. Please consult the log for more details.
[2020-11-20 17:15:44.194] [renderer1] [error] An unknown error occurred. Please consult the log for more details.
[2020-11-20 17:15:45.618] [renderer1] [error] An unknown error occurred. Please consult the log for more details.
[2020-11-20 17:15:52.584] [renderer1] [error] An unknown error occurred. Please consult the log for more details.
[2020-11-20 17:15:59.781] [renderer1] [error] An unknown error occurred. Please consult the log for more details.
[2020-11-20 17:16:04.338] [renderer1] [error] An unknown error occurred. Please consult the log for more details.
[2020-11-20 17:16:05.986] [renderer1] [error] An unknown error occurred. Please consult the log for more details.
[2020-11-20 17:16:08.127] [renderer1] [error] An unknown error occurred. Please consult the log for more details.
[2020-11-20 17:16:10.916] [renderer1] [error] An unknown error occurred. Please consult the log for more details.
[2020-11-20 17:16:13.866] [renderer1] [error] An unknown error occurred. Please consult the log for more details.
[2020-11-20 17:16:18.964] [renderer1] [error] An unknown error occurred. Please consult the log for more details.
[2020-11-20 17:16:20.777] [renderer1] [error] An unknown error occurred. Please consult the log for more details.
[2020-11-20 17:16:27.002] [renderer1] [error] An unknown error occurred. Please consult the log for more details.
[2020-11-20 17:16:32.019] [renderer1] [error] An unknown error occurred. Please consult the log for more details.
[2020-11-20 17:16:35.642] [renderer1] [error] An unknown error occurred. Please consult the log for more details.
[2020-11-20 17:16:37.878] [renderer1] [error] An unknown error occurred. Please consult the log for more details.
[2020-11-20 17:16:39.823] [renderer1] [error] An unknown error occurred. Please consult the log for more details.
[2020-11-20 17:16:40.893] [renderer1] [error] An unknown error occurred. Please consult the log for more details.
[2020-11-20 17:16:54.418] [renderer1] [error] An unknown error occurred. Please consult the log for more details.
[2020-11-20 17:16:58.584] [renderer1] [error] An unknown error occurred. Please consult the log for more details.
[2020-11-20 17:17:00.870] [renderer1] [error] An unknown error occurred. Please consult the log for more details.
[2020-11-20 17:17:19.459] [renderer1] [error] An unknown error occurred. Please consult the log for more details.
[2020-11-20 17:17:28.204] [renderer1] [error] An unknown error occurred. Please consult the log for more details.
[2020-11-20 17:17:32.487] [renderer1] [error] An unknown error occurred. Please consult the log for more details.
[2020-11-20 17:17:34.655] [renderer1] [error] An unknown error occurred. Please consult the log for more details.
[2020-11-20 17:17:47.128] [renderer1] [error] An unknown error occurred. Please consult the log for more details.
[2020-11-20 17:17:53.846] [renderer1] [error] An unknown error occurred. Please consult the log for more details.
[2020-11-20 17:17:55.719] [renderer1] [error] An unknown error occurred. Please consult the log for more details.
[2020-11-20 17:17:57.767] [renderer1] [error] An unknown error occurred. Please consult the log for more details.
[2020-11-20 17:17:59.048] [renderer1] [error] An unknown error occurred. Please consult the log for more details.
[2020-11-20 17:19:42.541] [renderer1] [error] An unknown error occurred. Please consult the log for more details.
[2020-11-20 17:19:54.985] [renderer1] [error] An unknown error occurred. Please consult the log for more details.
[2020-11-20 17:20:20.141] [renderer1] [error] An unknown error occurred. Please consult the log for more details.
[2020-11-20 17:21:21.184] [renderer1] [error] An unknown error occurred. Please consult the log for more details.
[2020-11-20 17:21:29.431] [renderer1] [error] An unknown error occurred. Please consult the log for more details.
[2020-11-20 17:26:37.455] [renderer1] [error] An unknown error occurred. Please consult the log for more details.
[2020-11-20 17:27:54.153] [renderer1] [error] An unknown error occurred. Please consult the log for more details.
[2020-11-20 17:27:55.752] [renderer1] [error] An unknown error occurred. Please consult the log for more details.
[2020-11-20 17:27:56.812] [renderer1] [error] An unknown error occurred. Please consult the log for more details.
[2020-11-20 17:28:17.354] [renderer1] [error] An unknown error occurred. Please consult the log for more details.
[2020-11-20 17:28:19.130] [renderer1] [error] An unknown error occurred. Please consult the log for more details.
[2020-11-20 17:30:53.493] [renderer1] [error] An unknown error occurred. Please consult the log for more details.
[2020-11-20 17:30:57.115] [renderer1] [error] An unknown error occurred. Please consult the log for more details.
[2020-11-20 17:31:07.482] [renderer1] [error] An unknown error occurred. Please consult the log for more details.
[2020-11-20 17:31:10.979] [renderer1] [error] An unknown error occurred. Please consult the log for more details.
[2020-11-20 17:33:33.106] [renderer1] [error] An unknown error occurred. Please consult the log for more details.
[2020-11-20 17:33:37.163] [renderer1] [error] An unknown error occurred. Please consult the log for more details.
[2020-11-20 17:33:39.473] [renderer1] [error] An unknown error occurred. Please consult the log for more details.
[2020-11-20 17:33:46.493] [renderer1] [error] An unknown error occurred. Please consult the log for more details.
[2020-11-20 17:33:57.032] [renderer1] [error] An unknown error occurred. Please consult the log for more details.
[2020-11-20 17:34:04.237] [renderer1] [error] An unknown error occurred. Please consult the log for more details.
[2020-11-20 17:34:17.345] [renderer1] [error] An unknown error occurred. Please consult the log for more details.
[2020-11-20 17:34:20.420] [renderer1] [error] An unknown error occurred. Please consult the log for more details.
[2020-11-20 17:34:23.802] [renderer1] [error] An unknown error occurred. Please consult the log for more details.
[2020-11-20 17:34:25.249] [renderer1] [error] An unknown error occurred. Please consult the log for more details.
[2020-11-20 17:35:12.215] [renderer1] [error] An unknown error occurred. Please consult the log for more details.
[2020-11-20 17:35:13.296] [renderer1] [error] An unknown error occurred. Please consult the log for more details.
[2020-11-20 17:35:24.845] [renderer1] [error] An unknown error occurred. Please consult the log for more details.
[2020-11-20 17:35:26.478] [renderer1] [error] An unknown error occurred. Please consult the log for more details.
